ARM GAS  /tmp/cc0T4wgr.s 			page 1


   1              		.cpu cortex-m0plus
   2              		.arch armv6s-m
   3              		.fpu softvfp
   4              		.eabi_attribute 20, 1
   5              		.eabi_attribute 21, 1
   6              		.eabi_attribute 23, 3
   7              		.eabi_attribute 24, 1
   8              		.eabi_attribute 25, 1
   9              		.eabi_attribute 26, 1
  10              		.eabi_attribute 30, 2
  11              		.eabi_attribute 34, 0
  12              		.eabi_attribute 18, 4
  13              		.file	"stm32c0xx_hal_rcc_ex.c"
  14              		.text
  15              	.Ltext0:
  16              		.cfi_sections	.debug_frame
  17              		.file 1 "external/drivers/stm32c0xx/src/stm32c0xx_hal_rcc_ex.c"
  18              		.section	.text.HAL_RCCEx_PeriphCLKConfig,"ax",%progbits
  19              		.align	1
  20              		.p2align 2,,3
  21              		.global	HAL_RCCEx_PeriphCLKConfig
  22              		.syntax unified
  23              		.code	16
  24              		.thumb_func
  26              	HAL_RCCEx_PeriphCLKConfig:
  27              	.LVL0:
  28              	.LFB214:
   1:external/drivers/stm32c0xx/src/stm32c0xx_hal_rcc_ex.c **** /**
   2:external/drivers/stm32c0xx/src/stm32c0xx_hal_rcc_ex.c ****   ******************************************************************************
   3:external/drivers/stm32c0xx/src/stm32c0xx_hal_rcc_ex.c ****   * @file    stm32c0xx_hal_rcc_ex.c
   4:external/drivers/stm32c0xx/src/stm32c0xx_hal_rcc_ex.c ****   * @author  MCD Application Team
   5:external/drivers/stm32c0xx/src/stm32c0xx_hal_rcc_ex.c ****   * @brief   Extended RCC HAL module driver.
   6:external/drivers/stm32c0xx/src/stm32c0xx_hal_rcc_ex.c ****   *          This file provides firmware functions to manage the following
   7:external/drivers/stm32c0xx/src/stm32c0xx_hal_rcc_ex.c ****   *          functionalities RCC extended peripheral:
   8:external/drivers/stm32c0xx/src/stm32c0xx_hal_rcc_ex.c ****   *           + Extended Peripheral Control functions
   9:external/drivers/stm32c0xx/src/stm32c0xx_hal_rcc_ex.c ****   *           + Extended Clock management functions
  10:external/drivers/stm32c0xx/src/stm32c0xx_hal_rcc_ex.c ****   *
  11:external/drivers/stm32c0xx/src/stm32c0xx_hal_rcc_ex.c ****   ******************************************************************************
  12:external/drivers/stm32c0xx/src/stm32c0xx_hal_rcc_ex.c ****   * @attention
  13:external/drivers/stm32c0xx/src/stm32c0xx_hal_rcc_ex.c ****   *
  14:external/drivers/stm32c0xx/src/stm32c0xx_hal_rcc_ex.c ****   * Copyright (c) 2022 STMicroelectronics.
  15:external/drivers/stm32c0xx/src/stm32c0xx_hal_rcc_ex.c ****   * All rights reserved.
  16:external/drivers/stm32c0xx/src/stm32c0xx_hal_rcc_ex.c ****   *
  17:external/drivers/stm32c0xx/src/stm32c0xx_hal_rcc_ex.c ****   * This software is licensed under terms that can be found in the LICENSE file
  18:external/drivers/stm32c0xx/src/stm32c0xx_hal_rcc_ex.c ****   * in the root directory of this software component.
  19:external/drivers/stm32c0xx/src/stm32c0xx_hal_rcc_ex.c ****   * If no LICENSE file comes with this software, it is provided AS-IS.
  20:external/drivers/stm32c0xx/src/stm32c0xx_hal_rcc_ex.c ****   *
  21:external/drivers/stm32c0xx/src/stm32c0xx_hal_rcc_ex.c ****   ******************************************************************************
  22:external/drivers/stm32c0xx/src/stm32c0xx_hal_rcc_ex.c ****   */
  23:external/drivers/stm32c0xx/src/stm32c0xx_hal_rcc_ex.c **** 
  24:external/drivers/stm32c0xx/src/stm32c0xx_hal_rcc_ex.c **** /* Includes ------------------------------------------------------------------*/
  25:external/drivers/stm32c0xx/src/stm32c0xx_hal_rcc_ex.c **** #include "stm32c0xx_hal.h"
  26:external/drivers/stm32c0xx/src/stm32c0xx_hal_rcc_ex.c **** 
  27:external/drivers/stm32c0xx/src/stm32c0xx_hal_rcc_ex.c **** /** @addtogroup STM32C0xx_HAL_Driver
  28:external/drivers/stm32c0xx/src/stm32c0xx_hal_rcc_ex.c ****   * @{
  29:external/drivers/stm32c0xx/src/stm32c0xx_hal_rcc_ex.c ****   */
  30:external/drivers/stm32c0xx/src/stm32c0xx_hal_rcc_ex.c **** 
ARM GAS  /tmp/cc0T4wgr.s 			page 2


  31:external/drivers/stm32c0xx/src/stm32c0xx_hal_rcc_ex.c **** /** @defgroup RCCEx RCCEx
  32:external/drivers/stm32c0xx/src/stm32c0xx_hal_rcc_ex.c ****   * @brief RCC Extended HAL module driver
  33:external/drivers/stm32c0xx/src/stm32c0xx_hal_rcc_ex.c ****   * @{
  34:external/drivers/stm32c0xx/src/stm32c0xx_hal_rcc_ex.c ****   */
  35:external/drivers/stm32c0xx/src/stm32c0xx_hal_rcc_ex.c **** 
  36:external/drivers/stm32c0xx/src/stm32c0xx_hal_rcc_ex.c **** #ifdef HAL_RCC_MODULE_ENABLED
  37:external/drivers/stm32c0xx/src/stm32c0xx_hal_rcc_ex.c **** 
  38:external/drivers/stm32c0xx/src/stm32c0xx_hal_rcc_ex.c **** /* Private typedef -----------------------------------------------------------*/
  39:external/drivers/stm32c0xx/src/stm32c0xx_hal_rcc_ex.c **** /* Private defines -----------------------------------------------------------*/
  40:external/drivers/stm32c0xx/src/stm32c0xx_hal_rcc_ex.c **** /** @defgroup RCCEx_Private_Constants RCCEx Private Constants
  41:external/drivers/stm32c0xx/src/stm32c0xx_hal_rcc_ex.c ****   * @{
  42:external/drivers/stm32c0xx/src/stm32c0xx_hal_rcc_ex.c ****   */
  43:external/drivers/stm32c0xx/src/stm32c0xx_hal_rcc_ex.c **** #define LSCO_CLK_ENABLE()     __HAL_RCC_GPIOA_CLK_ENABLE()
  44:external/drivers/stm32c0xx/src/stm32c0xx_hal_rcc_ex.c **** #define LSCO_GPIO_PORT        GPIOA
  45:external/drivers/stm32c0xx/src/stm32c0xx_hal_rcc_ex.c **** #define LSCO_PIN              GPIO_PIN_2
  46:external/drivers/stm32c0xx/src/stm32c0xx_hal_rcc_ex.c **** /**
  47:external/drivers/stm32c0xx/src/stm32c0xx_hal_rcc_ex.c ****   * @}
  48:external/drivers/stm32c0xx/src/stm32c0xx_hal_rcc_ex.c ****   */
  49:external/drivers/stm32c0xx/src/stm32c0xx_hal_rcc_ex.c **** 
  50:external/drivers/stm32c0xx/src/stm32c0xx_hal_rcc_ex.c **** /* Private macros ------------------------------------------------------------*/
  51:external/drivers/stm32c0xx/src/stm32c0xx_hal_rcc_ex.c **** /* Private variables ---------------------------------------------------------*/
  52:external/drivers/stm32c0xx/src/stm32c0xx_hal_rcc_ex.c **** /* Private function prototypes -----------------------------------------------*/
  53:external/drivers/stm32c0xx/src/stm32c0xx_hal_rcc_ex.c **** /* Exported functions --------------------------------------------------------*/
  54:external/drivers/stm32c0xx/src/stm32c0xx_hal_rcc_ex.c **** 
  55:external/drivers/stm32c0xx/src/stm32c0xx_hal_rcc_ex.c **** /** @defgroup RCCEx_Exported_Functions RCCEx Exported Functions
  56:external/drivers/stm32c0xx/src/stm32c0xx_hal_rcc_ex.c ****   * @{
  57:external/drivers/stm32c0xx/src/stm32c0xx_hal_rcc_ex.c ****   */
  58:external/drivers/stm32c0xx/src/stm32c0xx_hal_rcc_ex.c **** 
  59:external/drivers/stm32c0xx/src/stm32c0xx_hal_rcc_ex.c **** /** @defgroup RCCEx_Exported_Functions_Group1 Extended Peripheral Control functions
  60:external/drivers/stm32c0xx/src/stm32c0xx_hal_rcc_ex.c ****   *  @brief  Extended Peripheral Control functions
  61:external/drivers/stm32c0xx/src/stm32c0xx_hal_rcc_ex.c ****   *
  62:external/drivers/stm32c0xx/src/stm32c0xx_hal_rcc_ex.c **** @verbatim
  63:external/drivers/stm32c0xx/src/stm32c0xx_hal_rcc_ex.c ****  ===============================================================================
  64:external/drivers/stm32c0xx/src/stm32c0xx_hal_rcc_ex.c ****                 ##### Extended Peripheral Control functions  #####
  65:external/drivers/stm32c0xx/src/stm32c0xx_hal_rcc_ex.c ****  ===============================================================================
  66:external/drivers/stm32c0xx/src/stm32c0xx_hal_rcc_ex.c ****     [..]
  67:external/drivers/stm32c0xx/src/stm32c0xx_hal_rcc_ex.c ****     This subsection provides a set of functions allowing to control the RCC Clocks
  68:external/drivers/stm32c0xx/src/stm32c0xx_hal_rcc_ex.c ****     frequencies.
  69:external/drivers/stm32c0xx/src/stm32c0xx_hal_rcc_ex.c ****     [..]
  70:external/drivers/stm32c0xx/src/stm32c0xx_hal_rcc_ex.c ****     (@) Important note: Care must be taken when @ref HAL_RCCEx_PeriphCLKConfig() is used to
  71:external/drivers/stm32c0xx/src/stm32c0xx_hal_rcc_ex.c ****         select the RTC clock source; as consequence RTC registers and RCC_CSR1 register are
  72:external/drivers/stm32c0xx/src/stm32c0xx_hal_rcc_ex.c ****         set to their reset values.
  73:external/drivers/stm32c0xx/src/stm32c0xx_hal_rcc_ex.c **** 
  74:external/drivers/stm32c0xx/src/stm32c0xx_hal_rcc_ex.c **** @endverbatim
  75:external/drivers/stm32c0xx/src/stm32c0xx_hal_rcc_ex.c ****   * @{
  76:external/drivers/stm32c0xx/src/stm32c0xx_hal_rcc_ex.c ****   */
  77:external/drivers/stm32c0xx/src/stm32c0xx_hal_rcc_ex.c **** /**
  78:external/drivers/stm32c0xx/src/stm32c0xx_hal_rcc_ex.c ****   * @brief  Initialize the RCC extended peripherals clocks according to the specified
  79:external/drivers/stm32c0xx/src/stm32c0xx_hal_rcc_ex.c ****   *         parameters in the @ref RCC_PeriphCLKInitTypeDef.
  80:external/drivers/stm32c0xx/src/stm32c0xx_hal_rcc_ex.c ****   * @param  PeriphClkInit  pointer to a @ref RCC_PeriphCLKInitTypeDef structure that
  81:external/drivers/stm32c0xx/src/stm32c0xx_hal_rcc_ex.c ****   *         contains a field PeriphClockSelection which can be a combination of the following value
  82:external/drivers/stm32c0xx/src/stm32c0xx_hal_rcc_ex.c ****   *            @arg @ref RCC_PERIPHCLK_RTC  RTC peripheral clock
  83:external/drivers/stm32c0xx/src/stm32c0xx_hal_rcc_ex.c ****   *            @arg @ref RCC_PERIPHCLK_ADC    ADC peripheral clock
  84:external/drivers/stm32c0xx/src/stm32c0xx_hal_rcc_ex.c ****   *            @arg @ref RCC_PERIPHCLK_I2C1   I2C1 peripheral clock
  85:external/drivers/stm32c0xx/src/stm32c0xx_hal_rcc_ex.c ****   *            @arg @ref RCC_PERIPHCLK_I2S1   I2S1 peripheral clock
  86:external/drivers/stm32c0xx/src/stm32c0xx_hal_rcc_ex.c ****   *            @arg @ref RCC_PERIPHCLK_USART1 USART1 peripheral clock
  87:external/drivers/stm32c0xx/src/stm32c0xx_hal_rcc_ex.c ****   * @note   Care must be taken when @ref HAL_RCCEx_PeriphCLKConfig() is used to select
ARM GAS  /tmp/cc0T4wgr.s 			page 3


  88:external/drivers/stm32c0xx/src/stm32c0xx_hal_rcc_ex.c ****   *         the RTC clock source: in this case the access to RTC domain is enabled.
  89:external/drivers/stm32c0xx/src/stm32c0xx_hal_rcc_ex.c ****   *
  90:external/drivers/stm32c0xx/src/stm32c0xx_hal_rcc_ex.c ****   * @retval HAL status
  91:external/drivers/stm32c0xx/src/stm32c0xx_hal_rcc_ex.c ****   */
  92:external/drivers/stm32c0xx/src/stm32c0xx_hal_rcc_ex.c **** HAL_StatusTypeDef HAL_RCCEx_PeriphCLKConfig(const RCC_PeriphCLKInitTypeDef  *PeriphClkInit)
  93:external/drivers/stm32c0xx/src/stm32c0xx_hal_rcc_ex.c **** {
  29              		.loc 1 93 1 view -0
  30              		.cfi_startproc
  31              		@ args = 0, pretend = 0, frame = 8
  32              		@ frame_needed = 0, uses_anonymous_args = 0
  94:external/drivers/stm32c0xx/src/stm32c0xx_hal_rcc_ex.c ****   uint32_t tmpregister;
  33              		.loc 1 94 3 view .LVU1
  95:external/drivers/stm32c0xx/src/stm32c0xx_hal_rcc_ex.c ****   uint32_t tickstart;
  34              		.loc 1 95 3 view .LVU2
  96:external/drivers/stm32c0xx/src/stm32c0xx_hal_rcc_ex.c ****   HAL_StatusTypeDef ret    = HAL_OK;   /* Intermediate status */
  35              		.loc 1 96 3 view .LVU3
  97:external/drivers/stm32c0xx/src/stm32c0xx_hal_rcc_ex.c ****   HAL_StatusTypeDef status = HAL_OK;   /* Final status */
  36              		.loc 1 97 3 view .LVU4
  98:external/drivers/stm32c0xx/src/stm32c0xx_hal_rcc_ex.c **** 
  99:external/drivers/stm32c0xx/src/stm32c0xx_hal_rcc_ex.c ****   /* Check the parameters */
 100:external/drivers/stm32c0xx/src/stm32c0xx_hal_rcc_ex.c ****   assert_param(IS_RCC_PERIPHCLOCK(PeriphClkInit->PeriphClockSelection));
  37              		.loc 1 100 3 view .LVU5
 101:external/drivers/stm32c0xx/src/stm32c0xx_hal_rcc_ex.c **** 
 102:external/drivers/stm32c0xx/src/stm32c0xx_hal_rcc_ex.c ****   /*-------------------------- RTC clock source configuration ----------------------*/
 103:external/drivers/stm32c0xx/src/stm32c0xx_hal_rcc_ex.c ****   if ((PeriphClkInit->PeriphClockSelection & RCC_PERIPHCLK_RTC) == RCC_PERIPHCLK_RTC)
  38              		.loc 1 103 3 view .LVU6
  93:external/drivers/stm32c0xx/src/stm32c0xx_hal_rcc_ex.c ****   uint32_t tmpregister;
  39              		.loc 1 93 1 is_stmt 0 view .LVU7
  40 0000 F0B5     		push	{r4, r5, r6, r7, lr}
  41              	.LCFI0:
  42              		.cfi_def_cfa_offset 20
  43              		.cfi_offset 4, -20
  44              		.cfi_offset 5, -16
  45              		.cfi_offset 6, -12
  46              		.cfi_offset 7, -8
  47              		.cfi_offset 14, -4
  48 0002 CE46     		mov	lr, r9
  49 0004 4746     		mov	r7, r8
  50 0006 80B5     		push	{r7, lr}
  51              	.LCFI1:
  52              		.cfi_def_cfa_offset 28
  53              		.cfi_offset 8, -28
  54              		.cfi_offset 9, -24
  55              		.loc 1 103 21 view .LVU8
  56 0008 0368     		ldr	r3, [r0]
  93:external/drivers/stm32c0xx/src/stm32c0xx_hal_rcc_ex.c ****   uint32_t tmpregister;
  57              		.loc 1 93 1 view .LVU9
  58 000a 0400     		movs	r4, r0
  59 000c 83B0     		sub	sp, sp, #12
  60              	.LCFI2:
  61              		.cfi_def_cfa_offset 40
  97:external/drivers/stm32c0xx/src/stm32c0xx_hal_rcc_ex.c **** 
  62              		.loc 1 97 21 view .LVU10
  63 000e 0020     		movs	r0, #0
  64              	.LVL1:
  65              		.loc 1 103 6 view .LVU11
  66 0010 9A03     		lsls	r2, r3, #14
ARM GAS  /tmp/cc0T4wgr.s 			page 4


  67 0012 3CD5     		bpl	.L2
  68              	.LBB2:
 104:external/drivers/stm32c0xx/src/stm32c0xx_hal_rcc_ex.c ****   {
 105:external/drivers/stm32c0xx/src/stm32c0xx_hal_rcc_ex.c ****     FlagStatus       pwrclkchanged = RESET;
  69              		.loc 1 105 5 is_stmt 1 view .LVU12
  70              	.LVL2:
 106:external/drivers/stm32c0xx/src/stm32c0xx_hal_rcc_ex.c **** 
 107:external/drivers/stm32c0xx/src/stm32c0xx_hal_rcc_ex.c ****     /* Check for RTC Parameters used to output RTCCLK */
 108:external/drivers/stm32c0xx/src/stm32c0xx_hal_rcc_ex.c ****     assert_param(IS_RCC_RTCCLKSOURCE(PeriphClkInit->RTCClockSelection));
  71              		.loc 1 108 5 view .LVU13
 109:external/drivers/stm32c0xx/src/stm32c0xx_hal_rcc_ex.c **** 
 110:external/drivers/stm32c0xx/src/stm32c0xx_hal_rcc_ex.c ****     /* Enable Power Clock */
 111:external/drivers/stm32c0xx/src/stm32c0xx_hal_rcc_ex.c ****     if (__HAL_RCC_PWR_IS_CLK_DISABLED())
  72              		.loc 1 111 5 view .LVU14
  73              		.loc 1 111 9 is_stmt 0 view .LVU15
  74 0014 8021     		movs	r1, #128
 105:external/drivers/stm32c0xx/src/stm32c0xx_hal_rcc_ex.c **** 
  75              		.loc 1 105 22 view .LVU16
  76 0016 0025     		movs	r5, #0
  77              		.loc 1 111 9 view .LVU17
  78 0018 3F4A     		ldr	r2, .L47
  79 001a 4905     		lsls	r1, r1, #21
  80 001c D06B     		ldr	r0, [r2, #60]
 105:external/drivers/stm32c0xx/src/stm32c0xx_hal_rcc_ex.c **** 
  81              		.loc 1 105 22 view .LVU18
  82 001e A846     		mov	r8, r5
  83              		.loc 1 111 8 view .LVU19
  84 0020 0842     		tst	r0, r1
  85 0022 66D0     		beq	.L45
  86              	.LVL3:
  87              	.L3:
 112:external/drivers/stm32c0xx/src/stm32c0xx_hal_rcc_ex.c ****     {
 113:external/drivers/stm32c0xx/src/stm32c0xx_hal_rcc_ex.c ****       __HAL_RCC_PWR_CLK_ENABLE();
 114:external/drivers/stm32c0xx/src/stm32c0xx_hal_rcc_ex.c ****       pwrclkchanged = SET;
 115:external/drivers/stm32c0xx/src/stm32c0xx_hal_rcc_ex.c ****     }
 116:external/drivers/stm32c0xx/src/stm32c0xx_hal_rcc_ex.c **** 
 117:external/drivers/stm32c0xx/src/stm32c0xx_hal_rcc_ex.c **** 
 118:external/drivers/stm32c0xx/src/stm32c0xx_hal_rcc_ex.c ****     /* Reset the RTC domain only if the RTC Clock source selection is modified from default */
 119:external/drivers/stm32c0xx/src/stm32c0xx_hal_rcc_ex.c ****     tmpregister = READ_BIT(RCC->CSR1, RCC_CSR1_RTCSEL);
  88              		.loc 1 119 5 is_stmt 1 view .LVU20
  89              		.loc 1 119 19 is_stmt 0 view .LVU21
  90 0024 3C4D     		ldr	r5, .L47
  91              		.loc 1 119 17 view .LVU22
  92 0026 C022     		movs	r2, #192
  93              		.loc 1 119 19 view .LVU23
  94 0028 E96D     		ldr	r1, [r5, #92]
  95              		.loc 1 119 17 view .LVU24
  96 002a 9200     		lsls	r2, r2, #2
  97 002c 0E00     		movs	r6, r1
 120:external/drivers/stm32c0xx/src/stm32c0xx_hal_rcc_ex.c **** 
 121:external/drivers/stm32c0xx/src/stm32c0xx_hal_rcc_ex.c ****     /* Reset the RTC domain only if the RTC Clock source selection is modified */
 122:external/drivers/stm32c0xx/src/stm32c0xx_hal_rcc_ex.c ****     if ((tmpregister != RCC_RTCCLKSOURCE_NONE) && (tmpregister != PeriphClkInit->RTCClockSelection)
  98              		.loc 1 122 80 view .LVU25
  99 002e A069     		ldr	r0, [r4, #24]
 119:external/drivers/stm32c0xx/src/stm32c0xx_hal_rcc_ex.c **** 
 100              		.loc 1 119 17 view .LVU26
 101 0030 1640     		ands	r6, r2
ARM GAS  /tmp/cc0T4wgr.s 			page 5


 102              	.LVL4:
 103              		.loc 1 122 5 is_stmt 1 view .LVU27
 104              		.loc 1 122 8 is_stmt 0 view .LVU28
 105 0032 1142     		tst	r1, r2
 106 0034 21D0     		beq	.L5
 107              		.loc 1 122 48 discriminator 1 view .LVU29
 108 0036 B042     		cmp	r0, r6
 109 0038 1FD0     		beq	.L5
 123:external/drivers/stm32c0xx/src/stm32c0xx_hal_rcc_ex.c ****     {
 124:external/drivers/stm32c0xx/src/stm32c0xx_hal_rcc_ex.c ****       /* Store the content of CSR1 register before the reset of RTC Domain */
 125:external/drivers/stm32c0xx/src/stm32c0xx_hal_rcc_ex.c ****       tmpregister = READ_BIT(RCC->CSR1, ~(RCC_CSR1_RTCSEL));
 110              		.loc 1 125 7 is_stmt 1 view .LVU30
 126:external/drivers/stm32c0xx/src/stm32c0xx_hal_rcc_ex.c ****       /* RTC Clock selection can be changed only if the RTC Domain is reset */
 127:external/drivers/stm32c0xx/src/stm32c0xx_hal_rcc_ex.c ****       __HAL_RCC_BACKUPRESET_FORCE();
 111              		.loc 1 127 7 is_stmt 0 view .LVU31
 112 003a 8026     		movs	r6, #128
 113              	.LVL5:
 125:external/drivers/stm32c0xx/src/stm32c0xx_hal_rcc_ex.c ****       /* RTC Clock selection can be changed only if the RTC Domain is reset */
 114              		.loc 1 125 21 view .LVU32
 115 003c EA6D     		ldr	r2, [r5, #92]
 116              	.LVL6:
 117              		.loc 1 127 7 view .LVU33
 118 003e EF6D     		ldr	r7, [r5, #92]
 119 0040 7602     		lsls	r6, r6, #9
 120 0042 3E43     		orrs	r6, r7
 121 0044 EE65     		str	r6, [r5, #92]
 128:external/drivers/stm32c0xx/src/stm32c0xx_hal_rcc_ex.c ****       __HAL_RCC_BACKUPRESET_RELEASE();
 122              		.loc 1 128 7 view .LVU34
 123 0046 EE6D     		ldr	r6, [r5, #92]
 125:external/drivers/stm32c0xx/src/stm32c0xx_hal_rcc_ex.c ****       /* RTC Clock selection can be changed only if the RTC Domain is reset */
 124              		.loc 1 125 19 view .LVU35
 125 0048 3449     		ldr	r1, .L47+4
 126              	.LVL7:
 127              		.loc 1 128 7 view .LVU36
 128 004a 354F     		ldr	r7, .L47+8
 125:external/drivers/stm32c0xx/src/stm32c0xx_hal_rcc_ex.c ****       /* RTC Clock selection can be changed only if the RTC Domain is reset */
 129              		.loc 1 125 19 view .LVU37
 130 004c 1140     		ands	r1, r2
 131              	.LVL8:
 127:external/drivers/stm32c0xx/src/stm32c0xx_hal_rcc_ex.c ****       __HAL_RCC_BACKUPRESET_RELEASE();
 132              		.loc 1 127 7 is_stmt 1 view .LVU38
 133              		.loc 1 128 7 view .LVU39
 134 004e 3E40     		ands	r6, r7
 135 0050 EE65     		str	r6, [r5, #92]
 129:external/drivers/stm32c0xx/src/stm32c0xx_hal_rcc_ex.c ****       /* Restore the Content of CSR1 register */
 130:external/drivers/stm32c0xx/src/stm32c0xx_hal_rcc_ex.c ****       RCC->CSR1 = tmpregister;
 136              		.loc 1 130 7 view .LVU40
 137              		.loc 1 130 17 is_stmt 0 view .LVU41
 138 0052 E965     		str	r1, [r5, #92]
 139              	.LVL9:
 131:external/drivers/stm32c0xx/src/stm32c0xx_hal_rcc_ex.c ****     }
 132:external/drivers/stm32c0xx/src/stm32c0xx_hal_rcc_ex.c **** 
 133:external/drivers/stm32c0xx/src/stm32c0xx_hal_rcc_ex.c ****     /* Wait for LSE reactivation if LSE was enable prior to RTC Domain reset */
 134:external/drivers/stm32c0xx/src/stm32c0xx_hal_rcc_ex.c ****     if (HAL_IS_BIT_SET(tmpregister, RCC_CSR1_LSEON))
 140              		.loc 1 134 5 is_stmt 1 view .LVU42
 141              		.loc 1 134 8 is_stmt 0 view .LVU43
 142 0054 D207     		lsls	r2, r2, #31
ARM GAS  /tmp/cc0T4wgr.s 			page 6


 143 0056 10D5     		bpl	.L5
 135:external/drivers/stm32c0xx/src/stm32c0xx_hal_rcc_ex.c ****     {
 136:external/drivers/stm32c0xx/src/stm32c0xx_hal_rcc_ex.c ****       /* Get Start Tick*/
 137:external/drivers/stm32c0xx/src/stm32c0xx_hal_rcc_ex.c ****       tickstart = HAL_GetTick();
 144              		.loc 1 137 7 is_stmt 1 view .LVU44
 145              		.loc 1 137 19 is_stmt 0 view .LVU45
 146 0058 FFF7FEFF 		bl	HAL_GetTick
 147              	.LVL10:
 138:external/drivers/stm32c0xx/src/stm32c0xx_hal_rcc_ex.c **** 
 139:external/drivers/stm32c0xx/src/stm32c0xx_hal_rcc_ex.c ****       /* Wait till LSE is ready */
 140:external/drivers/stm32c0xx/src/stm32c0xx_hal_rcc_ex.c ****       while (READ_BIT(RCC->CSR1, RCC_CSR1_LSERDY) == 0U)
 141:external/drivers/stm32c0xx/src/stm32c0xx_hal_rcc_ex.c ****       {
 142:external/drivers/stm32c0xx/src/stm32c0xx_hal_rcc_ex.c ****         if ((HAL_GetTick() - tickstart) > RCC_LSE_TIMEOUT_VALUE)
 148              		.loc 1 142 12 view .LVU46
 149 005c 314B     		ldr	r3, .L47+12
 137:external/drivers/stm32c0xx/src/stm32c0xx_hal_rcc_ex.c **** 
 150              		.loc 1 137 19 view .LVU47
 151 005e 0600     		movs	r6, r0
 152              	.LVL11:
 140:external/drivers/stm32c0xx/src/stm32c0xx_hal_rcc_ex.c ****       {
 153              		.loc 1 140 7 is_stmt 1 view .LVU48
 140:external/drivers/stm32c0xx/src/stm32c0xx_hal_rcc_ex.c ****       {
 154              		.loc 1 140 14 is_stmt 0 view .LVU49
 155 0060 0227     		movs	r7, #2
 156              		.loc 1 142 12 view .LVU50
 157 0062 9946     		mov	r9, r3
 140:external/drivers/stm32c0xx/src/stm32c0xx_hal_rcc_ex.c ****       {
 158              		.loc 1 140 13 view .LVU51
 159 0064 04E0     		b	.L7
 160              	.LVL12:
 161              	.L9:
 162              		.loc 1 142 9 is_stmt 1 view .LVU52
 163              		.loc 1 142 14 is_stmt 0 view .LVU53
 164 0066 FFF7FEFF 		bl	HAL_GetTick
 165              	.LVL13:
 166              		.loc 1 142 28 view .LVU54
 167 006a 801B     		subs	r0, r0, r6
 168              		.loc 1 142 12 view .LVU55
 169 006c 4845     		cmp	r0, r9
 170 006e 50D8     		bhi	.L8
 171              	.L7:
 140:external/drivers/stm32c0xx/src/stm32c0xx_hal_rcc_ex.c ****       {
 172              		.loc 1 140 51 is_stmt 1 view .LVU56
 140:external/drivers/stm32c0xx/src/stm32c0xx_hal_rcc_ex.c ****       {
 173              		.loc 1 140 14 is_stmt 0 view .LVU57
 174 0070 EB6D     		ldr	r3, [r5, #92]
 140:external/drivers/stm32c0xx/src/stm32c0xx_hal_rcc_ex.c ****       {
 175              		.loc 1 140 51 view .LVU58
 176 0072 1F42     		tst	r7, r3
 177 0074 F7D0     		beq	.L9
 143:external/drivers/stm32c0xx/src/stm32c0xx_hal_rcc_ex.c ****         {
 144:external/drivers/stm32c0xx/src/stm32c0xx_hal_rcc_ex.c ****           ret = HAL_TIMEOUT;
 145:external/drivers/stm32c0xx/src/stm32c0xx_hal_rcc_ex.c ****           break;
 146:external/drivers/stm32c0xx/src/stm32c0xx_hal_rcc_ex.c ****         }
 147:external/drivers/stm32c0xx/src/stm32c0xx_hal_rcc_ex.c ****       }
 148:external/drivers/stm32c0xx/src/stm32c0xx_hal_rcc_ex.c ****     }
 149:external/drivers/stm32c0xx/src/stm32c0xx_hal_rcc_ex.c **** 
ARM GAS  /tmp/cc0T4wgr.s 			page 7


 150:external/drivers/stm32c0xx/src/stm32c0xx_hal_rcc_ex.c ****     if (ret == HAL_OK)
 178              		.loc 1 150 5 is_stmt 1 view .LVU59
 151:external/drivers/stm32c0xx/src/stm32c0xx_hal_rcc_ex.c ****     {
 152:external/drivers/stm32c0xx/src/stm32c0xx_hal_rcc_ex.c ****       /* Apply new RTC clock source selection */
 153:external/drivers/stm32c0xx/src/stm32c0xx_hal_rcc_ex.c ****       __HAL_RCC_RTC_CONFIG(PeriphClkInit->RTCClockSelection);
 179              		.loc 1 153 7 is_stmt 0 view .LVU60
 180 0076 A069     		ldr	r0, [r4, #24]
 181              	.LBE2:
 154:external/drivers/stm32c0xx/src/stm32c0xx_hal_rcc_ex.c ****     }
 155:external/drivers/stm32c0xx/src/stm32c0xx_hal_rcc_ex.c ****     else
 156:external/drivers/stm32c0xx/src/stm32c0xx_hal_rcc_ex.c ****     {
 157:external/drivers/stm32c0xx/src/stm32c0xx_hal_rcc_ex.c ****       /* set overall return value */
 158:external/drivers/stm32c0xx/src/stm32c0xx_hal_rcc_ex.c ****       status = ret;
 159:external/drivers/stm32c0xx/src/stm32c0xx_hal_rcc_ex.c ****     }
 160:external/drivers/stm32c0xx/src/stm32c0xx_hal_rcc_ex.c **** 
 161:external/drivers/stm32c0xx/src/stm32c0xx_hal_rcc_ex.c ****     /* Restore clock configuration if changed */
 162:external/drivers/stm32c0xx/src/stm32c0xx_hal_rcc_ex.c ****     if (pwrclkchanged == SET)
 163:external/drivers/stm32c0xx/src/stm32c0xx_hal_rcc_ex.c ****     {
 164:external/drivers/stm32c0xx/src/stm32c0xx_hal_rcc_ex.c ****       __HAL_RCC_PWR_CLK_DISABLE();
 165:external/drivers/stm32c0xx/src/stm32c0xx_hal_rcc_ex.c ****     }
 166:external/drivers/stm32c0xx/src/stm32c0xx_hal_rcc_ex.c ****   }
 167:external/drivers/stm32c0xx/src/stm32c0xx_hal_rcc_ex.c **** 
 168:external/drivers/stm32c0xx/src/stm32c0xx_hal_rcc_ex.c ****   /*-------------------------- USART1 clock source configuration -------------------*/
 169:external/drivers/stm32c0xx/src/stm32c0xx_hal_rcc_ex.c ****   if (((PeriphClkInit->PeriphClockSelection) & RCC_PERIPHCLK_USART1) == RCC_PERIPHCLK_USART1)
 182              		.loc 1 169 22 view .LVU61
 183 0078 2368     		ldr	r3, [r4]
 184              	.LVL14:
 185              	.L5:
 186              	.LBB4:
 153:external/drivers/stm32c0xx/src/stm32c0xx_hal_rcc_ex.c ****     }
 187              		.loc 1 153 7 is_stmt 1 view .LVU62
 188 007a 2749     		ldr	r1, .L47
 189 007c 274D     		ldr	r5, .L47+4
 190 007e CA6D     		ldr	r2, [r1, #92]
 191 0080 2A40     		ands	r2, r5
 192 0082 0243     		orrs	r2, r0
 193              	.LBE4:
  97:external/drivers/stm32c0xx/src/stm32c0xx_hal_rcc_ex.c **** 
 194              		.loc 1 97 21 is_stmt 0 view .LVU63
 195 0084 0020     		movs	r0, #0
 196              	.LBB5:
 153:external/drivers/stm32c0xx/src/stm32c0xx_hal_rcc_ex.c ****     }
 197              		.loc 1 153 7 view .LVU64
 198 0086 CA65     		str	r2, [r1, #92]
 199              	.L17:
 200              	.LVL15:
 162:external/drivers/stm32c0xx/src/stm32c0xx_hal_rcc_ex.c ****     {
 201              		.loc 1 162 5 is_stmt 1 view .LVU65
 162:external/drivers/stm32c0xx/src/stm32c0xx_hal_rcc_ex.c ****     {
 202              		.loc 1 162 8 is_stmt 0 view .LVU66
 203 0088 4246     		mov	r2, r8
 204 008a 012A     		cmp	r2, #1
 205 008c 3BD0     		beq	.L46
 206              	.LVL16:
 207              	.L2:
 162:external/drivers/stm32c0xx/src/stm32c0xx_hal_rcc_ex.c ****     {
 208              		.loc 1 162 8 view .LVU67
ARM GAS  /tmp/cc0T4wgr.s 			page 8


 209              	.LBE5:
 210              		.loc 1 169 3 is_stmt 1 view .LVU68
 211              		.loc 1 169 6 is_stmt 0 view .LVU69
 212 008e DA07     		lsls	r2, r3, #31
 213 0090 06D5     		bpl	.L12
 170:external/drivers/stm32c0xx/src/stm32c0xx_hal_rcc_ex.c ****   {
 171:external/drivers/stm32c0xx/src/stm32c0xx_hal_rcc_ex.c ****     /* Check the parameters */
 172:external/drivers/stm32c0xx/src/stm32c0xx_hal_rcc_ex.c ****     assert_param(IS_RCC_USART1CLKSOURCE(PeriphClkInit->Usart1ClockSelection));
 214              		.loc 1 172 5 is_stmt 1 view .LVU70
 173:external/drivers/stm32c0xx/src/stm32c0xx_hal_rcc_ex.c **** 
 174:external/drivers/stm32c0xx/src/stm32c0xx_hal_rcc_ex.c ****     /* Configure the USART1 clock source */
 175:external/drivers/stm32c0xx/src/stm32c0xx_hal_rcc_ex.c ****     __HAL_RCC_USART1_CONFIG(PeriphClkInit->Usart1ClockSelection);
 215              		.loc 1 175 5 view .LVU71
 216 0092 0325     		movs	r5, #3
 217 0094 2049     		ldr	r1, .L47
 218 0096 4A6D     		ldr	r2, [r1, #84]
 219 0098 AA43     		bics	r2, r5
 220 009a A568     		ldr	r5, [r4, #8]
 221 009c 2A43     		orrs	r2, r5
 222 009e 4A65     		str	r2, [r1, #84]
 223              	.L12:
 176:external/drivers/stm32c0xx/src/stm32c0xx_hal_rcc_ex.c ****   }
 177:external/drivers/stm32c0xx/src/stm32c0xx_hal_rcc_ex.c **** 
 178:external/drivers/stm32c0xx/src/stm32c0xx_hal_rcc_ex.c ****   /*-------------------------- I2C1 clock source configuration ---------------------*/
 179:external/drivers/stm32c0xx/src/stm32c0xx_hal_rcc_ex.c ****   if (((PeriphClkInit->PeriphClockSelection) & RCC_PERIPHCLK_I2C1) == RCC_PERIPHCLK_I2C1)
 224              		.loc 1 179 3 view .LVU72
 225              		.loc 1 179 6 is_stmt 0 view .LVU73
 226 00a0 5A06     		lsls	r2, r3, #25
 227 00a2 06D5     		bpl	.L13
 180:external/drivers/stm32c0xx/src/stm32c0xx_hal_rcc_ex.c ****   {
 181:external/drivers/stm32c0xx/src/stm32c0xx_hal_rcc_ex.c ****     /* Check the parameters */
 182:external/drivers/stm32c0xx/src/stm32c0xx_hal_rcc_ex.c ****     assert_param(IS_RCC_I2C1CLKSOURCE(PeriphClkInit->I2c1ClockSelection));
 228              		.loc 1 182 5 is_stmt 1 view .LVU74
 183:external/drivers/stm32c0xx/src/stm32c0xx_hal_rcc_ex.c **** 
 184:external/drivers/stm32c0xx/src/stm32c0xx_hal_rcc_ex.c ****     /* Configure the I2C1 clock source */
 185:external/drivers/stm32c0xx/src/stm32c0xx_hal_rcc_ex.c ****     __HAL_RCC_I2C1_CONFIG(PeriphClkInit->I2c1ClockSelection);
 229              		.loc 1 185 5 view .LVU75
 230 00a4 1C49     		ldr	r1, .L47
 231 00a6 204D     		ldr	r5, .L47+16
 232 00a8 4A6D     		ldr	r2, [r1, #84]
 233 00aa 2A40     		ands	r2, r5
 234 00ac E568     		ldr	r5, [r4, #12]
 235 00ae 2A43     		orrs	r2, r5
 236 00b0 4A65     		str	r2, [r1, #84]
 237              	.L13:
 186:external/drivers/stm32c0xx/src/stm32c0xx_hal_rcc_ex.c ****   }
 187:external/drivers/stm32c0xx/src/stm32c0xx_hal_rcc_ex.c **** 
 188:external/drivers/stm32c0xx/src/stm32c0xx_hal_rcc_ex.c ****   /*-------------------------- ADC clock source configuration ----------------------*/
 189:external/drivers/stm32c0xx/src/stm32c0xx_hal_rcc_ex.c ****   if (((PeriphClkInit->PeriphClockSelection) & RCC_PERIPHCLK_ADC) == RCC_PERIPHCLK_ADC)
 238              		.loc 1 189 3 view .LVU76
 239              		.loc 1 189 6 is_stmt 0 view .LVU77
 240 00b2 5A04     		lsls	r2, r3, #17
 241 00b4 06D5     		bpl	.L14
 190:external/drivers/stm32c0xx/src/stm32c0xx_hal_rcc_ex.c ****   {
 191:external/drivers/stm32c0xx/src/stm32c0xx_hal_rcc_ex.c ****     /* Check the parameters */
 192:external/drivers/stm32c0xx/src/stm32c0xx_hal_rcc_ex.c ****     assert_param(IS_RCC_ADCCLKSOURCE(PeriphClkInit->AdcClockSelection));
 242              		.loc 1 192 5 is_stmt 1 view .LVU78
ARM GAS  /tmp/cc0T4wgr.s 			page 9


 193:external/drivers/stm32c0xx/src/stm32c0xx_hal_rcc_ex.c **** 
 194:external/drivers/stm32c0xx/src/stm32c0xx_hal_rcc_ex.c ****     /* Configure the ADC interface clock source */
 195:external/drivers/stm32c0xx/src/stm32c0xx_hal_rcc_ex.c ****     __HAL_RCC_ADC_CONFIG(PeriphClkInit->AdcClockSelection);
 243              		.loc 1 195 5 view .LVU79
 244 00b6 1849     		ldr	r1, .L47
 245 00b8 6569     		ldr	r5, [r4, #20]
 246 00ba 4A6D     		ldr	r2, [r1, #84]
 247 00bc 9200     		lsls	r2, r2, #2
 248 00be 9208     		lsrs	r2, r2, #2
 249 00c0 2A43     		orrs	r2, r5
 250 00c2 4A65     		str	r2, [r1, #84]
 251              	.L14:
 196:external/drivers/stm32c0xx/src/stm32c0xx_hal_rcc_ex.c **** 
 197:external/drivers/stm32c0xx/src/stm32c0xx_hal_rcc_ex.c ****   }
 198:external/drivers/stm32c0xx/src/stm32c0xx_hal_rcc_ex.c **** 
 199:external/drivers/stm32c0xx/src/stm32c0xx_hal_rcc_ex.c ****   /*-------------------------- I2S1 clock source configuration ---------------------*/
 200:external/drivers/stm32c0xx/src/stm32c0xx_hal_rcc_ex.c ****   if (((PeriphClkInit->PeriphClockSelection) & RCC_PERIPHCLK_I2S1) == RCC_PERIPHCLK_I2S1)
 252              		.loc 1 200 3 view .LVU80
 253              		.loc 1 200 6 is_stmt 0 view .LVU81
 254 00c4 1A05     		lsls	r2, r3, #20
 255 00c6 06D5     		bpl	.L15
 201:external/drivers/stm32c0xx/src/stm32c0xx_hal_rcc_ex.c ****   {
 202:external/drivers/stm32c0xx/src/stm32c0xx_hal_rcc_ex.c ****     /* Check the parameters */
 203:external/drivers/stm32c0xx/src/stm32c0xx_hal_rcc_ex.c ****     assert_param(IS_RCC_I2S1CLKSOURCE(PeriphClkInit->I2s1ClockSelection));
 256              		.loc 1 203 5 is_stmt 1 view .LVU82
 204:external/drivers/stm32c0xx/src/stm32c0xx_hal_rcc_ex.c **** 
 205:external/drivers/stm32c0xx/src/stm32c0xx_hal_rcc_ex.c ****     /* Configure the I2S1 clock source */
 206:external/drivers/stm32c0xx/src/stm32c0xx_hal_rcc_ex.c ****     __HAL_RCC_I2S1_CONFIG(PeriphClkInit->I2s1ClockSelection);
 257              		.loc 1 206 5 view .LVU83
 258 00c8 1349     		ldr	r1, .L47
 259 00ca 184D     		ldr	r5, .L47+20
 260 00cc 4A6D     		ldr	r2, [r1, #84]
 261 00ce 2A40     		ands	r2, r5
 262 00d0 2569     		ldr	r5, [r4, #16]
 263 00d2 2A43     		orrs	r2, r5
 264 00d4 4A65     		str	r2, [r1, #84]
 265              	.L15:
 207:external/drivers/stm32c0xx/src/stm32c0xx_hal_rcc_ex.c ****   }
 208:external/drivers/stm32c0xx/src/stm32c0xx_hal_rcc_ex.c ****   /*------------------------------------ HSI Kernel clock source configuration --------------------
 209:external/drivers/stm32c0xx/src/stm32c0xx_hal_rcc_ex.c ****   if (((PeriphClkInit->PeriphClockSelection) & RCC_PERIPHCLK_HSIKER) == RCC_PERIPHCLK_HSIKER)
 266              		.loc 1 209 3 view .LVU84
 267              		.loc 1 209 6 is_stmt 0 view .LVU85
 268 00d6 002B     		cmp	r3, #0
 269 00d8 06DA     		bge	.L20
 210:external/drivers/stm32c0xx/src/stm32c0xx_hal_rcc_ex.c ****   {
 211:external/drivers/stm32c0xx/src/stm32c0xx_hal_rcc_ex.c ****     /* Check the parameters */
 212:external/drivers/stm32c0xx/src/stm32c0xx_hal_rcc_ex.c ****     assert_param(IS_RCC_HSIKERDIV(PeriphClkInit->HSIKerClockDivider));
 270              		.loc 1 212 5 is_stmt 1 view .LVU86
 213:external/drivers/stm32c0xx/src/stm32c0xx_hal_rcc_ex.c **** 
 214:external/drivers/stm32c0xx/src/stm32c0xx_hal_rcc_ex.c ****     /* Configure the HSI Kernel clock source Divider */
 215:external/drivers/stm32c0xx/src/stm32c0xx_hal_rcc_ex.c ****     __HAL_RCC_HSIKER_CONFIG(PeriphClkInit->HSIKerClockDivider);
 271              		.loc 1 215 5 view .LVU87
 272 00da E021     		movs	r1, #224
 273 00dc 0E4A     		ldr	r2, .L47
 274 00de 1368     		ldr	r3, [r2]
 275 00e0 8B43     		bics	r3, r1
 276 00e2 6168     		ldr	r1, [r4, #4]
ARM GAS  /tmp/cc0T4wgr.s 			page 10


 277 00e4 0B43     		orrs	r3, r1
 278 00e6 1360     		str	r3, [r2]
 216:external/drivers/stm32c0xx/src/stm32c0xx_hal_rcc_ex.c ****   }
 217:external/drivers/stm32c0xx/src/stm32c0xx_hal_rcc_ex.c ****   return status;
 279              		.loc 1 217 3 view .LVU88
 280              	.L20:
 218:external/drivers/stm32c0xx/src/stm32c0xx_hal_rcc_ex.c **** }
 281              		.loc 1 218 1 is_stmt 0 view .LVU89
 282 00e8 03B0     		add	sp, sp, #12
 283              		@ sp needed
 284              	.LVL17:
 285              		.loc 1 218 1 view .LVU90
 286 00ea C0BC     		pop	{r6, r7}
 287 00ec B946     		mov	r9, r7
 288 00ee B046     		mov	r8, r6
 289 00f0 F0BD     		pop	{r4, r5, r6, r7, pc}
 290              	.LVL18:
 291              	.L45:
 292              	.LBB6:
 113:external/drivers/stm32c0xx/src/stm32c0xx_hal_rcc_ex.c ****       pwrclkchanged = SET;
 293              		.loc 1 113 7 is_stmt 1 view .LVU91
 294              	.LBB3:
 113:external/drivers/stm32c0xx/src/stm32c0xx_hal_rcc_ex.c ****       pwrclkchanged = SET;
 295              		.loc 1 113 7 view .LVU92
 113:external/drivers/stm32c0xx/src/stm32c0xx_hal_rcc_ex.c ****       pwrclkchanged = SET;
 296              		.loc 1 113 7 view .LVU93
 297 00f2 D06B     		ldr	r0, [r2, #60]
 298 00f4 0843     		orrs	r0, r1
 299 00f6 D063     		str	r0, [r2, #60]
 113:external/drivers/stm32c0xx/src/stm32c0xx_hal_rcc_ex.c ****       pwrclkchanged = SET;
 300              		.loc 1 113 7 view .LVU94
 301 00f8 D26B     		ldr	r2, [r2, #60]
 302 00fa 0A40     		ands	r2, r1
 303 00fc 0192     		str	r2, [sp, #4]
 113:external/drivers/stm32c0xx/src/stm32c0xx_hal_rcc_ex.c ****       pwrclkchanged = SET;
 304              		.loc 1 113 7 view .LVU95
 305 00fe 019A     		ldr	r2, [sp, #4]
 306              	.LBE3:
 113:external/drivers/stm32c0xx/src/stm32c0xx_hal_rcc_ex.c ****       pwrclkchanged = SET;
 307              		.loc 1 113 7 view .LVU96
 114:external/drivers/stm32c0xx/src/stm32c0xx_hal_rcc_ex.c ****     }
 308              		.loc 1 114 7 view .LVU97
 309              	.LVL19:
 114:external/drivers/stm32c0xx/src/stm32c0xx_hal_rcc_ex.c ****     }
 310              		.loc 1 114 21 is_stmt 0 view .LVU98
 311 0100 0122     		movs	r2, #1
 312 0102 9046     		mov	r8, r2
 313 0104 8EE7     		b	.L3
 314              	.LVL20:
 315              	.L46:
 164:external/drivers/stm32c0xx/src/stm32c0xx_hal_rcc_ex.c ****     }
 316              		.loc 1 164 7 is_stmt 1 view .LVU99
 317 0106 0449     		ldr	r1, .L47
 318 0108 094D     		ldr	r5, .L47+24
 319 010a CA6B     		ldr	r2, [r1, #60]
 320 010c 2A40     		ands	r2, r5
 321 010e CA63     		str	r2, [r1, #60]
ARM GAS  /tmp/cc0T4wgr.s 			page 11


 322 0110 BDE7     		b	.L2
 323              	.LVL21:
 324              	.L8:
 150:external/drivers/stm32c0xx/src/stm32c0xx_hal_rcc_ex.c ****     {
 325              		.loc 1 150 5 view .LVU100
 150:external/drivers/stm32c0xx/src/stm32c0xx_hal_rcc_ex.c ****     {
 326              		.loc 1 150 5 is_stmt 0 view .LVU101
 327              	.LBE6:
 169:external/drivers/stm32c0xx/src/stm32c0xx_hal_rcc_ex.c ****   {
 328              		.loc 1 169 22 view .LVU102
 329 0112 0320     		movs	r0, #3
 330 0114 2368     		ldr	r3, [r4]
 331 0116 B7E7     		b	.L17
 332              	.L48:
 333              		.align	2
 334              	.L47:
 335 0118 00100240 		.word	1073876992
 336 011c FFFCFFFF 		.word	-769
 337 0120 FFFFFEFF 		.word	-65537
 338 0124 88130000 		.word	5000
 339 0128 FFCFFFFF 		.word	-12289
 340 012c FF3FFFFF 		.word	-49153
 341 0130 FFFFFFEF 		.word	-268435457
 342              		.cfi_endproc
 343              	.LFE214:
 345              		.section	.text.HAL_RCCEx_GetPeriphCLKConfig,"ax",%progbits
 346              		.align	1
 347              		.p2align 2,,3
 348              		.global	HAL_RCCEx_GetPeriphCLKConfig
 349              		.syntax unified
 350              		.code	16
 351              		.thumb_func
 353              	HAL_RCCEx_GetPeriphCLKConfig:
 354              	.LVL22:
 355              	.LFB215:
 219:external/drivers/stm32c0xx/src/stm32c0xx_hal_rcc_ex.c **** 
 220:external/drivers/stm32c0xx/src/stm32c0xx_hal_rcc_ex.c **** /**
 221:external/drivers/stm32c0xx/src/stm32c0xx_hal_rcc_ex.c ****   * @brief  Get the RCC_ClkInitStruct according to the internal RCC configuration registers.
 222:external/drivers/stm32c0xx/src/stm32c0xx_hal_rcc_ex.c ****   * @param  PeriphClkInit pointer to an RCC_PeriphCLKInitTypeDef structure that
 223:external/drivers/stm32c0xx/src/stm32c0xx_hal_rcc_ex.c ****   *         returns the configuration information for the Extended Peripherals
 224:external/drivers/stm32c0xx/src/stm32c0xx_hal_rcc_ex.c ****   *         clocks: I2C1, I2S1, USART1, RTC, ADC,
 225:external/drivers/stm32c0xx/src/stm32c0xx_hal_rcc_ex.c ****   * @retval None
 226:external/drivers/stm32c0xx/src/stm32c0xx_hal_rcc_ex.c ****   */
 227:external/drivers/stm32c0xx/src/stm32c0xx_hal_rcc_ex.c **** void HAL_RCCEx_GetPeriphCLKConfig(RCC_PeriphCLKInitTypeDef  *PeriphClkInit)
 228:external/drivers/stm32c0xx/src/stm32c0xx_hal_rcc_ex.c **** {
 356              		.loc 1 228 1 is_stmt 1 view -0
 357              		.cfi_startproc
 358              		@ args = 0, pretend = 0, frame = 0
 359              		@ frame_needed = 0, uses_anonymous_args = 0
 360              		@ link register save eliminated.
 229:external/drivers/stm32c0xx/src/stm32c0xx_hal_rcc_ex.c ****   /* Set all possible values for the extended clock type parameter------------*/
 230:external/drivers/stm32c0xx/src/stm32c0xx_hal_rcc_ex.c ****   PeriphClkInit->PeriphClockSelection = RCC_PERIPHCLK_USART1 | RCC_PERIPHCLK_I2C1 | RCC_PERIPHCLK_I
 361              		.loc 1 230 3 view .LVU104
 231:external/drivers/stm32c0xx/src/stm32c0xx_hal_rcc_ex.c ****                                         RCC_PERIPHCLK_ADC    | RCC_PERIPHCLK_RTC  | RCC_PERIPHCLK_H
 232:external/drivers/stm32c0xx/src/stm32c0xx_hal_rcc_ex.c **** 
 233:external/drivers/stm32c0xx/src/stm32c0xx_hal_rcc_ex.c **** 
 234:external/drivers/stm32c0xx/src/stm32c0xx_hal_rcc_ex.c ****   /* Get the USART1 clock source ---------------------------------------------*/
ARM GAS  /tmp/cc0T4wgr.s 			page 12


 235:external/drivers/stm32c0xx/src/stm32c0xx_hal_rcc_ex.c ****   PeriphClkInit->Usart1ClockSelection  = __HAL_RCC_GET_USART1_SOURCE();
 362              		.loc 1 235 42 is_stmt 0 view .LVU105
 363 0000 0322     		movs	r2, #3
 236:external/drivers/stm32c0xx/src/stm32c0xx_hal_rcc_ex.c **** 
 237:external/drivers/stm32c0xx/src/stm32c0xx_hal_rcc_ex.c ****   /* Get the I2C1 clock source -----------------------------------------------*/
 238:external/drivers/stm32c0xx/src/stm32c0xx_hal_rcc_ex.c ****   PeriphClkInit->I2c1ClockSelection    = __HAL_RCC_GET_I2C1_SOURCE();
 239:external/drivers/stm32c0xx/src/stm32c0xx_hal_rcc_ex.c **** 
 240:external/drivers/stm32c0xx/src/stm32c0xx_hal_rcc_ex.c ****   /* Get the RTC clock source ------------------------------------------------*/
 241:external/drivers/stm32c0xx/src/stm32c0xx_hal_rcc_ex.c ****   PeriphClkInit->RTCClockSelection     = __HAL_RCC_GET_RTC_SOURCE();
 242:external/drivers/stm32c0xx/src/stm32c0xx_hal_rcc_ex.c **** 
 243:external/drivers/stm32c0xx/src/stm32c0xx_hal_rcc_ex.c ****   /* Get the ADC clock source -----------------------------------------------*/
 244:external/drivers/stm32c0xx/src/stm32c0xx_hal_rcc_ex.c ****   PeriphClkInit->AdcClockSelection     = __HAL_RCC_GET_ADC_SOURCE();
 245:external/drivers/stm32c0xx/src/stm32c0xx_hal_rcc_ex.c **** 
 246:external/drivers/stm32c0xx/src/stm32c0xx_hal_rcc_ex.c ****   /* Get the I2S1 clock source -----------------------------------------------*/
 247:external/drivers/stm32c0xx/src/stm32c0xx_hal_rcc_ex.c ****   PeriphClkInit->I2s1ClockSelection    = __HAL_RCC_GET_I2S1_SOURCE();
 248:external/drivers/stm32c0xx/src/stm32c0xx_hal_rcc_ex.c **** 
 249:external/drivers/stm32c0xx/src/stm32c0xx_hal_rcc_ex.c ****   /* Get the HSI Kernel clock divider -----------------------------------------------*/
 250:external/drivers/stm32c0xx/src/stm32c0xx_hal_rcc_ex.c ****   PeriphClkInit->HSIKerClockDivider    = __HAL_RCC_GET_HSIKER_DIVIDER();
 251:external/drivers/stm32c0xx/src/stm32c0xx_hal_rcc_ex.c **** }
 364              		.loc 1 251 1 view .LVU106
 365              		@ sp needed
 230:external/drivers/stm32c0xx/src/stm32c0xx_hal_rcc_ex.c ****                                         RCC_PERIPHCLK_ADC    | RCC_PERIPHCLK_RTC  | RCC_PERIPHCLK_H
 366              		.loc 1 230 39 view .LVU107
 367 0002 0F4B     		ldr	r3, .L50
 368 0004 0360     		str	r3, [r0]
 235:external/drivers/stm32c0xx/src/stm32c0xx_hal_rcc_ex.c **** 
 369              		.loc 1 235 3 is_stmt 1 view .LVU108
 235:external/drivers/stm32c0xx/src/stm32c0xx_hal_rcc_ex.c **** 
 370              		.loc 1 235 42 is_stmt 0 view .LVU109
 371 0006 0F4B     		ldr	r3, .L50+4
 372 0008 596D     		ldr	r1, [r3, #84]
 373 000a 0A40     		ands	r2, r1
 238:external/drivers/stm32c0xx/src/stm32c0xx_hal_rcc_ex.c **** 
 374              		.loc 1 238 42 view .LVU110
 375 000c C021     		movs	r1, #192
 235:external/drivers/stm32c0xx/src/stm32c0xx_hal_rcc_ex.c **** 
 376              		.loc 1 235 40 view .LVU111
 377 000e 8260     		str	r2, [r0, #8]
 238:external/drivers/stm32c0xx/src/stm32c0xx_hal_rcc_ex.c **** 
 378              		.loc 1 238 3 is_stmt 1 view .LVU112
 238:external/drivers/stm32c0xx/src/stm32c0xx_hal_rcc_ex.c **** 
 379              		.loc 1 238 42 is_stmt 0 view .LVU113
 380 0010 5A6D     		ldr	r2, [r3, #84]
 381 0012 8901     		lsls	r1, r1, #6
 382 0014 0A40     		ands	r2, r1
 241:external/drivers/stm32c0xx/src/stm32c0xx_hal_rcc_ex.c **** 
 383              		.loc 1 241 42 view .LVU114
 384 0016 C021     		movs	r1, #192
 238:external/drivers/stm32c0xx/src/stm32c0xx_hal_rcc_ex.c **** 
 385              		.loc 1 238 40 view .LVU115
 386 0018 C260     		str	r2, [r0, #12]
 241:external/drivers/stm32c0xx/src/stm32c0xx_hal_rcc_ex.c **** 
 387              		.loc 1 241 3 is_stmt 1 view .LVU116
 241:external/drivers/stm32c0xx/src/stm32c0xx_hal_rcc_ex.c **** 
 388              		.loc 1 241 42 is_stmt 0 view .LVU117
 389 001a DA6D     		ldr	r2, [r3, #92]
 390 001c 8900     		lsls	r1, r1, #2
ARM GAS  /tmp/cc0T4wgr.s 			page 13


 391 001e 0A40     		ands	r2, r1
 247:external/drivers/stm32c0xx/src/stm32c0xx_hal_rcc_ex.c **** 
 392              		.loc 1 247 42 view .LVU118
 393 0020 C021     		movs	r1, #192
 241:external/drivers/stm32c0xx/src/stm32c0xx_hal_rcc_ex.c **** 
 394              		.loc 1 241 40 view .LVU119
 395 0022 8261     		str	r2, [r0, #24]
 244:external/drivers/stm32c0xx/src/stm32c0xx_hal_rcc_ex.c **** 
 396              		.loc 1 244 3 is_stmt 1 view .LVU120
 244:external/drivers/stm32c0xx/src/stm32c0xx_hal_rcc_ex.c **** 
 397              		.loc 1 244 42 is_stmt 0 view .LVU121
 398 0024 5A6D     		ldr	r2, [r3, #84]
 247:external/drivers/stm32c0xx/src/stm32c0xx_hal_rcc_ex.c **** 
 399              		.loc 1 247 42 view .LVU122
 400 0026 0902     		lsls	r1, r1, #8
 244:external/drivers/stm32c0xx/src/stm32c0xx_hal_rcc_ex.c **** 
 401              		.loc 1 244 42 view .LVU123
 402 0028 920F     		lsrs	r2, r2, #30
 403 002a 9207     		lsls	r2, r2, #30
 244:external/drivers/stm32c0xx/src/stm32c0xx_hal_rcc_ex.c **** 
 404              		.loc 1 244 40 view .LVU124
 405 002c 4261     		str	r2, [r0, #20]
 247:external/drivers/stm32c0xx/src/stm32c0xx_hal_rcc_ex.c **** 
 406              		.loc 1 247 3 is_stmt 1 view .LVU125
 247:external/drivers/stm32c0xx/src/stm32c0xx_hal_rcc_ex.c **** 
 407              		.loc 1 247 42 is_stmt 0 view .LVU126
 408 002e 5A6D     		ldr	r2, [r3, #84]
 409 0030 0A40     		ands	r2, r1
 247:external/drivers/stm32c0xx/src/stm32c0xx_hal_rcc_ex.c **** 
 410              		.loc 1 247 40 view .LVU127
 411 0032 0261     		str	r2, [r0, #16]
 250:external/drivers/stm32c0xx/src/stm32c0xx_hal_rcc_ex.c **** }
 412              		.loc 1 250 3 is_stmt 1 view .LVU128
 250:external/drivers/stm32c0xx/src/stm32c0xx_hal_rcc_ex.c **** }
 413              		.loc 1 250 42 is_stmt 0 view .LVU129
 414 0034 1A68     		ldr	r2, [r3]
 415 0036 E023     		movs	r3, #224
 416 0038 1340     		ands	r3, r2
 250:external/drivers/stm32c0xx/src/stm32c0xx_hal_rcc_ex.c **** }
 417              		.loc 1 250 40 view .LVU130
 418 003a 4360     		str	r3, [r0, #4]
 419              		.loc 1 251 1 view .LVU131
 420 003c 7047     		bx	lr
 421              	.L51:
 422 003e C046     		.align	2
 423              	.L50:
 424 0040 41480280 		.word	-2147334079
 425 0044 00100240 		.word	1073876992
 426              		.cfi_endproc
 427              	.LFE215:
 429              		.global	__aeabi_uidiv
 430              		.global	__aeabi_idiv
 431              		.section	.text.HAL_RCCEx_GetPeriphCLKFreq,"ax",%progbits
 432              		.align	1
 433              		.p2align 2,,3
 434              		.global	HAL_RCCEx_GetPeriphCLKFreq
 435              		.syntax unified
ARM GAS  /tmp/cc0T4wgr.s 			page 14


 436              		.code	16
 437              		.thumb_func
 439              	HAL_RCCEx_GetPeriphCLKFreq:
 440              	.LVL23:
 441              	.LFB216:
 252:external/drivers/stm32c0xx/src/stm32c0xx_hal_rcc_ex.c **** 
 253:external/drivers/stm32c0xx/src/stm32c0xx_hal_rcc_ex.c **** /**
 254:external/drivers/stm32c0xx/src/stm32c0xx_hal_rcc_ex.c ****   * @brief  Return the peripheral clock frequency for peripherals
 255:external/drivers/stm32c0xx/src/stm32c0xx_hal_rcc_ex.c ****   * @note   Return 0 if peripheral clock identifier not managed by this API
 256:external/drivers/stm32c0xx/src/stm32c0xx_hal_rcc_ex.c ****   * @param  PeriphClk  Peripheral clock identifier
 257:external/drivers/stm32c0xx/src/stm32c0xx_hal_rcc_ex.c ****   *         This parameter can be one of the following values:
 258:external/drivers/stm32c0xx/src/stm32c0xx_hal_rcc_ex.c ****   *            @arg @ref RCC_PERIPHCLK_RTC     RTC peripheral clock
 259:external/drivers/stm32c0xx/src/stm32c0xx_hal_rcc_ex.c ****   *            @arg @ref RCC_PERIPHCLK_ADC     ADC peripheral clock
 260:external/drivers/stm32c0xx/src/stm32c0xx_hal_rcc_ex.c ****   *            @arg @ref RCC_PERIPHCLK_I2C1    I2C1 peripheral clock
 261:external/drivers/stm32c0xx/src/stm32c0xx_hal_rcc_ex.c ****   *            @arg @ref RCC_PERIPHCLK_I2S1    I2S1 peripheral clock
 262:external/drivers/stm32c0xx/src/stm32c0xx_hal_rcc_ex.c ****   *            @arg @ref RCC_PERIPHCLK_USART1  USART1 peripheral clock
 263:external/drivers/stm32c0xx/src/stm32c0xx_hal_rcc_ex.c ****   * @retval Frequency in Hz
 264:external/drivers/stm32c0xx/src/stm32c0xx_hal_rcc_ex.c ****   */
 265:external/drivers/stm32c0xx/src/stm32c0xx_hal_rcc_ex.c **** uint32_t HAL_RCCEx_GetPeriphCLKFreq(uint32_t PeriphClk)
 266:external/drivers/stm32c0xx/src/stm32c0xx_hal_rcc_ex.c **** {
 442              		.loc 1 266 1 is_stmt 1 view -0
 443              		.cfi_startproc
 444              		@ args = 0, pretend = 0, frame = 0
 445              		@ frame_needed = 0, uses_anonymous_args = 0
 267:external/drivers/stm32c0xx/src/stm32c0xx_hal_rcc_ex.c ****   uint32_t frequency = 0U;
 446              		.loc 1 267 3 view .LVU133
 268:external/drivers/stm32c0xx/src/stm32c0xx_hal_rcc_ex.c ****   uint32_t srcclk;
 447              		.loc 1 268 3 view .LVU134
 269:external/drivers/stm32c0xx/src/stm32c0xx_hal_rcc_ex.c **** 
 270:external/drivers/stm32c0xx/src/stm32c0xx_hal_rcc_ex.c ****   /* Check the parameters */
 271:external/drivers/stm32c0xx/src/stm32c0xx_hal_rcc_ex.c ****   assert_param(IS_RCC_PERIPHCLOCK(PeriphClk));
 448              		.loc 1 271 3 view .LVU135
 272:external/drivers/stm32c0xx/src/stm32c0xx_hal_rcc_ex.c **** 
 273:external/drivers/stm32c0xx/src/stm32c0xx_hal_rcc_ex.c ****   if (PeriphClk == RCC_PERIPHCLK_RTC)
 449              		.loc 1 273 3 view .LVU136
 450              		.loc 1 273 6 is_stmt 0 view .LVU137
 451 0000 8023     		movs	r3, #128
 266:external/drivers/stm32c0xx/src/stm32c0xx_hal_rcc_ex.c ****   uint32_t frequency = 0U;
 452              		.loc 1 266 1 view .LVU138
 453 0002 10B5     		push	{r4, lr}
 454              	.LCFI3:
 455              		.cfi_def_cfa_offset 8
 456              		.cfi_offset 4, -8
 457              		.cfi_offset 14, -4
 458              		.loc 1 273 6 view .LVU139
 459 0004 9B02     		lsls	r3, r3, #10
 460 0006 9842     		cmp	r0, r3
 461 0008 3FD0     		beq	.L110
 274:external/drivers/stm32c0xx/src/stm32c0xx_hal_rcc_ex.c ****   {
 275:external/drivers/stm32c0xx/src/stm32c0xx_hal_rcc_ex.c ****     /* Get the current RTC source */
 276:external/drivers/stm32c0xx/src/stm32c0xx_hal_rcc_ex.c ****     srcclk = __HAL_RCC_GET_RTC_SOURCE();
 277:external/drivers/stm32c0xx/src/stm32c0xx_hal_rcc_ex.c **** 
 278:external/drivers/stm32c0xx/src/stm32c0xx_hal_rcc_ex.c ****     /* Check if LSE is ready and if RTC clock selection is LSE */
 279:external/drivers/stm32c0xx/src/stm32c0xx_hal_rcc_ex.c ****     if ((HAL_IS_BIT_SET(RCC->CSR1, RCC_CSR1_LSERDY)) && (srcclk == RCC_RTCCLKSOURCE_LSE))
 280:external/drivers/stm32c0xx/src/stm32c0xx_hal_rcc_ex.c ****     {
 281:external/drivers/stm32c0xx/src/stm32c0xx_hal_rcc_ex.c ****       frequency = LSE_VALUE;
 282:external/drivers/stm32c0xx/src/stm32c0xx_hal_rcc_ex.c ****     }
ARM GAS  /tmp/cc0T4wgr.s 			page 15


 283:external/drivers/stm32c0xx/src/stm32c0xx_hal_rcc_ex.c ****     /* Check if LSI is ready and if RTC clock selection is LSI */
 284:external/drivers/stm32c0xx/src/stm32c0xx_hal_rcc_ex.c ****     else if ((HAL_IS_BIT_SET(RCC->CSR2, RCC_CSR2_LSIRDY)) && (srcclk == RCC_RTCCLKSOURCE_LSI))
 285:external/drivers/stm32c0xx/src/stm32c0xx_hal_rcc_ex.c ****     {
 286:external/drivers/stm32c0xx/src/stm32c0xx_hal_rcc_ex.c ****       frequency = LSI_VALUE;
 287:external/drivers/stm32c0xx/src/stm32c0xx_hal_rcc_ex.c ****     }
 288:external/drivers/stm32c0xx/src/stm32c0xx_hal_rcc_ex.c ****     /* Check if HSE is ready  and if RTC clock selection is HSI_DIV32*/
 289:external/drivers/stm32c0xx/src/stm32c0xx_hal_rcc_ex.c ****     else if ((HAL_IS_BIT_SET(RCC->CR, RCC_CR_HSERDY)) && (srcclk == RCC_RTCCLKSOURCE_HSE_DIV32))
 290:external/drivers/stm32c0xx/src/stm32c0xx_hal_rcc_ex.c ****     {
 291:external/drivers/stm32c0xx/src/stm32c0xx_hal_rcc_ex.c ****       frequency = HSE_VALUE / 32U;
 292:external/drivers/stm32c0xx/src/stm32c0xx_hal_rcc_ex.c ****     }
 293:external/drivers/stm32c0xx/src/stm32c0xx_hal_rcc_ex.c ****     /* Clock not enabled for RTC*/
 294:external/drivers/stm32c0xx/src/stm32c0xx_hal_rcc_ex.c ****     else
 295:external/drivers/stm32c0xx/src/stm32c0xx_hal_rcc_ex.c ****     {
 296:external/drivers/stm32c0xx/src/stm32c0xx_hal_rcc_ex.c ****       /* Nothing to do as frequency already initialized to 0U */
 297:external/drivers/stm32c0xx/src/stm32c0xx_hal_rcc_ex.c ****     }
 298:external/drivers/stm32c0xx/src/stm32c0xx_hal_rcc_ex.c ****   }
 299:external/drivers/stm32c0xx/src/stm32c0xx_hal_rcc_ex.c ****   else
 300:external/drivers/stm32c0xx/src/stm32c0xx_hal_rcc_ex.c ****   {
 301:external/drivers/stm32c0xx/src/stm32c0xx_hal_rcc_ex.c ****     /* Other external peripheral clock source than RTC */
 302:external/drivers/stm32c0xx/src/stm32c0xx_hal_rcc_ex.c **** 
 303:external/drivers/stm32c0xx/src/stm32c0xx_hal_rcc_ex.c ****     switch (PeriphClk)
 462              		.loc 1 303 5 is_stmt 1 view .LVU140
 463 000a 8023     		movs	r3, #128
 464 000c 1B01     		lsls	r3, r3, #4
 465 000e 9842     		cmp	r0, r3
 466 0010 00D1     		bne	.LCB402
 467 0012 78E0     		b	.L57	@long jump
 468              	.LCB402:
 469 0014 1ED8     		bhi	.L58
 470 0016 0128     		cmp	r0, #1
 471 0018 5FD0     		beq	.L59
 472 001a 4028     		cmp	r0, #64
 473 001c 33D1     		bne	.L108
 304:external/drivers/stm32c0xx/src/stm32c0xx_hal_rcc_ex.c ****     {
 305:external/drivers/stm32c0xx/src/stm32c0xx_hal_rcc_ex.c **** 
 306:external/drivers/stm32c0xx/src/stm32c0xx_hal_rcc_ex.c ****       case RCC_PERIPHCLK_USART1:
 307:external/drivers/stm32c0xx/src/stm32c0xx_hal_rcc_ex.c ****         /* Get the current USART1 source */
 308:external/drivers/stm32c0xx/src/stm32c0xx_hal_rcc_ex.c ****         srcclk = __HAL_RCC_GET_USART1_SOURCE();
 309:external/drivers/stm32c0xx/src/stm32c0xx_hal_rcc_ex.c **** 
 310:external/drivers/stm32c0xx/src/stm32c0xx_hal_rcc_ex.c ****         if (srcclk == RCC_USART1CLKSOURCE_PCLK1)            /* PCLK1 */
 311:external/drivers/stm32c0xx/src/stm32c0xx_hal_rcc_ex.c ****         {
 312:external/drivers/stm32c0xx/src/stm32c0xx_hal_rcc_ex.c ****           frequency = HAL_RCC_GetPCLK1Freq();
 313:external/drivers/stm32c0xx/src/stm32c0xx_hal_rcc_ex.c ****         }
 314:external/drivers/stm32c0xx/src/stm32c0xx_hal_rcc_ex.c ****         else if (srcclk == RCC_USART1CLKSOURCE_SYSCLK)     /* SYSCLK  */
 315:external/drivers/stm32c0xx/src/stm32c0xx_hal_rcc_ex.c ****         {
 316:external/drivers/stm32c0xx/src/stm32c0xx_hal_rcc_ex.c ****           frequency = HAL_RCC_GetSysClockFreq();
 317:external/drivers/stm32c0xx/src/stm32c0xx_hal_rcc_ex.c ****         }
 318:external/drivers/stm32c0xx/src/stm32c0xx_hal_rcc_ex.c ****         else if ((HAL_IS_BIT_SET(RCC->CR, RCC_CR_HSIRDY)) && (srcclk == RCC_USART1CLKSOURCE_HSIKER)
 319:external/drivers/stm32c0xx/src/stm32c0xx_hal_rcc_ex.c ****         {
 320:external/drivers/stm32c0xx/src/stm32c0xx_hal_rcc_ex.c ****           frequency = (HSI_VALUE / ((__HAL_RCC_GET_HSIKER_DIVIDER() >> RCC_CR_HSIKERDIV_Pos) + 1U))
 321:external/drivers/stm32c0xx/src/stm32c0xx_hal_rcc_ex.c ****         }
 322:external/drivers/stm32c0xx/src/stm32c0xx_hal_rcc_ex.c ****         else if ((HAL_IS_BIT_SET(RCC->CSR1, RCC_CSR1_LSERDY)) && (srcclk == RCC_USART1CLKSOURCE_LSE
 323:external/drivers/stm32c0xx/src/stm32c0xx_hal_rcc_ex.c ****         {
 324:external/drivers/stm32c0xx/src/stm32c0xx_hal_rcc_ex.c ****           frequency = LSE_VALUE;
 325:external/drivers/stm32c0xx/src/stm32c0xx_hal_rcc_ex.c ****         }
 326:external/drivers/stm32c0xx/src/stm32c0xx_hal_rcc_ex.c ****         /* Clock not enabled for USART1 */
 327:external/drivers/stm32c0xx/src/stm32c0xx_hal_rcc_ex.c ****         else
ARM GAS  /tmp/cc0T4wgr.s 			page 16


 328:external/drivers/stm32c0xx/src/stm32c0xx_hal_rcc_ex.c ****         {
 329:external/drivers/stm32c0xx/src/stm32c0xx_hal_rcc_ex.c ****           /* Nothing to do as frequency already initialized to 0U */
 330:external/drivers/stm32c0xx/src/stm32c0xx_hal_rcc_ex.c ****         }
 331:external/drivers/stm32c0xx/src/stm32c0xx_hal_rcc_ex.c ****         break;
 332:external/drivers/stm32c0xx/src/stm32c0xx_hal_rcc_ex.c **** 
 333:external/drivers/stm32c0xx/src/stm32c0xx_hal_rcc_ex.c ****       case RCC_PERIPHCLK_ADC:
 334:external/drivers/stm32c0xx/src/stm32c0xx_hal_rcc_ex.c **** 
 335:external/drivers/stm32c0xx/src/stm32c0xx_hal_rcc_ex.c ****         srcclk = __HAL_RCC_GET_ADC_SOURCE();
 336:external/drivers/stm32c0xx/src/stm32c0xx_hal_rcc_ex.c **** 
 337:external/drivers/stm32c0xx/src/stm32c0xx_hal_rcc_ex.c ****         if (srcclk == RCC_ADCCLKSOURCE_SYSCLK)
 338:external/drivers/stm32c0xx/src/stm32c0xx_hal_rcc_ex.c ****         {
 339:external/drivers/stm32c0xx/src/stm32c0xx_hal_rcc_ex.c ****           frequency = HAL_RCC_GetSysClockFreq();
 340:external/drivers/stm32c0xx/src/stm32c0xx_hal_rcc_ex.c ****         }
 341:external/drivers/stm32c0xx/src/stm32c0xx_hal_rcc_ex.c ****         else if ((HAL_IS_BIT_SET(RCC->CR, RCC_CR_HSIRDY)) && (srcclk == RCC_ADCCLKSOURCE_HSIKER))
 342:external/drivers/stm32c0xx/src/stm32c0xx_hal_rcc_ex.c ****         {
 343:external/drivers/stm32c0xx/src/stm32c0xx_hal_rcc_ex.c ****           frequency = (HSI_VALUE / ((__HAL_RCC_GET_HSIKER_DIVIDER() >> RCC_CR_HSIKERDIV_Pos) + 1U))
 344:external/drivers/stm32c0xx/src/stm32c0xx_hal_rcc_ex.c ****         }
 345:external/drivers/stm32c0xx/src/stm32c0xx_hal_rcc_ex.c ****         /* Clock not enabled for ADC */
 346:external/drivers/stm32c0xx/src/stm32c0xx_hal_rcc_ex.c ****         else
 347:external/drivers/stm32c0xx/src/stm32c0xx_hal_rcc_ex.c ****         {
 348:external/drivers/stm32c0xx/src/stm32c0xx_hal_rcc_ex.c ****           /* Nothing to do as frequency already initialized to 0U */
 349:external/drivers/stm32c0xx/src/stm32c0xx_hal_rcc_ex.c ****         }
 350:external/drivers/stm32c0xx/src/stm32c0xx_hal_rcc_ex.c ****         break;
 351:external/drivers/stm32c0xx/src/stm32c0xx_hal_rcc_ex.c **** 
 352:external/drivers/stm32c0xx/src/stm32c0xx_hal_rcc_ex.c ****       case RCC_PERIPHCLK_I2C1:
 353:external/drivers/stm32c0xx/src/stm32c0xx_hal_rcc_ex.c ****         /* Get the current I2C1 source */
 354:external/drivers/stm32c0xx/src/stm32c0xx_hal_rcc_ex.c ****         srcclk = __HAL_RCC_GET_I2C1_SOURCE();
 474              		.loc 1 354 9 view .LVU141
 475              		.loc 1 354 18 is_stmt 0 view .LVU142
 476 001e 5649     		ldr	r1, .L112
 477              		.loc 1 354 16 view .LVU143
 478 0020 C023     		movs	r3, #192
 479              		.loc 1 354 18 view .LVU144
 480 0022 4A6D     		ldr	r2, [r1, #84]
 481              		.loc 1 354 16 view .LVU145
 482 0024 9B01     		lsls	r3, r3, #6
 483 0026 1400     		movs	r4, r2
 484 0028 1C40     		ands	r4, r3
 485              	.LVL24:
 355:external/drivers/stm32c0xx/src/stm32c0xx_hal_rcc_ex.c **** 
 356:external/drivers/stm32c0xx/src/stm32c0xx_hal_rcc_ex.c ****         if (srcclk == RCC_I2C1CLKSOURCE_PCLK1)
 486              		.loc 1 356 9 is_stmt 1 view .LVU146
 487              		.loc 1 356 12 is_stmt 0 view .LVU147
 488 002a 1A42     		tst	r2, r3
 489 002c 68D0     		beq	.L67
 357:external/drivers/stm32c0xx/src/stm32c0xx_hal_rcc_ex.c ****         {
 358:external/drivers/stm32c0xx/src/stm32c0xx_hal_rcc_ex.c ****           frequency = HAL_RCC_GetPCLK1Freq();
 359:external/drivers/stm32c0xx/src/stm32c0xx_hal_rcc_ex.c ****         }
 360:external/drivers/stm32c0xx/src/stm32c0xx_hal_rcc_ex.c ****         else if (srcclk == RCC_I2C1CLKSOURCE_SYSCLK)
 490              		.loc 1 360 14 is_stmt 1 view .LVU148
 491              		.loc 1 360 17 is_stmt 0 view .LVU149
 492 002e 8023     		movs	r3, #128
 493 0030 5B01     		lsls	r3, r3, #5
 494 0032 9C42     		cmp	r4, r3
 495 0034 00D1     		bne	.LCB424
 496 0036 88E0     		b	.L66	@long jump
 497              	.LCB424:
ARM GAS  /tmp/cc0T4wgr.s 			page 17


 361:external/drivers/stm32c0xx/src/stm32c0xx_hal_rcc_ex.c ****         {
 362:external/drivers/stm32c0xx/src/stm32c0xx_hal_rcc_ex.c ****           frequency = HAL_RCC_GetSysClockFreq();
 363:external/drivers/stm32c0xx/src/stm32c0xx_hal_rcc_ex.c ****         }
 364:external/drivers/stm32c0xx/src/stm32c0xx_hal_rcc_ex.c ****         else if ((HAL_IS_BIT_SET(RCC->CR, RCC_CR_HSIRDY)) && (srcclk == RCC_I2C1CLKSOURCE_HSIKER))
 498              		.loc 1 364 14 is_stmt 1 view .LVU150
 499              		.loc 1 364 19 is_stmt 0 view .LVU151
 500 0038 0A68     		ldr	r2, [r1]
 501 003a 8023     		movs	r3, #128
 502 003c 1000     		movs	r0, r2
 503              	.LVL25:
 504              		.loc 1 364 19 view .LVU152
 505 003e DB00     		lsls	r3, r3, #3
 506 0040 1840     		ands	r0, r3
 507              		.loc 1 364 17 view .LVU153
 508 0042 1A42     		tst	r2, r3
 509 0044 20D0     		beq	.L52
 510              		.loc 1 364 59 discriminator 1 view .LVU154
 511 0046 8023     		movs	r3, #128
 512 0048 0020     		movs	r0, #0
 513 004a 9B01     		lsls	r3, r3, #6
 514 004c 9C42     		cmp	r4, r3
 515 004e 1BD1     		bne	.L52
 365:external/drivers/stm32c0xx/src/stm32c0xx_hal_rcc_ex.c ****         {
 366:external/drivers/stm32c0xx/src/stm32c0xx_hal_rcc_ex.c ****           frequency = (HSI_VALUE / ((__HAL_RCC_GET_HSIKER_DIVIDER() >> RCC_CR_HSIKERDIV_Pos) + 1U))
 516              		.loc 1 366 11 is_stmt 1 view .LVU155
 517              		.loc 1 366 38 is_stmt 0 view .LVU156
 518 0050 0968     		ldr	r1, [r1]
 519 0052 68E0     		b	.L109
 520              	.LVL26:
 521              	.L58:
 303:external/drivers/stm32c0xx/src/stm32c0xx_hal_rcc_ex.c ****     {
 522              		.loc 1 303 5 view .LVU157
 523 0054 8023     		movs	r3, #128
 524 0056 DB01     		lsls	r3, r3, #7
 525 0058 9842     		cmp	r0, r3
 526 005a 14D1     		bne	.L108
 335:external/drivers/stm32c0xx/src/stm32c0xx_hal_rcc_ex.c **** 
 527              		.loc 1 335 9 is_stmt 1 view .LVU158
 335:external/drivers/stm32c0xx/src/stm32c0xx_hal_rcc_ex.c **** 
 528              		.loc 1 335 18 is_stmt 0 view .LVU159
 529 005c 464A     		ldr	r2, .L112
 530 005e 536D     		ldr	r3, [r2, #84]
 335:external/drivers/stm32c0xx/src/stm32c0xx_hal_rcc_ex.c **** 
 531              		.loc 1 335 16 view .LVU160
 532 0060 9B0F     		lsrs	r3, r3, #30
 533 0062 9C07     		lsls	r4, r3, #30
 534              	.LVL27:
 337:external/drivers/stm32c0xx/src/stm32c0xx_hal_rcc_ex.c ****         {
 535              		.loc 1 337 9 is_stmt 1 view .LVU161
 337:external/drivers/stm32c0xx/src/stm32c0xx_hal_rcc_ex.c ****         {
 536              		.loc 1 337 12 is_stmt 0 view .LVU162
 537 0064 002B     		cmp	r3, #0
 538 0066 00D1     		bne	.LCB459
 539 0068 6FE0     		b	.L66	@long jump
 540              	.LCB459:
 341:external/drivers/stm32c0xx/src/stm32c0xx_hal_rcc_ex.c ****         {
 541              		.loc 1 341 14 is_stmt 1 view .LVU163
ARM GAS  /tmp/cc0T4wgr.s 			page 18


 341:external/drivers/stm32c0xx/src/stm32c0xx_hal_rcc_ex.c ****         {
 542              		.loc 1 341 19 is_stmt 0 view .LVU164
 543 006a 1168     		ldr	r1, [r2]
 544 006c 8023     		movs	r3, #128
 545 006e 0800     		movs	r0, r1
 546              	.LVL28:
 341:external/drivers/stm32c0xx/src/stm32c0xx_hal_rcc_ex.c ****         {
 547              		.loc 1 341 19 view .LVU165
 548 0070 DB00     		lsls	r3, r3, #3
 549 0072 1840     		ands	r0, r3
 341:external/drivers/stm32c0xx/src/stm32c0xx_hal_rcc_ex.c ****         {
 550              		.loc 1 341 17 view .LVU166
 551 0074 1942     		tst	r1, r3
 552 0076 07D0     		beq	.L52
 341:external/drivers/stm32c0xx/src/stm32c0xx_hal_rcc_ex.c ****         {
 553              		.loc 1 341 59 discriminator 1 view .LVU167
 554 0078 8023     		movs	r3, #128
 555 007a 0020     		movs	r0, #0
 556 007c 1B06     		lsls	r3, r3, #24
 557 007e 9C42     		cmp	r4, r3
 558 0080 02D1     		bne	.L52
 343:external/drivers/stm32c0xx/src/stm32c0xx_hal_rcc_ex.c ****         }
 559              		.loc 1 343 11 is_stmt 1 view .LVU168
 343:external/drivers/stm32c0xx/src/stm32c0xx_hal_rcc_ex.c ****         }
 560              		.loc 1 343 38 is_stmt 0 view .LVU169
 561 0082 1168     		ldr	r1, [r2]
 562 0084 4FE0     		b	.L109
 563              	.LVL29:
 564              	.L108:
 303:external/drivers/stm32c0xx/src/stm32c0xx_hal_rcc_ex.c ****     {
 565              		.loc 1 303 5 view .LVU170
 566 0086 0020     		movs	r0, #0
 567              	.LVL30:
 568              	.L52:
 367:external/drivers/stm32c0xx/src/stm32c0xx_hal_rcc_ex.c ****         }
 368:external/drivers/stm32c0xx/src/stm32c0xx_hal_rcc_ex.c ****         /* Clock not enabled for I2C1 */
 369:external/drivers/stm32c0xx/src/stm32c0xx_hal_rcc_ex.c ****         else
 370:external/drivers/stm32c0xx/src/stm32c0xx_hal_rcc_ex.c ****         {
 371:external/drivers/stm32c0xx/src/stm32c0xx_hal_rcc_ex.c ****           /* Nothing to do as frequency already initialized to 0U */
 372:external/drivers/stm32c0xx/src/stm32c0xx_hal_rcc_ex.c ****         }
 373:external/drivers/stm32c0xx/src/stm32c0xx_hal_rcc_ex.c ****         break;
 374:external/drivers/stm32c0xx/src/stm32c0xx_hal_rcc_ex.c **** 
 375:external/drivers/stm32c0xx/src/stm32c0xx_hal_rcc_ex.c ****       case RCC_PERIPHCLK_I2S1:
 376:external/drivers/stm32c0xx/src/stm32c0xx_hal_rcc_ex.c ****         /* Get the current I2S1 source */
 377:external/drivers/stm32c0xx/src/stm32c0xx_hal_rcc_ex.c ****         srcclk = __HAL_RCC_GET_I2S1_SOURCE();
 378:external/drivers/stm32c0xx/src/stm32c0xx_hal_rcc_ex.c **** 
 379:external/drivers/stm32c0xx/src/stm32c0xx_hal_rcc_ex.c ****         if (srcclk == RCC_I2S1CLKSOURCE_SYSCLK)
 380:external/drivers/stm32c0xx/src/stm32c0xx_hal_rcc_ex.c ****         {
 381:external/drivers/stm32c0xx/src/stm32c0xx_hal_rcc_ex.c ****           frequency = HAL_RCC_GetSysClockFreq();
 382:external/drivers/stm32c0xx/src/stm32c0xx_hal_rcc_ex.c ****         }
 383:external/drivers/stm32c0xx/src/stm32c0xx_hal_rcc_ex.c ****         else if ((HAL_IS_BIT_SET(RCC->CR, RCC_CR_HSIRDY)) && (srcclk == RCC_I2S1CLKSOURCE_HSIKER))
 384:external/drivers/stm32c0xx/src/stm32c0xx_hal_rcc_ex.c ****         {
 385:external/drivers/stm32c0xx/src/stm32c0xx_hal_rcc_ex.c ****           frequency = (HSI_VALUE / ((__HAL_RCC_GET_HSIKER_DIVIDER() >> RCC_CR_HSIKERDIV_Pos) + 1U))
 386:external/drivers/stm32c0xx/src/stm32c0xx_hal_rcc_ex.c ****         }
 387:external/drivers/stm32c0xx/src/stm32c0xx_hal_rcc_ex.c ****         else if (srcclk == RCC_I2S1CLKSOURCE_EXT)
 388:external/drivers/stm32c0xx/src/stm32c0xx_hal_rcc_ex.c ****         {
 389:external/drivers/stm32c0xx/src/stm32c0xx_hal_rcc_ex.c ****           /* External clock used.*/
ARM GAS  /tmp/cc0T4wgr.s 			page 19


 390:external/drivers/stm32c0xx/src/stm32c0xx_hal_rcc_ex.c ****           frequency = EXTERNAL_I2S1_CLOCK_VALUE;
 391:external/drivers/stm32c0xx/src/stm32c0xx_hal_rcc_ex.c ****         }
 392:external/drivers/stm32c0xx/src/stm32c0xx_hal_rcc_ex.c ****         /* Clock not enabled for I2S1 */
 393:external/drivers/stm32c0xx/src/stm32c0xx_hal_rcc_ex.c ****         else
 394:external/drivers/stm32c0xx/src/stm32c0xx_hal_rcc_ex.c ****         {
 395:external/drivers/stm32c0xx/src/stm32c0xx_hal_rcc_ex.c ****           /* Nothing to do as frequency already initialized to 0U */
 396:external/drivers/stm32c0xx/src/stm32c0xx_hal_rcc_ex.c ****         }
 397:external/drivers/stm32c0xx/src/stm32c0xx_hal_rcc_ex.c ****         break;
 398:external/drivers/stm32c0xx/src/stm32c0xx_hal_rcc_ex.c **** 
 399:external/drivers/stm32c0xx/src/stm32c0xx_hal_rcc_ex.c ****       default:
 400:external/drivers/stm32c0xx/src/stm32c0xx_hal_rcc_ex.c ****         break;
 401:external/drivers/stm32c0xx/src/stm32c0xx_hal_rcc_ex.c ****     }
 402:external/drivers/stm32c0xx/src/stm32c0xx_hal_rcc_ex.c ****   }
 403:external/drivers/stm32c0xx/src/stm32c0xx_hal_rcc_ex.c **** 
 404:external/drivers/stm32c0xx/src/stm32c0xx_hal_rcc_ex.c ****   return (frequency);
 405:external/drivers/stm32c0xx/src/stm32c0xx_hal_rcc_ex.c **** }
 569              		.loc 1 405 1 view .LVU171
 570              		@ sp needed
 571 0088 10BD     		pop	{r4, pc}
 572              	.LVL31:
 573              	.L110:
 276:external/drivers/stm32c0xx/src/stm32c0xx_hal_rcc_ex.c **** 
 574              		.loc 1 276 5 is_stmt 1 view .LVU172
 276:external/drivers/stm32c0xx/src/stm32c0xx_hal_rcc_ex.c **** 
 575              		.loc 1 276 12 is_stmt 0 view .LVU173
 576 008a C021     		movs	r1, #192
 276:external/drivers/stm32c0xx/src/stm32c0xx_hal_rcc_ex.c **** 
 577              		.loc 1 276 14 view .LVU174
 578 008c 3A4A     		ldr	r2, .L112
 276:external/drivers/stm32c0xx/src/stm32c0xx_hal_rcc_ex.c **** 
 579              		.loc 1 276 12 view .LVU175
 580 008e 8900     		lsls	r1, r1, #2
 276:external/drivers/stm32c0xx/src/stm32c0xx_hal_rcc_ex.c **** 
 581              		.loc 1 276 14 view .LVU176
 582 0090 D36D     		ldr	r3, [r2, #92]
 279:external/drivers/stm32c0xx/src/stm32c0xx_hal_rcc_ex.c ****     {
 583              		.loc 1 279 10 view .LVU177
 584 0092 D26D     		ldr	r2, [r2, #92]
 276:external/drivers/stm32c0xx/src/stm32c0xx_hal_rcc_ex.c **** 
 585              		.loc 1 276 12 view .LVU178
 586 0094 0B40     		ands	r3, r1
 587              	.LVL32:
 279:external/drivers/stm32c0xx/src/stm32c0xx_hal_rcc_ex.c ****     {
 588              		.loc 1 279 5 is_stmt 1 view .LVU179
 279:external/drivers/stm32c0xx/src/stm32c0xx_hal_rcc_ex.c ****     {
 589              		.loc 1 279 8 is_stmt 0 view .LVU180
 590 0096 9207     		lsls	r2, r2, #30
 591 0098 03D5     		bpl	.L54
 279:external/drivers/stm32c0xx/src/stm32c0xx_hal_rcc_ex.c ****     {
 592              		.loc 1 279 54 discriminator 1 view .LVU181
 593 009a 8022     		movs	r2, #128
 594 009c 5200     		lsls	r2, r2, #1
 595 009e 9342     		cmp	r3, r2
 596 00a0 56D0     		beq	.L69
 597              	.L54:
 284:external/drivers/stm32c0xx/src/stm32c0xx_hal_rcc_ex.c ****     {
 598              		.loc 1 284 10 is_stmt 1 view .LVU182
ARM GAS  /tmp/cc0T4wgr.s 			page 20


 284:external/drivers/stm32c0xx/src/stm32c0xx_hal_rcc_ex.c ****     {
 599              		.loc 1 284 15 is_stmt 0 view .LVU183
 600 00a2 354A     		ldr	r2, .L112
 601 00a4 126E     		ldr	r2, [r2, #96]
 284:external/drivers/stm32c0xx/src/stm32c0xx_hal_rcc_ex.c ****     {
 602              		.loc 1 284 13 view .LVU184
 603 00a6 9207     		lsls	r2, r2, #30
 604 00a8 03D5     		bpl	.L56
 284:external/drivers/stm32c0xx/src/stm32c0xx_hal_rcc_ex.c ****     {
 605              		.loc 1 284 59 discriminator 1 view .LVU185
 606 00aa 8022     		movs	r2, #128
 607 00ac 9200     		lsls	r2, r2, #2
 608 00ae 9342     		cmp	r3, r2
 609 00b0 5DD0     		beq	.L70
 610              	.L56:
 289:external/drivers/stm32c0xx/src/stm32c0xx_hal_rcc_ex.c ****     {
 611              		.loc 1 289 10 is_stmt 1 view .LVU186
 289:external/drivers/stm32c0xx/src/stm32c0xx_hal_rcc_ex.c ****     {
 612              		.loc 1 289 15 is_stmt 0 view .LVU187
 613 00b2 314A     		ldr	r2, .L112
 614 00b4 1168     		ldr	r1, [r2]
 615 00b6 8022     		movs	r2, #128
 616 00b8 0800     		movs	r0, r1
 617              	.LVL33:
 289:external/drivers/stm32c0xx/src/stm32c0xx_hal_rcc_ex.c ****     {
 618              		.loc 1 289 15 view .LVU188
 619 00ba 9202     		lsls	r2, r2, #10
 620 00bc 1040     		ands	r0, r2
 289:external/drivers/stm32c0xx/src/stm32c0xx_hal_rcc_ex.c ****     {
 621              		.loc 1 289 13 view .LVU189
 622 00be 1142     		tst	r1, r2
 623 00c0 E2D0     		beq	.L52
 291:external/drivers/stm32c0xx/src/stm32c0xx_hal_rcc_ex.c ****     }
 624              		.loc 1 291 17 discriminator 1 view .LVU190
 625 00c2 2E4A     		ldr	r2, .L112+4
 626 00c4 2E48     		ldr	r0, .L112+8
 627 00c6 9446     		mov	ip, r2
 628 00c8 6344     		add	r3, r3, ip
 629              	.LVL34:
 291:external/drivers/stm32c0xx/src/stm32c0xx_hal_rcc_ex.c ****     }
 630              		.loc 1 291 17 discriminator 1 view .LVU191
 631 00ca 5A1E     		subs	r2, r3, #1
 632 00cc 9341     		sbcs	r3, r3, r2
 633              	.LVL35:
 291:external/drivers/stm32c0xx/src/stm32c0xx_hal_rcc_ex.c ****     }
 634              		.loc 1 291 17 discriminator 1 view .LVU192
 635 00ce 5B42     		rsbs	r3, r3, #0
 636 00d0 1840     		ands	r0, r3
 637 00d2 2C4B     		ldr	r3, .L112+12
 638 00d4 9C46     		mov	ip, r3
 639 00d6 6044     		add	r0, r0, ip
 640 00d8 D6E7     		b	.L52
 641              	.LVL36:
 642              	.L59:
 308:external/drivers/stm32c0xx/src/stm32c0xx_hal_rcc_ex.c **** 
 643              		.loc 1 308 9 is_stmt 1 view .LVU193
 308:external/drivers/stm32c0xx/src/stm32c0xx_hal_rcc_ex.c **** 
ARM GAS  /tmp/cc0T4wgr.s 			page 21


 644              		.loc 1 308 16 is_stmt 0 view .LVU194
 645 00da 0321     		movs	r1, #3
 646 00dc 0C00     		movs	r4, r1
 308:external/drivers/stm32c0xx/src/stm32c0xx_hal_rcc_ex.c **** 
 647              		.loc 1 308 18 view .LVU195
 648 00de 264B     		ldr	r3, .L112
 649 00e0 5A6D     		ldr	r2, [r3, #84]
 308:external/drivers/stm32c0xx/src/stm32c0xx_hal_rcc_ex.c **** 
 650              		.loc 1 308 16 view .LVU196
 651 00e2 1440     		ands	r4, r2
 652              	.LVL37:
 310:external/drivers/stm32c0xx/src/stm32c0xx_hal_rcc_ex.c ****         {
 653              		.loc 1 310 9 is_stmt 1 view .LVU197
 310:external/drivers/stm32c0xx/src/stm32c0xx_hal_rcc_ex.c ****         {
 654              		.loc 1 310 12 is_stmt 0 view .LVU198
 655 00e4 1142     		tst	r1, r2
 656 00e6 0BD0     		beq	.L67
 314:external/drivers/stm32c0xx/src/stm32c0xx_hal_rcc_ex.c ****         {
 657              		.loc 1 314 14 is_stmt 1 view .LVU199
 314:external/drivers/stm32c0xx/src/stm32c0xx_hal_rcc_ex.c ****         {
 658              		.loc 1 314 17 is_stmt 0 view .LVU200
 659 00e8 012C     		cmp	r4, #1
 660 00ea 2ED0     		beq	.L66
 318:external/drivers/stm32c0xx/src/stm32c0xx_hal_rcc_ex.c ****         {
 661              		.loc 1 318 14 is_stmt 1 view .LVU201
 318:external/drivers/stm32c0xx/src/stm32c0xx_hal_rcc_ex.c ****         {
 662              		.loc 1 318 19 is_stmt 0 view .LVU202
 663 00ec 1A68     		ldr	r2, [r3]
 318:external/drivers/stm32c0xx/src/stm32c0xx_hal_rcc_ex.c ****         {
 664              		.loc 1 318 17 view .LVU203
 665 00ee 5205     		lsls	r2, r2, #21
 666 00f0 31D5     		bpl	.L64
 318:external/drivers/stm32c0xx/src/stm32c0xx_hal_rcc_ex.c ****         {
 667              		.loc 1 318 59 discriminator 1 view .LVU204
 668 00f2 022C     		cmp	r4, #2
 669 00f4 3ED0     		beq	.L111
 322:external/drivers/stm32c0xx/src/stm32c0xx_hal_rcc_ex.c ****         {
 670              		.loc 1 322 14 is_stmt 1 view .LVU205
 322:external/drivers/stm32c0xx/src/stm32c0xx_hal_rcc_ex.c ****         {
 671              		.loc 1 322 19 is_stmt 0 view .LVU206
 672 00f6 DB6D     		ldr	r3, [r3, #92]
 322:external/drivers/stm32c0xx/src/stm32c0xx_hal_rcc_ex.c ****         {
 673              		.loc 1 322 17 view .LVU207
 674 00f8 5B08     		lsrs	r3, r3, #1
 675 00fa 1840     		ands	r0, r3
 676              	.LVL38:
 322:external/drivers/stm32c0xx/src/stm32c0xx_hal_rcc_ex.c ****         {
 677              		.loc 1 322 17 view .LVU208
 678 00fc C003     		lsls	r0, r0, #15
 679 00fe C3E7     		b	.L52
 680              	.LVL39:
 681              	.L67:
 312:external/drivers/stm32c0xx/src/stm32c0xx_hal_rcc_ex.c ****         }
 682              		.loc 1 312 11 is_stmt 1 view .LVU209
 312:external/drivers/stm32c0xx/src/stm32c0xx_hal_rcc_ex.c ****         }
 683              		.loc 1 312 23 is_stmt 0 view .LVU210
 684 0100 FFF7FEFF 		bl	HAL_RCC_GetPCLK1Freq
ARM GAS  /tmp/cc0T4wgr.s 			page 22


 685              	.LVL40:
 312:external/drivers/stm32c0xx/src/stm32c0xx_hal_rcc_ex.c ****         }
 686              		.loc 1 312 23 view .LVU211
 687 0104 C0E7     		b	.L52
 688              	.LVL41:
 689              	.L57:
 377:external/drivers/stm32c0xx/src/stm32c0xx_hal_rcc_ex.c **** 
 690              		.loc 1 377 9 is_stmt 1 view .LVU212
 377:external/drivers/stm32c0xx/src/stm32c0xx_hal_rcc_ex.c **** 
 691              		.loc 1 377 18 is_stmt 0 view .LVU213
 692 0106 1C48     		ldr	r0, .L112
 693              	.LVL42:
 377:external/drivers/stm32c0xx/src/stm32c0xx_hal_rcc_ex.c **** 
 694              		.loc 1 377 16 view .LVU214
 695 0108 C022     		movs	r2, #192
 377:external/drivers/stm32c0xx/src/stm32c0xx_hal_rcc_ex.c **** 
 696              		.loc 1 377 18 view .LVU215
 697 010a 416D     		ldr	r1, [r0, #84]
 377:external/drivers/stm32c0xx/src/stm32c0xx_hal_rcc_ex.c **** 
 698              		.loc 1 377 16 view .LVU216
 699 010c 1202     		lsls	r2, r2, #8
 700 010e 0B00     		movs	r3, r1
 701 0110 1340     		ands	r3, r2
 702              	.LVL43:
 379:external/drivers/stm32c0xx/src/stm32c0xx_hal_rcc_ex.c ****         {
 703              		.loc 1 379 9 is_stmt 1 view .LVU217
 379:external/drivers/stm32c0xx/src/stm32c0xx_hal_rcc_ex.c ****         {
 704              		.loc 1 379 12 is_stmt 0 view .LVU218
 705 0112 1142     		tst	r1, r2
 706 0114 19D0     		beq	.L66
 383:external/drivers/stm32c0xx/src/stm32c0xx_hal_rcc_ex.c ****         {
 707              		.loc 1 383 14 is_stmt 1 view .LVU219
 383:external/drivers/stm32c0xx/src/stm32c0xx_hal_rcc_ex.c ****         {
 708              		.loc 1 383 19 is_stmt 0 view .LVU220
 709 0116 0268     		ldr	r2, [r0]
 383:external/drivers/stm32c0xx/src/stm32c0xx_hal_rcc_ex.c ****         {
 710              		.loc 1 383 17 view .LVU221
 711 0118 5205     		lsls	r2, r2, #21
 712 011a 0BD5     		bpl	.L68
 383:external/drivers/stm32c0xx/src/stm32c0xx_hal_rcc_ex.c ****         {
 713              		.loc 1 383 59 discriminator 1 view .LVU222
 714 011c 8022     		movs	r2, #128
 715 011e 1202     		lsls	r2, r2, #8
 716 0120 9342     		cmp	r3, r2
 717 0122 07D1     		bne	.L68
 385:external/drivers/stm32c0xx/src/stm32c0xx_hal_rcc_ex.c ****         }
 718              		.loc 1 385 11 is_stmt 1 view .LVU223
 385:external/drivers/stm32c0xx/src/stm32c0xx_hal_rcc_ex.c ****         }
 719              		.loc 1 385 38 is_stmt 0 view .LVU224
 720 0124 0168     		ldr	r1, [r0]
 721              	.LVL44:
 722              	.L109:
 385:external/drivers/stm32c0xx/src/stm32c0xx_hal_rcc_ex.c ****         }
 723              		.loc 1 385 69 view .LVU225
 724 0126 0906     		lsls	r1, r1, #24
 725 0128 490F     		lsrs	r1, r1, #29
 385:external/drivers/stm32c0xx/src/stm32c0xx_hal_rcc_ex.c ****         }
ARM GAS  /tmp/cc0T4wgr.s 			page 23


 726              		.loc 1 385 94 view .LVU226
 727 012a 0131     		adds	r1, r1, #1
 385:external/drivers/stm32c0xx/src/stm32c0xx_hal_rcc_ex.c ****         }
 728              		.loc 1 385 21 view .LVU227
 729 012c 1648     		ldr	r0, .L112+16
 730 012e FFF7FEFF 		bl	__aeabi_uidiv
 731              	.LVL45:
 385:external/drivers/stm32c0xx/src/stm32c0xx_hal_rcc_ex.c ****         }
 732              		.loc 1 385 21 view .LVU228
 733 0132 A9E7     		b	.L52
 734              	.LVL46:
 735              	.L68:
 387:external/drivers/stm32c0xx/src/stm32c0xx_hal_rcc_ex.c ****         {
 736              		.loc 1 387 14 is_stmt 1 view .LVU229
 390:external/drivers/stm32c0xx/src/stm32c0xx_hal_rcc_ex.c ****         }
 737              		.loc 1 390 21 is_stmt 0 view .LVU230
 738 0134 154A     		ldr	r2, .L112+20
 739 0136 9818     		adds	r0, r3, r2
 740 0138 431E     		subs	r3, r0, #1
 741 013a 9841     		sbcs	r0, r0, r3
 742              	.LVL47:
 390:external/drivers/stm32c0xx/src/stm32c0xx_hal_rcc_ex.c ****         }
 743              		.loc 1 390 21 view .LVU231
 744 013c 144B     		ldr	r3, .L112+24
 745 013e 4042     		rsbs	r0, r0, #0
 746 0140 1840     		ands	r0, r3
 747 0142 144B     		ldr	r3, .L112+28
 748 0144 9C46     		mov	ip, r3
 749 0146 6044     		add	r0, r0, ip
 750 0148 9EE7     		b	.L52
 751              	.LVL48:
 752              	.L66:
 316:external/drivers/stm32c0xx/src/stm32c0xx_hal_rcc_ex.c ****         }
 753              		.loc 1 316 11 is_stmt 1 view .LVU232
 316:external/drivers/stm32c0xx/src/stm32c0xx_hal_rcc_ex.c ****         }
 754              		.loc 1 316 23 is_stmt 0 view .LVU233
 755 014a FFF7FEFF 		bl	HAL_RCC_GetSysClockFreq
 756              	.LVL49:
 316:external/drivers/stm32c0xx/src/stm32c0xx_hal_rcc_ex.c ****         }
 757              		.loc 1 316 23 view .LVU234
 758 014e 9BE7     		b	.L52
 759              	.LVL50:
 760              	.L69:
 281:external/drivers/stm32c0xx/src/stm32c0xx_hal_rcc_ex.c ****     }
 761              		.loc 1 281 17 view .LVU235
 762 0150 8020     		movs	r0, #128
 763              	.LVL51:
 281:external/drivers/stm32c0xx/src/stm32c0xx_hal_rcc_ex.c ****     }
 764              		.loc 1 281 17 view .LVU236
 765 0152 0002     		lsls	r0, r0, #8
 766 0154 98E7     		b	.L52
 767              	.LVL52:
 768              	.L64:
 322:external/drivers/stm32c0xx/src/stm32c0xx_hal_rcc_ex.c ****         {
 769              		.loc 1 322 14 is_stmt 1 view .LVU237
 322:external/drivers/stm32c0xx/src/stm32c0xx_hal_rcc_ex.c ****         {
 770              		.loc 1 322 19 is_stmt 0 view .LVU238
ARM GAS  /tmp/cc0T4wgr.s 			page 24


 771 0156 0222     		movs	r2, #2
 772 0158 1000     		movs	r0, r2
 773              	.LVL53:
 322:external/drivers/stm32c0xx/src/stm32c0xx_hal_rcc_ex.c ****         {
 774              		.loc 1 322 19 view .LVU239
 775 015a DB6D     		ldr	r3, [r3, #92]
 776 015c 1840     		ands	r0, r3
 322:external/drivers/stm32c0xx/src/stm32c0xx_hal_rcc_ex.c ****         {
 777              		.loc 1 322 17 view .LVU240
 778 015e 1A42     		tst	r2, r3
 779 0160 00D1     		bne	.LCB682
 780 0162 91E7     		b	.L52	@long jump
 781              	.LCB682:
 322:external/drivers/stm32c0xx/src/stm32c0xx_hal_rcc_ex.c ****         {
 782              		.loc 1 322 63 discriminator 1 view .LVU241
 783 0164 033C     		subs	r4, r4, #3
 784              	.LVL54:
 322:external/drivers/stm32c0xx/src/stm32c0xx_hal_rcc_ex.c ****         {
 785              		.loc 1 322 63 discriminator 1 view .LVU242
 786 0166 6342     		rsbs	r3, r4, #0
 787 0168 5C41     		adcs	r4, r4, r3
 788              	.LVL55:
 322:external/drivers/stm32c0xx/src/stm32c0xx_hal_rcc_ex.c ****         {
 789              		.loc 1 322 63 discriminator 1 view .LVU243
 790 016a E003     		lsls	r0, r4, #15
 791 016c 8CE7     		b	.L52
 792              	.LVL56:
 793              	.L70:
 286:external/drivers/stm32c0xx/src/stm32c0xx_hal_rcc_ex.c ****     }
 794              		.loc 1 286 17 view .LVU244
 795 016e FA20     		movs	r0, #250
 796              	.LVL57:
 286:external/drivers/stm32c0xx/src/stm32c0xx_hal_rcc_ex.c ****     }
 797              		.loc 1 286 17 view .LVU245
 798 0170 C001     		lsls	r0, r0, #7
 799 0172 89E7     		b	.L52
 800              	.LVL58:
 801              	.L111:
 320:external/drivers/stm32c0xx/src/stm32c0xx_hal_rcc_ex.c ****         }
 802              		.loc 1 320 11 is_stmt 1 view .LVU246
 320:external/drivers/stm32c0xx/src/stm32c0xx_hal_rcc_ex.c ****         }
 803              		.loc 1 320 38 is_stmt 0 view .LVU247
 804 0174 1968     		ldr	r1, [r3]
 805 0176 D6E7     		b	.L109
 806              	.L113:
 807              		.align	2
 808              	.L112:
 809 0178 00100240 		.word	1073876992
 810 017c 00FDFFFF 		.word	-768
 811 0180 A01CE9FF 		.word	-1500000
 812 0184 60E31600 		.word	1500000
 813 0188 006CDC02 		.word	48000000
 814 018c 0040FFFF 		.word	-49152
 815 0190 008044FF 		.word	-12288000
 816 0194 0080BB00 		.word	12288000
 817              		.cfi_endproc
 818              	.LFE216:
ARM GAS  /tmp/cc0T4wgr.s 			page 25


 820              		.section	.text.HAL_RCCEx_EnableLSCO,"ax",%progbits
 821              		.align	1
 822              		.p2align 2,,3
 823              		.global	HAL_RCCEx_EnableLSCO
 824              		.syntax unified
 825              		.code	16
 826              		.thumb_func
 828              	HAL_RCCEx_EnableLSCO:
 829              	.LVL59:
 830              	.LFB217:
 406:external/drivers/stm32c0xx/src/stm32c0xx_hal_rcc_ex.c **** 
 407:external/drivers/stm32c0xx/src/stm32c0xx_hal_rcc_ex.c **** /**
 408:external/drivers/stm32c0xx/src/stm32c0xx_hal_rcc_ex.c ****   * @}
 409:external/drivers/stm32c0xx/src/stm32c0xx_hal_rcc_ex.c ****   */
 410:external/drivers/stm32c0xx/src/stm32c0xx_hal_rcc_ex.c **** 
 411:external/drivers/stm32c0xx/src/stm32c0xx_hal_rcc_ex.c **** /** @defgroup RCCEx_Exported_Functions_Group2 Extended Clock management functions
 412:external/drivers/stm32c0xx/src/stm32c0xx_hal_rcc_ex.c ****   *  @brief  Extended Clock management functions
 413:external/drivers/stm32c0xx/src/stm32c0xx_hal_rcc_ex.c ****   *
 414:external/drivers/stm32c0xx/src/stm32c0xx_hal_rcc_ex.c **** @verbatim
 415:external/drivers/stm32c0xx/src/stm32c0xx_hal_rcc_ex.c ****  ===============================================================================
 416:external/drivers/stm32c0xx/src/stm32c0xx_hal_rcc_ex.c ****                 ##### Extended clock management functions  #####
 417:external/drivers/stm32c0xx/src/stm32c0xx_hal_rcc_ex.c ****  ===============================================================================
 418:external/drivers/stm32c0xx/src/stm32c0xx_hal_rcc_ex.c ****     [..]
 419:external/drivers/stm32c0xx/src/stm32c0xx_hal_rcc_ex.c ****     This subsection provides a set of functions allowing to control the
 420:external/drivers/stm32c0xx/src/stm32c0xx_hal_rcc_ex.c ****     activation or deactivation of LSE CSS, Low speed clock output and
 421:external/drivers/stm32c0xx/src/stm32c0xx_hal_rcc_ex.c ****     clock after wake-up from STOP mode.
 422:external/drivers/stm32c0xx/src/stm32c0xx_hal_rcc_ex.c **** @endverbatim
 423:external/drivers/stm32c0xx/src/stm32c0xx_hal_rcc_ex.c ****   * @{
 424:external/drivers/stm32c0xx/src/stm32c0xx_hal_rcc_ex.c ****   */
 425:external/drivers/stm32c0xx/src/stm32c0xx_hal_rcc_ex.c **** 
 426:external/drivers/stm32c0xx/src/stm32c0xx_hal_rcc_ex.c **** /**
 427:external/drivers/stm32c0xx/src/stm32c0xx_hal_rcc_ex.c ****   * @brief  Select the Low Speed clock source to output on LSCO pin (PA2).
 428:external/drivers/stm32c0xx/src/stm32c0xx_hal_rcc_ex.c ****   * @param  LSCOSource  specifies the Low Speed clock source to output.
 429:external/drivers/stm32c0xx/src/stm32c0xx_hal_rcc_ex.c ****   *          This parameter can be one of the following values:
 430:external/drivers/stm32c0xx/src/stm32c0xx_hal_rcc_ex.c ****   *            @arg @ref RCC_LSCOSOURCE_LSI  LSI clock selected as LSCO source
 431:external/drivers/stm32c0xx/src/stm32c0xx_hal_rcc_ex.c ****   *            @arg @ref RCC_LSCOSOURCE_LSE  LSE clock selected as LSCO source
 432:external/drivers/stm32c0xx/src/stm32c0xx_hal_rcc_ex.c ****   * @retval None
 433:external/drivers/stm32c0xx/src/stm32c0xx_hal_rcc_ex.c ****   */
 434:external/drivers/stm32c0xx/src/stm32c0xx_hal_rcc_ex.c **** void HAL_RCCEx_EnableLSCO(uint32_t LSCOSource)
 435:external/drivers/stm32c0xx/src/stm32c0xx_hal_rcc_ex.c **** {
 831              		.loc 1 435 1 is_stmt 1 view -0
 832              		.cfi_startproc
 833              		@ args = 0, pretend = 0, frame = 32
 834              		@ frame_needed = 0, uses_anonymous_args = 0
 436:external/drivers/stm32c0xx/src/stm32c0xx_hal_rcc_ex.c ****   GPIO_InitTypeDef GPIO_InitStruct;
 835              		.loc 1 436 3 view .LVU249
 437:external/drivers/stm32c0xx/src/stm32c0xx_hal_rcc_ex.c **** 
 438:external/drivers/stm32c0xx/src/stm32c0xx_hal_rcc_ex.c ****   /* Check the parameters */
 439:external/drivers/stm32c0xx/src/stm32c0xx_hal_rcc_ex.c ****   assert_param(IS_RCC_LSCOSOURCE(LSCOSource));
 836              		.loc 1 439 3 view .LVU250
 440:external/drivers/stm32c0xx/src/stm32c0xx_hal_rcc_ex.c **** 
 441:external/drivers/stm32c0xx/src/stm32c0xx_hal_rcc_ex.c ****   /* LSCO Pin Clock Enable */
 442:external/drivers/stm32c0xx/src/stm32c0xx_hal_rcc_ex.c ****   LSCO_CLK_ENABLE();
 837              		.loc 1 442 3 view .LVU251
 838              	.LBB7:
 839              		.loc 1 442 3 view .LVU252
 840              		.loc 1 442 3 view .LVU253
ARM GAS  /tmp/cc0T4wgr.s 			page 26


 841 0000 0123     		movs	r3, #1
 842              	.LBE7:
 435:external/drivers/stm32c0xx/src/stm32c0xx_hal_rcc_ex.c ****   GPIO_InitTypeDef GPIO_InitStruct;
 843              		.loc 1 435 1 is_stmt 0 view .LVU254
 844 0002 30B5     		push	{r4, r5, lr}
 845              	.LCFI4:
 846              		.cfi_def_cfa_offset 12
 847              		.cfi_offset 4, -12
 848              		.cfi_offset 5, -8
 849              		.cfi_offset 14, -4
 850              	.LBB8:
 851              		.loc 1 442 3 view .LVU255
 852 0004 104C     		ldr	r4, .L115
 853              	.LBE8:
 435:external/drivers/stm32c0xx/src/stm32c0xx_hal_rcc_ex.c ****   GPIO_InitTypeDef GPIO_InitStruct;
 854              		.loc 1 435 1 view .LVU256
 855 0006 89B0     		sub	sp, sp, #36
 856              	.LCFI5:
 857              		.cfi_def_cfa_offset 48
 858              	.LBB9:
 859              		.loc 1 442 3 view .LVU257
 860 0008 626B     		ldr	r2, [r4, #52]
 861              	.LBE9:
 435:external/drivers/stm32c0xx/src/stm32c0xx_hal_rcc_ex.c ****   GPIO_InitTypeDef GPIO_InitStruct;
 862              		.loc 1 435 1 view .LVU258
 863 000a 0500     		movs	r5, r0
 864              	.LBB10:
 865              		.loc 1 442 3 view .LVU259
 866 000c 1A43     		orrs	r2, r3
 867 000e 6263     		str	r2, [r4, #52]
 868              		.loc 1 442 3 is_stmt 1 view .LVU260
 869 0010 626B     		ldr	r2, [r4, #52]
 870              	.LBE10:
 443:external/drivers/stm32c0xx/src/stm32c0xx_hal_rcc_ex.c **** 
 444:external/drivers/stm32c0xx/src/stm32c0xx_hal_rcc_ex.c ****   /* configure the LSCO pin in analog mode */
 445:external/drivers/stm32c0xx/src/stm32c0xx_hal_rcc_ex.c ****   GPIO_InitStruct.Pin = LSCO_PIN;
 446:external/drivers/stm32c0xx/src/stm32c0xx_hal_rcc_ex.c ****   GPIO_InitStruct.Mode = GPIO_MODE_ANALOG;
 447:external/drivers/stm32c0xx/src/stm32c0xx_hal_rcc_ex.c ****   GPIO_InitStruct.Speed = GPIO_SPEED_FREQ_VERY_HIGH;
 448:external/drivers/stm32c0xx/src/stm32c0xx_hal_rcc_ex.c ****   GPIO_InitStruct.Pull = GPIO_NOPULL;
 449:external/drivers/stm32c0xx/src/stm32c0xx_hal_rcc_ex.c ****   HAL_GPIO_Init(LSCO_GPIO_PORT, &GPIO_InitStruct);
 871              		.loc 1 449 3 is_stmt 0 view .LVU261
 872 0012 A020     		movs	r0, #160
 873              	.LVL60:
 874              	.LBB11:
 442:external/drivers/stm32c0xx/src/stm32c0xx_hal_rcc_ex.c **** 
 875              		.loc 1 442 3 view .LVU262
 876 0014 1340     		ands	r3, r2
 877 0016 0193     		str	r3, [sp, #4]
 442:external/drivers/stm32c0xx/src/stm32c0xx_hal_rcc_ex.c **** 
 878              		.loc 1 442 3 is_stmt 1 view .LVU263
 879 0018 019B     		ldr	r3, [sp, #4]
 880              	.LBE11:
 442:external/drivers/stm32c0xx/src/stm32c0xx_hal_rcc_ex.c **** 
 881              		.loc 1 442 3 view .LVU264
 445:external/drivers/stm32c0xx/src/stm32c0xx_hal_rcc_ex.c ****   GPIO_InitStruct.Mode = GPIO_MODE_ANALOG;
 882              		.loc 1 445 3 view .LVU265
 446:external/drivers/stm32c0xx/src/stm32c0xx_hal_rcc_ex.c ****   GPIO_InitStruct.Speed = GPIO_SPEED_FREQ_VERY_HIGH;
ARM GAS  /tmp/cc0T4wgr.s 			page 27


 883              		.loc 1 446 3 view .LVU266
 447:external/drivers/stm32c0xx/src/stm32c0xx_hal_rcc_ex.c ****   GPIO_InitStruct.Pull = GPIO_NOPULL;
 884              		.loc 1 447 3 view .LVU267
 448:external/drivers/stm32c0xx/src/stm32c0xx_hal_rcc_ex.c ****   HAL_GPIO_Init(LSCO_GPIO_PORT, &GPIO_InitStruct);
 885              		.loc 1 448 3 view .LVU268
 445:external/drivers/stm32c0xx/src/stm32c0xx_hal_rcc_ex.c ****   GPIO_InitStruct.Mode = GPIO_MODE_ANALOG;
 886              		.loc 1 445 23 is_stmt 0 view .LVU269
 887 001a 0422     		movs	r2, #4
 888 001c 0323     		movs	r3, #3
 889 001e 0292     		str	r2, [sp, #8]
 890 0020 0393     		str	r3, [sp, #12]
 891 0022 0022     		movs	r2, #0
 892 0024 0323     		movs	r3, #3
 893              		.loc 1 449 3 view .LVU270
 894 0026 02A9     		add	r1, sp, #8
 895 0028 C005     		lsls	r0, r0, #23
 445:external/drivers/stm32c0xx/src/stm32c0xx_hal_rcc_ex.c ****   GPIO_InitStruct.Mode = GPIO_MODE_ANALOG;
 896              		.loc 1 445 23 view .LVU271
 897 002a 0492     		str	r2, [sp, #16]
 898 002c 0593     		str	r3, [sp, #20]
 899              		.loc 1 449 3 is_stmt 1 view .LVU272
 900 002e FFF7FEFF 		bl	HAL_GPIO_Init
 901              	.LVL61:
 450:external/drivers/stm32c0xx/src/stm32c0xx_hal_rcc_ex.c **** 
 451:external/drivers/stm32c0xx/src/stm32c0xx_hal_rcc_ex.c ****   MODIFY_REG(RCC->CSR1, RCC_CSR1_LSCOSEL | RCC_CSR1_LSCOEN, LSCOSource | RCC_CSR1_LSCOEN);
 902              		.loc 1 451 3 view .LVU273
 903 0032 E06D     		ldr	r0, [r4, #92]
 904 0034 054B     		ldr	r3, .L115+4
 905 0036 1840     		ands	r0, r3
 906 0038 8023     		movs	r3, #128
 907 003a 2843     		orrs	r0, r5
 908 003c 5B04     		lsls	r3, r3, #17
 909 003e 0343     		orrs	r3, r0
 910 0040 E365     		str	r3, [r4, #92]
 452:external/drivers/stm32c0xx/src/stm32c0xx_hal_rcc_ex.c **** 
 453:external/drivers/stm32c0xx/src/stm32c0xx_hal_rcc_ex.c **** }
 911              		.loc 1 453 1 is_stmt 0 view .LVU274
 912 0042 09B0     		add	sp, sp, #36
 913              		@ sp needed
 914              	.LVL62:
 915              		.loc 1 453 1 view .LVU275
 916 0044 30BD     		pop	{r4, r5, pc}
 917              	.L116:
 918 0046 C046     		.align	2
 919              	.L115:
 920 0048 00100240 		.word	1073876992
 921 004c FFFFFFFC 		.word	-50331649
 922              		.cfi_endproc
 923              	.LFE217:
 925              		.section	.text.HAL_RCCEx_DisableLSCO,"ax",%progbits
 926              		.align	1
 927              		.p2align 2,,3
 928              		.global	HAL_RCCEx_DisableLSCO
 929              		.syntax unified
 930              		.code	16
 931              		.thumb_func
 933              	HAL_RCCEx_DisableLSCO:
ARM GAS  /tmp/cc0T4wgr.s 			page 28


 934              	.LFB218:
 454:external/drivers/stm32c0xx/src/stm32c0xx_hal_rcc_ex.c **** 
 455:external/drivers/stm32c0xx/src/stm32c0xx_hal_rcc_ex.c **** /**
 456:external/drivers/stm32c0xx/src/stm32c0xx_hal_rcc_ex.c ****   * @brief  Disable the Low Speed clock output.
 457:external/drivers/stm32c0xx/src/stm32c0xx_hal_rcc_ex.c ****   * @retval None
 458:external/drivers/stm32c0xx/src/stm32c0xx_hal_rcc_ex.c ****   */
 459:external/drivers/stm32c0xx/src/stm32c0xx_hal_rcc_ex.c **** void HAL_RCCEx_DisableLSCO(void)
 460:external/drivers/stm32c0xx/src/stm32c0xx_hal_rcc_ex.c **** {
 935              		.loc 1 460 1 is_stmt 1 view -0
 936              		.cfi_startproc
 937              		@ args = 0, pretend = 0, frame = 0
 938              		@ frame_needed = 0, uses_anonymous_args = 0
 939              		@ link register save eliminated.
 461:external/drivers/stm32c0xx/src/stm32c0xx_hal_rcc_ex.c **** 
 462:external/drivers/stm32c0xx/src/stm32c0xx_hal_rcc_ex.c ****   CLEAR_BIT(RCC->CSR1, RCC_CSR1_LSCOEN);
 940              		.loc 1 462 3 view .LVU277
 941 0000 024A     		ldr	r2, .L118
 942 0002 0349     		ldr	r1, .L118+4
 943 0004 D36D     		ldr	r3, [r2, #92]
 463:external/drivers/stm32c0xx/src/stm32c0xx_hal_rcc_ex.c **** 
 464:external/drivers/stm32c0xx/src/stm32c0xx_hal_rcc_ex.c **** }
 944              		.loc 1 464 1 is_stmt 0 view .LVU278
 945              		@ sp needed
 462:external/drivers/stm32c0xx/src/stm32c0xx_hal_rcc_ex.c **** 
 946              		.loc 1 462 3 view .LVU279
 947 0006 0B40     		ands	r3, r1
 948 0008 D365     		str	r3, [r2, #92]
 949              		.loc 1 464 1 view .LVU280
 950 000a 7047     		bx	lr
 951              	.L119:
 952              		.align	2
 953              	.L118:
 954 000c 00100240 		.word	1073876992
 955 0010 FFFFFFFE 		.word	-16777217
 956              		.cfi_endproc
 957              	.LFE218:
 959              		.text
 960              	.Letext0:
 961              		.file 2 "/usr/lib/gcc/arm-none-eabi/12.2.1/include/stdint.h"
 962              		.file 3 "external/drivers/cmsis/include/stm32c031xx.h"
 963              		.file 4 "external/drivers/cmsis/include/stm32c0xx.h"
 964              		.file 5 "external/drivers/stm32c0xx/include/stm32c0xx_hal_def.h"
 965              		.file 6 "external/drivers/stm32c0xx/include/stm32c0xx_hal_rcc_ex.h"
 966              		.file 7 "external/drivers/stm32c0xx/include/stm32c0xx_hal_gpio.h"
 967              		.file 8 "external/drivers/stm32c0xx/include/stm32c0xx_hal_rcc.h"
 968              		.file 9 "external/drivers/stm32c0xx/include/stm32c0xx_hal.h"
ARM GAS  /tmp/cc0T4wgr.s 			page 29


DEFINED SYMBOLS
                            *ABS*:00000000 stm32c0xx_hal_rcc_ex.c
     /tmp/cc0T4wgr.s:19     .text.HAL_RCCEx_PeriphCLKConfig:00000000 $t
     /tmp/cc0T4wgr.s:26     .text.HAL_RCCEx_PeriphCLKConfig:00000000 HAL_RCCEx_PeriphCLKConfig
     /tmp/cc0T4wgr.s:335    .text.HAL_RCCEx_PeriphCLKConfig:00000118 $d
     /tmp/cc0T4wgr.s:346    .text.HAL_RCCEx_GetPeriphCLKConfig:00000000 $t
     /tmp/cc0T4wgr.s:353    .text.HAL_RCCEx_GetPeriphCLKConfig:00000000 HAL_RCCEx_GetPeriphCLKConfig
     /tmp/cc0T4wgr.s:424    .text.HAL_RCCEx_GetPeriphCLKConfig:00000040 $d
     /tmp/cc0T4wgr.s:432    .text.HAL_RCCEx_GetPeriphCLKFreq:00000000 $t
     /tmp/cc0T4wgr.s:439    .text.HAL_RCCEx_GetPeriphCLKFreq:00000000 HAL_RCCEx_GetPeriphCLKFreq
     /tmp/cc0T4wgr.s:809    .text.HAL_RCCEx_GetPeriphCLKFreq:00000178 $d
     /tmp/cc0T4wgr.s:821    .text.HAL_RCCEx_EnableLSCO:00000000 $t
     /tmp/cc0T4wgr.s:828    .text.HAL_RCCEx_EnableLSCO:00000000 HAL_RCCEx_EnableLSCO
     /tmp/cc0T4wgr.s:920    .text.HAL_RCCEx_EnableLSCO:00000048 $d
     /tmp/cc0T4wgr.s:926    .text.HAL_RCCEx_DisableLSCO:00000000 $t
     /tmp/cc0T4wgr.s:933    .text.HAL_RCCEx_DisableLSCO:00000000 HAL_RCCEx_DisableLSCO
     /tmp/cc0T4wgr.s:954    .text.HAL_RCCEx_DisableLSCO:0000000c $d

UNDEFINED SYMBOLS
HAL_GetTick
__aeabi_uidiv
__aeabi_idiv
HAL_RCC_GetPCLK1Freq
HAL_RCC_GetSysClockFreq
HAL_GPIO_Init
