ARM GAS  /tmp/ccBgAi4k.s 			page 1


   1              		.cpu cortex-m0plus
   2              		.arch armv6s-m
   3              		.fpu softvfp
   4              		.eabi_attribute 20, 1
   5              		.eabi_attribute 21, 1
   6              		.eabi_attribute 23, 3
   7              		.eabi_attribute 24, 1
   8              		.eabi_attribute 25, 1
   9              		.eabi_attribute 26, 1
  10              		.eabi_attribute 30, 2
  11              		.eabi_attribute 34, 0
  12              		.eabi_attribute 18, 4
  13              		.file	"stm32c0xx_hal_pwr_ex.c"
  14              		.text
  15              	.Ltext0:
  16              		.cfi_sections	.debug_frame
  17              		.file 1 "external/drivers/stm32c0xx/src/stm32c0xx_hal_pwr_ex.c"
  18              		.section	.text.HAL_PWREx_EnableInternalWakeUpLine,"ax",%progbits
  19              		.align	1
  20              		.p2align 2,,3
  21              		.global	HAL_PWREx_EnableInternalWakeUpLine
  22              		.syntax unified
  23              		.code	16
  24              		.thumb_func
  26              	HAL_PWREx_EnableInternalWakeUpLine:
  27              	.LFB214:
   1:external/drivers/stm32c0xx/src/stm32c0xx_hal_pwr_ex.c **** /**
   2:external/drivers/stm32c0xx/src/stm32c0xx_hal_pwr_ex.c ****   ******************************************************************************
   3:external/drivers/stm32c0xx/src/stm32c0xx_hal_pwr_ex.c ****   * @file    stm32c0xx_hal_pwr_ex.c
   4:external/drivers/stm32c0xx/src/stm32c0xx_hal_pwr_ex.c ****   * @author  MCD Application Team
   5:external/drivers/stm32c0xx/src/stm32c0xx_hal_pwr_ex.c ****   * @brief   Extended PWR HAL module driver.
   6:external/drivers/stm32c0xx/src/stm32c0xx_hal_pwr_ex.c ****   *          This file provides firmware functions to manage the following
   7:external/drivers/stm32c0xx/src/stm32c0xx_hal_pwr_ex.c ****   *          functionalities of the Power Controller (PWR) peripheral:
   8:external/drivers/stm32c0xx/src/stm32c0xx_hal_pwr_ex.c ****   *           + Extended Initialization and de-initialization functions
   9:external/drivers/stm32c0xx/src/stm32c0xx_hal_pwr_ex.c ****   *           + Extended Peripheral Control functions
  10:external/drivers/stm32c0xx/src/stm32c0xx_hal_pwr_ex.c ****   *
  11:external/drivers/stm32c0xx/src/stm32c0xx_hal_pwr_ex.c ****   ******************************************************************************
  12:external/drivers/stm32c0xx/src/stm32c0xx_hal_pwr_ex.c ****   * @attention
  13:external/drivers/stm32c0xx/src/stm32c0xx_hal_pwr_ex.c ****   *
  14:external/drivers/stm32c0xx/src/stm32c0xx_hal_pwr_ex.c ****   * Copyright (c) 2022 STMicroelectronics.
  15:external/drivers/stm32c0xx/src/stm32c0xx_hal_pwr_ex.c ****   * All rights reserved.
  16:external/drivers/stm32c0xx/src/stm32c0xx_hal_pwr_ex.c ****   *
  17:external/drivers/stm32c0xx/src/stm32c0xx_hal_pwr_ex.c ****   * This software is licensed under terms that can be found in the LICENSE file
  18:external/drivers/stm32c0xx/src/stm32c0xx_hal_pwr_ex.c ****   * in the root directory of this software component.
  19:external/drivers/stm32c0xx/src/stm32c0xx_hal_pwr_ex.c ****   * If no LICENSE file comes with this software, it is provided AS-IS.
  20:external/drivers/stm32c0xx/src/stm32c0xx_hal_pwr_ex.c ****   *
  21:external/drivers/stm32c0xx/src/stm32c0xx_hal_pwr_ex.c ****   ******************************************************************************
  22:external/drivers/stm32c0xx/src/stm32c0xx_hal_pwr_ex.c ****   */
  23:external/drivers/stm32c0xx/src/stm32c0xx_hal_pwr_ex.c **** 
  24:external/drivers/stm32c0xx/src/stm32c0xx_hal_pwr_ex.c **** /* Includes ------------------------------------------------------------------*/
  25:external/drivers/stm32c0xx/src/stm32c0xx_hal_pwr_ex.c **** #include "stm32c0xx_hal.h"
  26:external/drivers/stm32c0xx/src/stm32c0xx_hal_pwr_ex.c **** 
  27:external/drivers/stm32c0xx/src/stm32c0xx_hal_pwr_ex.c **** /** @addtogroup STM32C0xx_HAL_Driver
  28:external/drivers/stm32c0xx/src/stm32c0xx_hal_pwr_ex.c ****   * @{
  29:external/drivers/stm32c0xx/src/stm32c0xx_hal_pwr_ex.c ****   */
  30:external/drivers/stm32c0xx/src/stm32c0xx_hal_pwr_ex.c **** 
  31:external/drivers/stm32c0xx/src/stm32c0xx_hal_pwr_ex.c **** /** @addtogroup PWREx
ARM GAS  /tmp/ccBgAi4k.s 			page 2


  32:external/drivers/stm32c0xx/src/stm32c0xx_hal_pwr_ex.c ****   * @{
  33:external/drivers/stm32c0xx/src/stm32c0xx_hal_pwr_ex.c ****   */
  34:external/drivers/stm32c0xx/src/stm32c0xx_hal_pwr_ex.c **** 
  35:external/drivers/stm32c0xx/src/stm32c0xx_hal_pwr_ex.c **** #ifdef HAL_PWR_MODULE_ENABLED
  36:external/drivers/stm32c0xx/src/stm32c0xx_hal_pwr_ex.c **** 
  37:external/drivers/stm32c0xx/src/stm32c0xx_hal_pwr_ex.c **** /* Private typedef -----------------------------------------------------------*/
  38:external/drivers/stm32c0xx/src/stm32c0xx_hal_pwr_ex.c **** /* Private define ------------------------------------------------------------*/
  39:external/drivers/stm32c0xx/src/stm32c0xx_hal_pwr_ex.c **** /** @defgroup PWR_Extended_Private_Defines PWR Extended Private Defines
  40:external/drivers/stm32c0xx/src/stm32c0xx_hal_pwr_ex.c ****   * @{
  41:external/drivers/stm32c0xx/src/stm32c0xx_hal_pwr_ex.c ****   */
  42:external/drivers/stm32c0xx/src/stm32c0xx_hal_pwr_ex.c **** 
  43:external/drivers/stm32c0xx/src/stm32c0xx_hal_pwr_ex.c **** /** @defgroup PWREx_Gpio_Pin_Number  PWREx Gpio Pin Number
  44:external/drivers/stm32c0xx/src/stm32c0xx_hal_pwr_ex.c ****   * @{
  45:external/drivers/stm32c0xx/src/stm32c0xx_hal_pwr_ex.c ****   */
  46:external/drivers/stm32c0xx/src/stm32c0xx_hal_pwr_ex.c **** #define PWR_GPIO_PIN_NB                     16u  /*!< Number of gpio pin in bank */
  47:external/drivers/stm32c0xx/src/stm32c0xx_hal_pwr_ex.c **** /**
  48:external/drivers/stm32c0xx/src/stm32c0xx_hal_pwr_ex.c ****   * @}
  49:external/drivers/stm32c0xx/src/stm32c0xx_hal_pwr_ex.c ****   */
  50:external/drivers/stm32c0xx/src/stm32c0xx_hal_pwr_ex.c **** 
  51:external/drivers/stm32c0xx/src/stm32c0xx_hal_pwr_ex.c **** /**
  52:external/drivers/stm32c0xx/src/stm32c0xx_hal_pwr_ex.c ****   * @}
  53:external/drivers/stm32c0xx/src/stm32c0xx_hal_pwr_ex.c ****   */
  54:external/drivers/stm32c0xx/src/stm32c0xx_hal_pwr_ex.c **** 
  55:external/drivers/stm32c0xx/src/stm32c0xx_hal_pwr_ex.c **** /* Private macro -------------------------------------------------------------*/
  56:external/drivers/stm32c0xx/src/stm32c0xx_hal_pwr_ex.c **** /* Private variables ---------------------------------------------------------*/
  57:external/drivers/stm32c0xx/src/stm32c0xx_hal_pwr_ex.c **** /* Private function prototypes -----------------------------------------------*/
  58:external/drivers/stm32c0xx/src/stm32c0xx_hal_pwr_ex.c **** /* Exported functions --------------------------------------------------------*/
  59:external/drivers/stm32c0xx/src/stm32c0xx_hal_pwr_ex.c **** /** @addtogroup PWREx_Exported_Functions PWR Extended Exported Functions
  60:external/drivers/stm32c0xx/src/stm32c0xx_hal_pwr_ex.c ****   * @{
  61:external/drivers/stm32c0xx/src/stm32c0xx_hal_pwr_ex.c ****   */
  62:external/drivers/stm32c0xx/src/stm32c0xx_hal_pwr_ex.c **** 
  63:external/drivers/stm32c0xx/src/stm32c0xx_hal_pwr_ex.c **** /** @addtogroup PWREx_Exported_Functions_Group1 Extended Peripheral Control functions
  64:external/drivers/stm32c0xx/src/stm32c0xx_hal_pwr_ex.c ****   *  @brief   Extended Peripheral Control functions
  65:external/drivers/stm32c0xx/src/stm32c0xx_hal_pwr_ex.c ****   *
  66:external/drivers/stm32c0xx/src/stm32c0xx_hal_pwr_ex.c **** @verbatim
  67:external/drivers/stm32c0xx/src/stm32c0xx_hal_pwr_ex.c ****  ===============================================================================
  68:external/drivers/stm32c0xx/src/stm32c0xx_hal_pwr_ex.c ****   ##### Extended Peripheral Initialization and de-initialization functions #####
  69:external/drivers/stm32c0xx/src/stm32c0xx_hal_pwr_ex.c ****  ===============================================================================
  70:external/drivers/stm32c0xx/src/stm32c0xx_hal_pwr_ex.c ****     [..]
  71:external/drivers/stm32c0xx/src/stm32c0xx_hal_pwr_ex.c **** 
  72:external/drivers/stm32c0xx/src/stm32c0xx_hal_pwr_ex.c **** @endverbatim
  73:external/drivers/stm32c0xx/src/stm32c0xx_hal_pwr_ex.c ****   * @{
  74:external/drivers/stm32c0xx/src/stm32c0xx_hal_pwr_ex.c ****   */
  75:external/drivers/stm32c0xx/src/stm32c0xx_hal_pwr_ex.c **** 
  76:external/drivers/stm32c0xx/src/stm32c0xx_hal_pwr_ex.c **** /**
  77:external/drivers/stm32c0xx/src/stm32c0xx_hal_pwr_ex.c ****   * @brief  Enable Internal Wake-up Line.
  78:external/drivers/stm32c0xx/src/stm32c0xx_hal_pwr_ex.c ****   * @retval None
  79:external/drivers/stm32c0xx/src/stm32c0xx_hal_pwr_ex.c ****   */
  80:external/drivers/stm32c0xx/src/stm32c0xx_hal_pwr_ex.c **** void HAL_PWREx_EnableInternalWakeUpLine(void)
  81:external/drivers/stm32c0xx/src/stm32c0xx_hal_pwr_ex.c **** {
  28              		.loc 1 81 1 view -0
  29              		.cfi_startproc
  30              		@ args = 0, pretend = 0, frame = 0
  31              		@ frame_needed = 0, uses_anonymous_args = 0
  32              		@ link register save eliminated.
  82:external/drivers/stm32c0xx/src/stm32c0xx_hal_pwr_ex.c ****   SET_BIT(PWR->CR3, PWR_CR3_EIWUL);
  33              		.loc 1 82 3 view .LVU1
ARM GAS  /tmp/ccBgAi4k.s 			page 3


  34 0000 8023     		movs	r3, #128
  83:external/drivers/stm32c0xx/src/stm32c0xx_hal_pwr_ex.c **** }
  35              		.loc 1 83 1 is_stmt 0 view .LVU2
  36              		@ sp needed
  82:external/drivers/stm32c0xx/src/stm32c0xx_hal_pwr_ex.c ****   SET_BIT(PWR->CR3, PWR_CR3_EIWUL);
  37              		.loc 1 82 3 view .LVU3
  38 0002 034A     		ldr	r2, .L3
  39 0004 1B02     		lsls	r3, r3, #8
  40 0006 9168     		ldr	r1, [r2, #8]
  41 0008 0B43     		orrs	r3, r1
  42 000a 9360     		str	r3, [r2, #8]
  43              		.loc 1 83 1 view .LVU4
  44 000c 7047     		bx	lr
  45              	.L4:
  46 000e C046     		.align	2
  47              	.L3:
  48 0010 00700040 		.word	1073770496
  49              		.cfi_endproc
  50              	.LFE214:
  52              		.section	.text.HAL_PWREx_DisableInternalWakeUpLine,"ax",%progbits
  53              		.align	1
  54              		.p2align 2,,3
  55              		.global	HAL_PWREx_DisableInternalWakeUpLine
  56              		.syntax unified
  57              		.code	16
  58              		.thumb_func
  60              	HAL_PWREx_DisableInternalWakeUpLine:
  61              	.LFB215:
  84:external/drivers/stm32c0xx/src/stm32c0xx_hal_pwr_ex.c **** 
  85:external/drivers/stm32c0xx/src/stm32c0xx_hal_pwr_ex.c **** 
  86:external/drivers/stm32c0xx/src/stm32c0xx_hal_pwr_ex.c **** /**
  87:external/drivers/stm32c0xx/src/stm32c0xx_hal_pwr_ex.c ****   * @brief  Disable Internal Wake-up Line.
  88:external/drivers/stm32c0xx/src/stm32c0xx_hal_pwr_ex.c ****   * @retval None
  89:external/drivers/stm32c0xx/src/stm32c0xx_hal_pwr_ex.c ****   */
  90:external/drivers/stm32c0xx/src/stm32c0xx_hal_pwr_ex.c **** void HAL_PWREx_DisableInternalWakeUpLine(void)
  91:external/drivers/stm32c0xx/src/stm32c0xx_hal_pwr_ex.c **** {
  62              		.loc 1 91 1 is_stmt 1 view -0
  63              		.cfi_startproc
  64              		@ args = 0, pretend = 0, frame = 0
  65              		@ frame_needed = 0, uses_anonymous_args = 0
  66              		@ link register save eliminated.
  92:external/drivers/stm32c0xx/src/stm32c0xx_hal_pwr_ex.c ****   CLEAR_BIT(PWR->CR3, PWR_CR3_EIWUL);
  67              		.loc 1 92 3 view .LVU6
  68 0000 024A     		ldr	r2, .L6
  69 0002 0349     		ldr	r1, .L6+4
  70 0004 9368     		ldr	r3, [r2, #8]
  93:external/drivers/stm32c0xx/src/stm32c0xx_hal_pwr_ex.c **** }
  71              		.loc 1 93 1 is_stmt 0 view .LVU7
  72              		@ sp needed
  92:external/drivers/stm32c0xx/src/stm32c0xx_hal_pwr_ex.c ****   CLEAR_BIT(PWR->CR3, PWR_CR3_EIWUL);
  73              		.loc 1 92 3 view .LVU8
  74 0006 0B40     		ands	r3, r1
  75 0008 9360     		str	r3, [r2, #8]
  76              		.loc 1 93 1 view .LVU9
  77 000a 7047     		bx	lr
  78              	.L7:
  79              		.align	2
ARM GAS  /tmp/ccBgAi4k.s 			page 4


  80              	.L6:
  81 000c 00700040 		.word	1073770496
  82 0010 FF7FFFFF 		.word	-32769
  83              		.cfi_endproc
  84              	.LFE215:
  86              		.section	.text.HAL_PWREx_EnableGPIOPullUp,"ax",%progbits
  87              		.align	1
  88              		.p2align 2,,3
  89              		.global	HAL_PWREx_EnableGPIOPullUp
  90              		.syntax unified
  91              		.code	16
  92              		.thumb_func
  94              	HAL_PWREx_EnableGPIOPullUp:
  95              	.LVL0:
  96              	.LFB216:
  94:external/drivers/stm32c0xx/src/stm32c0xx_hal_pwr_ex.c **** 
  95:external/drivers/stm32c0xx/src/stm32c0xx_hal_pwr_ex.c **** 
  96:external/drivers/stm32c0xx/src/stm32c0xx_hal_pwr_ex.c **** /**
  97:external/drivers/stm32c0xx/src/stm32c0xx_hal_pwr_ex.c ****   * @brief  Enable GPIO pull-up state in Standby and Shutdown modes.
  98:external/drivers/stm32c0xx/src/stm32c0xx_hal_pwr_ex.c ****   * @note   Set the relevant PUy bit of PWR_PUCRx register to configure the I/O in
  99:external/drivers/stm32c0xx/src/stm32c0xx_hal_pwr_ex.c ****   *         pull-up state in Standby and Shutdown modes.
 100:external/drivers/stm32c0xx/src/stm32c0xx_hal_pwr_ex.c ****   * @note   This state is effective in Standby and Shutdown modes only if APC bit
 101:external/drivers/stm32c0xx/src/stm32c0xx_hal_pwr_ex.c ****   *         is set through HAL_PWREx_EnablePullUpPullDownConfig() API.
 102:external/drivers/stm32c0xx/src/stm32c0xx_hal_pwr_ex.c ****   * @note   The configuration is lost when exiting the Shutdown mode due to the
 103:external/drivers/stm32c0xx/src/stm32c0xx_hal_pwr_ex.c ****   *         power-on reset, maintained when exiting the Standby mode.
 104:external/drivers/stm32c0xx/src/stm32c0xx_hal_pwr_ex.c ****   * @note   To avoid any conflict at Standby and Shutdown modes exits, the corresponding
 105:external/drivers/stm32c0xx/src/stm32c0xx_hal_pwr_ex.c ****   *         PDy bit of PWR_PDCRx register is cleared unless it is reserved.
 106:external/drivers/stm32c0xx/src/stm32c0xx_hal_pwr_ex.c ****   * @param  GPIO Specify the IO port. This parameter can be PWR_GPIO_A, ..., PWR_GPIO_F
 107:external/drivers/stm32c0xx/src/stm32c0xx_hal_pwr_ex.c ****   *         to select the GPIO peripheral.
 108:external/drivers/stm32c0xx/src/stm32c0xx_hal_pwr_ex.c ****   * @param  GPIONumber Specify the I/O pins numbers.
 109:external/drivers/stm32c0xx/src/stm32c0xx_hal_pwr_ex.c ****   *         This parameter can be one of the following values:
 110:external/drivers/stm32c0xx/src/stm32c0xx_hal_pwr_ex.c ****   *         PWR_GPIO_BIT_0, ..., PWR_GPIO_BIT_15 (except for ports where less
 111:external/drivers/stm32c0xx/src/stm32c0xx_hal_pwr_ex.c ****   *         I/O pins are available) or the logical OR of several of them to set
 112:external/drivers/stm32c0xx/src/stm32c0xx_hal_pwr_ex.c ****   *         several bits for a given port in a single API call.
 113:external/drivers/stm32c0xx/src/stm32c0xx_hal_pwr_ex.c ****   * @retval HAL Status
 114:external/drivers/stm32c0xx/src/stm32c0xx_hal_pwr_ex.c ****   */
 115:external/drivers/stm32c0xx/src/stm32c0xx_hal_pwr_ex.c **** HAL_StatusTypeDef HAL_PWREx_EnableGPIOPullUp(uint32_t GPIO, uint32_t GPIONumber)
 116:external/drivers/stm32c0xx/src/stm32c0xx_hal_pwr_ex.c **** {
  97              		.loc 1 116 1 is_stmt 1 view -0
  98              		.cfi_startproc
  99              		@ args = 0, pretend = 0, frame = 0
 100              		@ frame_needed = 0, uses_anonymous_args = 0
 101              		@ link register save eliminated.
 117:external/drivers/stm32c0xx/src/stm32c0xx_hal_pwr_ex.c ****   HAL_StatusTypeDef status = HAL_OK;
 102              		.loc 1 117 3 view .LVU11
 118:external/drivers/stm32c0xx/src/stm32c0xx_hal_pwr_ex.c **** 
 119:external/drivers/stm32c0xx/src/stm32c0xx_hal_pwr_ex.c ****   assert_param(IS_PWR_GPIO(GPIO));
 103              		.loc 1 119 3 view .LVU12
 120:external/drivers/stm32c0xx/src/stm32c0xx_hal_pwr_ex.c ****   assert_param(IS_PWR_GPIO_BIT_NUMBER(GPIONumber));
 104              		.loc 1 120 3 view .LVU13
 121:external/drivers/stm32c0xx/src/stm32c0xx_hal_pwr_ex.c **** 
 122:external/drivers/stm32c0xx/src/stm32c0xx_hal_pwr_ex.c ****   switch (GPIO)
 105              		.loc 1 122 3 view .LVU14
 106 0000 0528     		cmp	r0, #5
 107 0002 2CD8     		bhi	.L17
 108 0004 174B     		ldr	r3, .L18
 109 0006 8000     		lsls	r0, r0, #2
ARM GAS  /tmp/ccBgAi4k.s 			page 5


 110              	.LVL1:
 111              		.loc 1 122 3 is_stmt 0 view .LVU15
 112 0008 1B58     		ldr	r3, [r3, r0]
 113 000a 9F46     		mov	pc, r3
 114              		.section	.rodata.HAL_PWREx_EnableGPIOPullUp,"a",%progbits
 115              		.align	2
 116              	.L11:
 117 0000 1E000000 		.word	.L15
 118 0004 2E000000 		.word	.L14
 119 0008 3E000000 		.word	.L13
 120 000c 4E000000 		.word	.L12
 121 0010 5E000000 		.word	.L17
 122 0014 0C000000 		.word	.L10
 123              		.section	.text.HAL_PWREx_EnableGPIOPullUp
 124              	.L10:
 123:external/drivers/stm32c0xx/src/stm32c0xx_hal_pwr_ex.c ****   {
 124:external/drivers/stm32c0xx/src/stm32c0xx_hal_pwr_ex.c ****     case PWR_GPIO_A:
 125:external/drivers/stm32c0xx/src/stm32c0xx_hal_pwr_ex.c ****       SET_BIT(PWR->PUCRA, GPIONumber);
 126:external/drivers/stm32c0xx/src/stm32c0xx_hal_pwr_ex.c ****       CLEAR_BIT(PWR->PDCRA, GPIONumber);
 127:external/drivers/stm32c0xx/src/stm32c0xx_hal_pwr_ex.c ****       break;
 128:external/drivers/stm32c0xx/src/stm32c0xx_hal_pwr_ex.c **** 
 129:external/drivers/stm32c0xx/src/stm32c0xx_hal_pwr_ex.c ****     case PWR_GPIO_B:
 130:external/drivers/stm32c0xx/src/stm32c0xx_hal_pwr_ex.c ****       SET_BIT(PWR->PUCRB, GPIONumber);
 131:external/drivers/stm32c0xx/src/stm32c0xx_hal_pwr_ex.c ****       CLEAR_BIT(PWR->PDCRB, GPIONumber);
 132:external/drivers/stm32c0xx/src/stm32c0xx_hal_pwr_ex.c ****       break;
 133:external/drivers/stm32c0xx/src/stm32c0xx_hal_pwr_ex.c **** 
 134:external/drivers/stm32c0xx/src/stm32c0xx_hal_pwr_ex.c ****     case PWR_GPIO_C:
 135:external/drivers/stm32c0xx/src/stm32c0xx_hal_pwr_ex.c ****       SET_BIT(PWR->PUCRC, GPIONumber);
 136:external/drivers/stm32c0xx/src/stm32c0xx_hal_pwr_ex.c ****       CLEAR_BIT(PWR->PDCRC, GPIONumber);
 137:external/drivers/stm32c0xx/src/stm32c0xx_hal_pwr_ex.c ****       break;
 138:external/drivers/stm32c0xx/src/stm32c0xx_hal_pwr_ex.c **** #if defined (STM32C031xx)
 139:external/drivers/stm32c0xx/src/stm32c0xx_hal_pwr_ex.c ****     case PWR_GPIO_D:
 140:external/drivers/stm32c0xx/src/stm32c0xx_hal_pwr_ex.c ****       SET_BIT(PWR->PUCRD, GPIONumber);
 141:external/drivers/stm32c0xx/src/stm32c0xx_hal_pwr_ex.c ****       CLEAR_BIT(PWR->PDCRD, GPIONumber);
 142:external/drivers/stm32c0xx/src/stm32c0xx_hal_pwr_ex.c ****       break;
 143:external/drivers/stm32c0xx/src/stm32c0xx_hal_pwr_ex.c **** #endif /* STM32C031xx */
 144:external/drivers/stm32c0xx/src/stm32c0xx_hal_pwr_ex.c ****     case PWR_GPIO_F:
 145:external/drivers/stm32c0xx/src/stm32c0xx_hal_pwr_ex.c ****       SET_BIT(PWR->PUCRF, GPIONumber);
 125              		.loc 1 145 7 is_stmt 1 view .LVU16
 126 000c 164B     		ldr	r3, .L18+4
 127 000e 9A6C     		ldr	r2, [r3, #72]
 128 0010 0A43     		orrs	r2, r1
 129 0012 9A64     		str	r2, [r3, #72]
 146:external/drivers/stm32c0xx/src/stm32c0xx_hal_pwr_ex.c ****       CLEAR_BIT(PWR->PDCRF, GPIONumber);
 130              		.loc 1 146 7 view .LVU17
 131 0014 DA6C     		ldr	r2, [r3, #76]
 132 0016 8A43     		bics	r2, r1
 133 0018 DA64     		str	r2, [r3, #76]
 147:external/drivers/stm32c0xx/src/stm32c0xx_hal_pwr_ex.c ****       break;
 134              		.loc 1 147 7 view .LVU18
 135              	.L16:
 117:external/drivers/stm32c0xx/src/stm32c0xx_hal_pwr_ex.c **** 
 136              		.loc 1 117 21 is_stmt 0 view .LVU19
 137 001a 0020     		movs	r0, #0
 138              	.L9:
 139              	.LVL2:
 148:external/drivers/stm32c0xx/src/stm32c0xx_hal_pwr_ex.c **** 
ARM GAS  /tmp/ccBgAi4k.s 			page 6


 149:external/drivers/stm32c0xx/src/stm32c0xx_hal_pwr_ex.c ****     default:
 150:external/drivers/stm32c0xx/src/stm32c0xx_hal_pwr_ex.c ****       status = HAL_ERROR;
 151:external/drivers/stm32c0xx/src/stm32c0xx_hal_pwr_ex.c ****       break;
 152:external/drivers/stm32c0xx/src/stm32c0xx_hal_pwr_ex.c ****   }
 153:external/drivers/stm32c0xx/src/stm32c0xx_hal_pwr_ex.c **** 
 154:external/drivers/stm32c0xx/src/stm32c0xx_hal_pwr_ex.c ****   return status;
 140              		.loc 1 154 3 is_stmt 1 view .LVU20
 155:external/drivers/stm32c0xx/src/stm32c0xx_hal_pwr_ex.c **** }
 141              		.loc 1 155 1 is_stmt 0 view .LVU21
 142              		@ sp needed
 143 001c 7047     		bx	lr
 144              	.LVL3:
 145              	.L15:
 125:external/drivers/stm32c0xx/src/stm32c0xx_hal_pwr_ex.c ****       CLEAR_BIT(PWR->PDCRA, GPIONumber);
 146              		.loc 1 125 7 is_stmt 1 view .LVU22
 147 001e 124B     		ldr	r3, .L18+4
 148 0020 1A6A     		ldr	r2, [r3, #32]
 149 0022 0A43     		orrs	r2, r1
 150 0024 1A62     		str	r2, [r3, #32]
 126:external/drivers/stm32c0xx/src/stm32c0xx_hal_pwr_ex.c ****       break;
 151              		.loc 1 126 7 view .LVU23
 152 0026 5A6A     		ldr	r2, [r3, #36]
 153 0028 8A43     		bics	r2, r1
 154 002a 5A62     		str	r2, [r3, #36]
 127:external/drivers/stm32c0xx/src/stm32c0xx_hal_pwr_ex.c **** 
 155              		.loc 1 127 7 view .LVU24
 156 002c F5E7     		b	.L16
 157              	.L14:
 130:external/drivers/stm32c0xx/src/stm32c0xx_hal_pwr_ex.c ****       CLEAR_BIT(PWR->PDCRB, GPIONumber);
 158              		.loc 1 130 7 view .LVU25
 159 002e 0E4B     		ldr	r3, .L18+4
 160 0030 9A6A     		ldr	r2, [r3, #40]
 161 0032 0A43     		orrs	r2, r1
 162 0034 9A62     		str	r2, [r3, #40]
 131:external/drivers/stm32c0xx/src/stm32c0xx_hal_pwr_ex.c ****       break;
 163              		.loc 1 131 7 view .LVU26
 164 0036 DA6A     		ldr	r2, [r3, #44]
 165 0038 8A43     		bics	r2, r1
 166 003a DA62     		str	r2, [r3, #44]
 132:external/drivers/stm32c0xx/src/stm32c0xx_hal_pwr_ex.c **** 
 167              		.loc 1 132 7 view .LVU27
 168 003c EDE7     		b	.L16
 169              	.L13:
 135:external/drivers/stm32c0xx/src/stm32c0xx_hal_pwr_ex.c ****       CLEAR_BIT(PWR->PDCRC, GPIONumber);
 170              		.loc 1 135 7 view .LVU28
 171 003e 0A4B     		ldr	r3, .L18+4
 172 0040 1A6B     		ldr	r2, [r3, #48]
 173 0042 0A43     		orrs	r2, r1
 174 0044 1A63     		str	r2, [r3, #48]
 136:external/drivers/stm32c0xx/src/stm32c0xx_hal_pwr_ex.c ****       break;
 175              		.loc 1 136 7 view .LVU29
 176 0046 5A6B     		ldr	r2, [r3, #52]
 177 0048 8A43     		bics	r2, r1
 178 004a 5A63     		str	r2, [r3, #52]
 137:external/drivers/stm32c0xx/src/stm32c0xx_hal_pwr_ex.c **** #if defined (STM32C031xx)
 179              		.loc 1 137 7 view .LVU30
 180 004c E5E7     		b	.L16
ARM GAS  /tmp/ccBgAi4k.s 			page 7


 181              	.L12:
 140:external/drivers/stm32c0xx/src/stm32c0xx_hal_pwr_ex.c ****       CLEAR_BIT(PWR->PDCRD, GPIONumber);
 182              		.loc 1 140 7 view .LVU31
 183 004e 064B     		ldr	r3, .L18+4
 184 0050 9A6B     		ldr	r2, [r3, #56]
 185 0052 0A43     		orrs	r2, r1
 186 0054 9A63     		str	r2, [r3, #56]
 141:external/drivers/stm32c0xx/src/stm32c0xx_hal_pwr_ex.c ****       break;
 187              		.loc 1 141 7 view .LVU32
 188 0056 DA6B     		ldr	r2, [r3, #60]
 189 0058 8A43     		bics	r2, r1
 190 005a DA63     		str	r2, [r3, #60]
 142:external/drivers/stm32c0xx/src/stm32c0xx_hal_pwr_ex.c **** #endif /* STM32C031xx */
 191              		.loc 1 142 7 view .LVU33
 192 005c DDE7     		b	.L16
 193              	.L17:
 122:external/drivers/stm32c0xx/src/stm32c0xx_hal_pwr_ex.c ****   {
 194              		.loc 1 122 3 is_stmt 0 view .LVU34
 195 005e 0120     		movs	r0, #1
 196 0060 DCE7     		b	.L9
 197              	.L19:
 198 0062 C046     		.align	2
 199              	.L18:
 200 0064 00000000 		.word	.L11
 201 0068 00700040 		.word	1073770496
 202              		.cfi_endproc
 203              	.LFE216:
 205              		.section	.text.HAL_PWREx_DisableGPIOPullUp,"ax",%progbits
 206              		.align	1
 207              		.p2align 2,,3
 208              		.global	HAL_PWREx_DisableGPIOPullUp
 209              		.syntax unified
 210              		.code	16
 211              		.thumb_func
 213              	HAL_PWREx_DisableGPIOPullUp:
 214              	.LVL4:
 215              	.LFB217:
 156:external/drivers/stm32c0xx/src/stm32c0xx_hal_pwr_ex.c **** 
 157:external/drivers/stm32c0xx/src/stm32c0xx_hal_pwr_ex.c **** 
 158:external/drivers/stm32c0xx/src/stm32c0xx_hal_pwr_ex.c **** /**
 159:external/drivers/stm32c0xx/src/stm32c0xx_hal_pwr_ex.c ****   * @brief  Disable GPIO pull-up state in Standby mode and Shutdown modes.
 160:external/drivers/stm32c0xx/src/stm32c0xx_hal_pwr_ex.c ****   * @note   Reset the relevant PUy bit of PWR_PUCRx register used to configure the I/O
 161:external/drivers/stm32c0xx/src/stm32c0xx_hal_pwr_ex.c ****   *         in pull-up state in Standby and Shutdown modes.
 162:external/drivers/stm32c0xx/src/stm32c0xx_hal_pwr_ex.c ****   * @param  GPIO Specifies the IO port. This parameter can be PWR_GPIO_A, ..., PWR_GPIO_F
 163:external/drivers/stm32c0xx/src/stm32c0xx_hal_pwr_ex.c ****   *         to select the GPIO peripheral.
 164:external/drivers/stm32c0xx/src/stm32c0xx_hal_pwr_ex.c ****   * @param  GPIONumber Specify the I/O pins numbers.
 165:external/drivers/stm32c0xx/src/stm32c0xx_hal_pwr_ex.c ****   *         This parameter can be one of the following values:
 166:external/drivers/stm32c0xx/src/stm32c0xx_hal_pwr_ex.c ****   *         PWR_GPIO_BIT_0, ..., PWR_GPIO_BIT_15 (except for ports where less
 167:external/drivers/stm32c0xx/src/stm32c0xx_hal_pwr_ex.c ****   *         I/O pins are available) or the logical OR of several of them to reset
 168:external/drivers/stm32c0xx/src/stm32c0xx_hal_pwr_ex.c ****   *         several bits for a given port in a single API call.
 169:external/drivers/stm32c0xx/src/stm32c0xx_hal_pwr_ex.c ****   * @retval HAL Status
 170:external/drivers/stm32c0xx/src/stm32c0xx_hal_pwr_ex.c ****   */
 171:external/drivers/stm32c0xx/src/stm32c0xx_hal_pwr_ex.c **** HAL_StatusTypeDef HAL_PWREx_DisableGPIOPullUp(uint32_t GPIO, uint32_t GPIONumber)
 172:external/drivers/stm32c0xx/src/stm32c0xx_hal_pwr_ex.c **** {
 216              		.loc 1 172 1 is_stmt 1 view -0
 217              		.cfi_startproc
 218              		@ args = 0, pretend = 0, frame = 0
ARM GAS  /tmp/ccBgAi4k.s 			page 8


 219              		@ frame_needed = 0, uses_anonymous_args = 0
 220              		@ link register save eliminated.
 173:external/drivers/stm32c0xx/src/stm32c0xx_hal_pwr_ex.c ****   HAL_StatusTypeDef status = HAL_OK;
 221              		.loc 1 173 3 view .LVU36
 174:external/drivers/stm32c0xx/src/stm32c0xx_hal_pwr_ex.c **** 
 175:external/drivers/stm32c0xx/src/stm32c0xx_hal_pwr_ex.c ****   assert_param(IS_PWR_GPIO(GPIO));
 222              		.loc 1 175 3 view .LVU37
 176:external/drivers/stm32c0xx/src/stm32c0xx_hal_pwr_ex.c ****   assert_param(IS_PWR_GPIO_BIT_NUMBER(GPIONumber));
 223              		.loc 1 176 3 view .LVU38
 177:external/drivers/stm32c0xx/src/stm32c0xx_hal_pwr_ex.c **** 
 178:external/drivers/stm32c0xx/src/stm32c0xx_hal_pwr_ex.c ****   switch (GPIO)
 224              		.loc 1 178 3 view .LVU39
 225 0000 0528     		cmp	r0, #5
 226 0002 1DD8     		bhi	.L29
 227 0004 0F4B     		ldr	r3, .L30
 228 0006 8000     		lsls	r0, r0, #2
 229              	.LVL5:
 230              		.loc 1 178 3 is_stmt 0 view .LVU40
 231 0008 1B58     		ldr	r3, [r3, r0]
 232 000a 9F46     		mov	pc, r3
 233              		.section	.rodata.HAL_PWREx_DisableGPIOPullUp,"a",%progbits
 234              		.align	2
 235              	.L23:
 236 0000 18000000 		.word	.L27
 237 0004 22000000 		.word	.L26
 238 0008 2C000000 		.word	.L25
 239 000c 36000000 		.word	.L24
 240 0010 40000000 		.word	.L29
 241 0014 0C000000 		.word	.L22
 242              		.section	.text.HAL_PWREx_DisableGPIOPullUp
 243              	.L22:
 179:external/drivers/stm32c0xx/src/stm32c0xx_hal_pwr_ex.c ****   {
 180:external/drivers/stm32c0xx/src/stm32c0xx_hal_pwr_ex.c ****     case PWR_GPIO_A:
 181:external/drivers/stm32c0xx/src/stm32c0xx_hal_pwr_ex.c ****       CLEAR_BIT(PWR->PUCRA, GPIONumber);
 182:external/drivers/stm32c0xx/src/stm32c0xx_hal_pwr_ex.c ****       break;
 183:external/drivers/stm32c0xx/src/stm32c0xx_hal_pwr_ex.c **** 
 184:external/drivers/stm32c0xx/src/stm32c0xx_hal_pwr_ex.c ****     case PWR_GPIO_B:
 185:external/drivers/stm32c0xx/src/stm32c0xx_hal_pwr_ex.c ****       CLEAR_BIT(PWR->PUCRB, GPIONumber);
 186:external/drivers/stm32c0xx/src/stm32c0xx_hal_pwr_ex.c ****       break;
 187:external/drivers/stm32c0xx/src/stm32c0xx_hal_pwr_ex.c **** 
 188:external/drivers/stm32c0xx/src/stm32c0xx_hal_pwr_ex.c ****     case PWR_GPIO_C:
 189:external/drivers/stm32c0xx/src/stm32c0xx_hal_pwr_ex.c ****       CLEAR_BIT(PWR->PUCRC, GPIONumber);
 190:external/drivers/stm32c0xx/src/stm32c0xx_hal_pwr_ex.c ****       break;
 191:external/drivers/stm32c0xx/src/stm32c0xx_hal_pwr_ex.c **** #if defined (STM32C031xx)
 192:external/drivers/stm32c0xx/src/stm32c0xx_hal_pwr_ex.c ****     case PWR_GPIO_D:
 193:external/drivers/stm32c0xx/src/stm32c0xx_hal_pwr_ex.c ****       CLEAR_BIT(PWR->PUCRD, GPIONumber);
 194:external/drivers/stm32c0xx/src/stm32c0xx_hal_pwr_ex.c ****       break;
 195:external/drivers/stm32c0xx/src/stm32c0xx_hal_pwr_ex.c **** #endif /* STM32C031xx */
 196:external/drivers/stm32c0xx/src/stm32c0xx_hal_pwr_ex.c ****     case PWR_GPIO_F:
 197:external/drivers/stm32c0xx/src/stm32c0xx_hal_pwr_ex.c ****       CLEAR_BIT(PWR->PUCRF, GPIONumber);
 244              		.loc 1 197 7 is_stmt 1 view .LVU41
 245 000c 0E4A     		ldr	r2, .L30+4
 246 000e 936C     		ldr	r3, [r2, #72]
 247 0010 8B43     		bics	r3, r1
 248 0012 9364     		str	r3, [r2, #72]
 198:external/drivers/stm32c0xx/src/stm32c0xx_hal_pwr_ex.c ****       break;
 249              		.loc 1 198 7 view .LVU42
ARM GAS  /tmp/ccBgAi4k.s 			page 9


 250              	.L28:
 173:external/drivers/stm32c0xx/src/stm32c0xx_hal_pwr_ex.c **** 
 251              		.loc 1 173 21 is_stmt 0 view .LVU43
 252 0014 0020     		movs	r0, #0
 253              	.L21:
 254              	.LVL6:
 199:external/drivers/stm32c0xx/src/stm32c0xx_hal_pwr_ex.c **** 
 200:external/drivers/stm32c0xx/src/stm32c0xx_hal_pwr_ex.c ****     default:
 201:external/drivers/stm32c0xx/src/stm32c0xx_hal_pwr_ex.c ****       status = HAL_ERROR;
 202:external/drivers/stm32c0xx/src/stm32c0xx_hal_pwr_ex.c ****       break;
 203:external/drivers/stm32c0xx/src/stm32c0xx_hal_pwr_ex.c ****   }
 204:external/drivers/stm32c0xx/src/stm32c0xx_hal_pwr_ex.c **** 
 205:external/drivers/stm32c0xx/src/stm32c0xx_hal_pwr_ex.c ****   return status;
 255              		.loc 1 205 3 is_stmt 1 view .LVU44
 206:external/drivers/stm32c0xx/src/stm32c0xx_hal_pwr_ex.c **** }
 256              		.loc 1 206 1 is_stmt 0 view .LVU45
 257              		@ sp needed
 258 0016 7047     		bx	lr
 259              	.LVL7:
 260              	.L27:
 181:external/drivers/stm32c0xx/src/stm32c0xx_hal_pwr_ex.c ****       break;
 261              		.loc 1 181 7 is_stmt 1 view .LVU46
 262 0018 0B4A     		ldr	r2, .L30+4
 263 001a 136A     		ldr	r3, [r2, #32]
 264 001c 8B43     		bics	r3, r1
 265 001e 1362     		str	r3, [r2, #32]
 182:external/drivers/stm32c0xx/src/stm32c0xx_hal_pwr_ex.c **** 
 266              		.loc 1 182 7 view .LVU47
 267 0020 F8E7     		b	.L28
 268              	.L26:
 185:external/drivers/stm32c0xx/src/stm32c0xx_hal_pwr_ex.c ****       break;
 269              		.loc 1 185 7 view .LVU48
 270 0022 094A     		ldr	r2, .L30+4
 271 0024 936A     		ldr	r3, [r2, #40]
 272 0026 8B43     		bics	r3, r1
 273 0028 9362     		str	r3, [r2, #40]
 186:external/drivers/stm32c0xx/src/stm32c0xx_hal_pwr_ex.c **** 
 274              		.loc 1 186 7 view .LVU49
 275 002a F3E7     		b	.L28
 276              	.L25:
 189:external/drivers/stm32c0xx/src/stm32c0xx_hal_pwr_ex.c ****       break;
 277              		.loc 1 189 7 view .LVU50
 278 002c 064A     		ldr	r2, .L30+4
 279 002e 136B     		ldr	r3, [r2, #48]
 280 0030 8B43     		bics	r3, r1
 281 0032 1363     		str	r3, [r2, #48]
 190:external/drivers/stm32c0xx/src/stm32c0xx_hal_pwr_ex.c **** #if defined (STM32C031xx)
 282              		.loc 1 190 7 view .LVU51
 283 0034 EEE7     		b	.L28
 284              	.L24:
 193:external/drivers/stm32c0xx/src/stm32c0xx_hal_pwr_ex.c ****       break;
 285              		.loc 1 193 7 view .LVU52
 286 0036 044A     		ldr	r2, .L30+4
 287 0038 936B     		ldr	r3, [r2, #56]
 288 003a 8B43     		bics	r3, r1
 289 003c 9363     		str	r3, [r2, #56]
 194:external/drivers/stm32c0xx/src/stm32c0xx_hal_pwr_ex.c **** #endif /* STM32C031xx */
ARM GAS  /tmp/ccBgAi4k.s 			page 10


 290              		.loc 1 194 7 view .LVU53
 291 003e E9E7     		b	.L28
 292              	.L29:
 178:external/drivers/stm32c0xx/src/stm32c0xx_hal_pwr_ex.c ****   {
 293              		.loc 1 178 3 is_stmt 0 view .LVU54
 294 0040 0120     		movs	r0, #1
 295 0042 E8E7     		b	.L21
 296              	.L31:
 297              		.align	2
 298              	.L30:
 299 0044 00000000 		.word	.L23
 300 0048 00700040 		.word	1073770496
 301              		.cfi_endproc
 302              	.LFE217:
 304              		.section	.text.HAL_PWREx_EnableGPIOPullDown,"ax",%progbits
 305              		.align	1
 306              		.p2align 2,,3
 307              		.global	HAL_PWREx_EnableGPIOPullDown
 308              		.syntax unified
 309              		.code	16
 310              		.thumb_func
 312              	HAL_PWREx_EnableGPIOPullDown:
 313              	.LVL8:
 314              	.LFB218:
 207:external/drivers/stm32c0xx/src/stm32c0xx_hal_pwr_ex.c **** 
 208:external/drivers/stm32c0xx/src/stm32c0xx_hal_pwr_ex.c **** 
 209:external/drivers/stm32c0xx/src/stm32c0xx_hal_pwr_ex.c **** /**
 210:external/drivers/stm32c0xx/src/stm32c0xx_hal_pwr_ex.c ****   * @brief  Enable GPIO pull-down state in Standby and Shutdown modes.
 211:external/drivers/stm32c0xx/src/stm32c0xx_hal_pwr_ex.c ****   * @note   Set the relevant PDy bit of PWR_PDCRx register to configure the I/O in
 212:external/drivers/stm32c0xx/src/stm32c0xx_hal_pwr_ex.c ****   *         pull-down state in Standby and Shutdown modes.
 213:external/drivers/stm32c0xx/src/stm32c0xx_hal_pwr_ex.c ****   * @note   This state is effective in Standby and Shutdown modes only if APC bit
 214:external/drivers/stm32c0xx/src/stm32c0xx_hal_pwr_ex.c ****   *         is set through HAL_PWREx_EnablePullUpPullDownConfig() API.
 215:external/drivers/stm32c0xx/src/stm32c0xx_hal_pwr_ex.c ****   * @note   The configuration is lost when exiting the Shutdown mode due to the
 216:external/drivers/stm32c0xx/src/stm32c0xx_hal_pwr_ex.c ****   *         power-on reset, maintained when exiting the Standby mode.
 217:external/drivers/stm32c0xx/src/stm32c0xx_hal_pwr_ex.c ****   * @note   To avoid any conflict at Standby and Shutdown modes exits, the corresponding
 218:external/drivers/stm32c0xx/src/stm32c0xx_hal_pwr_ex.c ****   *         PUy bit of PWR_PUCRx register is cleared unless it is reserved.
 219:external/drivers/stm32c0xx/src/stm32c0xx_hal_pwr_ex.c ****   * @param  GPIO Specify the IO port. This parameter can be PWR_GPIO_A..PWR_GPIO_F
 220:external/drivers/stm32c0xx/src/stm32c0xx_hal_pwr_ex.c ****   *         to select the GPIO peripheral.
 221:external/drivers/stm32c0xx/src/stm32c0xx_hal_pwr_ex.c ****   * @param  GPIONumber Specify the I/O pins numbers.
 222:external/drivers/stm32c0xx/src/stm32c0xx_hal_pwr_ex.c ****   *         This parameter can be one of the following values:
 223:external/drivers/stm32c0xx/src/stm32c0xx_hal_pwr_ex.c ****   *         PWR_GPIO_BIT_0, ..., PWR_GPIO_BIT_15 (except for ports where less
 224:external/drivers/stm32c0xx/src/stm32c0xx_hal_pwr_ex.c ****   *         I/O pins are available) or the logical OR of several of them to set
 225:external/drivers/stm32c0xx/src/stm32c0xx_hal_pwr_ex.c ****   *         several bits for a given port in a single API call.
 226:external/drivers/stm32c0xx/src/stm32c0xx_hal_pwr_ex.c ****   * @retval HAL Status
 227:external/drivers/stm32c0xx/src/stm32c0xx_hal_pwr_ex.c ****   */
 228:external/drivers/stm32c0xx/src/stm32c0xx_hal_pwr_ex.c **** HAL_StatusTypeDef HAL_PWREx_EnableGPIOPullDown(uint32_t GPIO, uint32_t GPIONumber)
 229:external/drivers/stm32c0xx/src/stm32c0xx_hal_pwr_ex.c **** {
 315              		.loc 1 229 1 is_stmt 1 view -0
 316              		.cfi_startproc
 317              		@ args = 0, pretend = 0, frame = 0
 318              		@ frame_needed = 0, uses_anonymous_args = 0
 319              		@ link register save eliminated.
 230:external/drivers/stm32c0xx/src/stm32c0xx_hal_pwr_ex.c ****   HAL_StatusTypeDef status = HAL_OK;
 320              		.loc 1 230 3 view .LVU56
 231:external/drivers/stm32c0xx/src/stm32c0xx_hal_pwr_ex.c **** 
 232:external/drivers/stm32c0xx/src/stm32c0xx_hal_pwr_ex.c ****   assert_param(IS_PWR_GPIO(GPIO));
 321              		.loc 1 232 3 view .LVU57
ARM GAS  /tmp/ccBgAi4k.s 			page 11


 233:external/drivers/stm32c0xx/src/stm32c0xx_hal_pwr_ex.c ****   assert_param(IS_PWR_GPIO_BIT_NUMBER(GPIONumber));
 322              		.loc 1 233 3 view .LVU58
 234:external/drivers/stm32c0xx/src/stm32c0xx_hal_pwr_ex.c **** 
 235:external/drivers/stm32c0xx/src/stm32c0xx_hal_pwr_ex.c ****   switch (GPIO)
 323              		.loc 1 235 3 view .LVU59
 324 0000 0528     		cmp	r0, #5
 325 0002 2CD8     		bhi	.L41
 326 0004 174B     		ldr	r3, .L42
 327 0006 8000     		lsls	r0, r0, #2
 328              	.LVL9:
 329              		.loc 1 235 3 is_stmt 0 view .LVU60
 330 0008 1B58     		ldr	r3, [r3, r0]
 331 000a 9F46     		mov	pc, r3
 332              		.section	.rodata.HAL_PWREx_EnableGPIOPullDown,"a",%progbits
 333              		.align	2
 334              	.L35:
 335 0000 1E000000 		.word	.L39
 336 0004 2E000000 		.word	.L38
 337 0008 3E000000 		.word	.L37
 338 000c 4E000000 		.word	.L36
 339 0010 5E000000 		.word	.L41
 340 0014 0C000000 		.word	.L34
 341              		.section	.text.HAL_PWREx_EnableGPIOPullDown
 342              	.L34:
 236:external/drivers/stm32c0xx/src/stm32c0xx_hal_pwr_ex.c ****   {
 237:external/drivers/stm32c0xx/src/stm32c0xx_hal_pwr_ex.c ****     case PWR_GPIO_A:
 238:external/drivers/stm32c0xx/src/stm32c0xx_hal_pwr_ex.c ****       SET_BIT(PWR->PDCRA, GPIONumber);
 239:external/drivers/stm32c0xx/src/stm32c0xx_hal_pwr_ex.c ****       CLEAR_BIT(PWR->PUCRA, GPIONumber);
 240:external/drivers/stm32c0xx/src/stm32c0xx_hal_pwr_ex.c ****       break;
 241:external/drivers/stm32c0xx/src/stm32c0xx_hal_pwr_ex.c **** 
 242:external/drivers/stm32c0xx/src/stm32c0xx_hal_pwr_ex.c ****     case PWR_GPIO_B:
 243:external/drivers/stm32c0xx/src/stm32c0xx_hal_pwr_ex.c ****       SET_BIT(PWR->PDCRB, GPIONumber);
 244:external/drivers/stm32c0xx/src/stm32c0xx_hal_pwr_ex.c ****       CLEAR_BIT(PWR->PUCRB, GPIONumber);
 245:external/drivers/stm32c0xx/src/stm32c0xx_hal_pwr_ex.c ****       break;
 246:external/drivers/stm32c0xx/src/stm32c0xx_hal_pwr_ex.c **** 
 247:external/drivers/stm32c0xx/src/stm32c0xx_hal_pwr_ex.c ****     case PWR_GPIO_C:
 248:external/drivers/stm32c0xx/src/stm32c0xx_hal_pwr_ex.c ****       SET_BIT(PWR->PDCRC, GPIONumber);
 249:external/drivers/stm32c0xx/src/stm32c0xx_hal_pwr_ex.c ****       CLEAR_BIT(PWR->PUCRC, GPIONumber);
 250:external/drivers/stm32c0xx/src/stm32c0xx_hal_pwr_ex.c ****       break;
 251:external/drivers/stm32c0xx/src/stm32c0xx_hal_pwr_ex.c **** #if defined (STM32C031xx)
 252:external/drivers/stm32c0xx/src/stm32c0xx_hal_pwr_ex.c ****     case PWR_GPIO_D:
 253:external/drivers/stm32c0xx/src/stm32c0xx_hal_pwr_ex.c ****       SET_BIT(PWR->PDCRD, GPIONumber);
 254:external/drivers/stm32c0xx/src/stm32c0xx_hal_pwr_ex.c ****       CLEAR_BIT(PWR->PUCRD, GPIONumber);
 255:external/drivers/stm32c0xx/src/stm32c0xx_hal_pwr_ex.c ****       break;
 256:external/drivers/stm32c0xx/src/stm32c0xx_hal_pwr_ex.c **** #endif /* STM32C031xx */
 257:external/drivers/stm32c0xx/src/stm32c0xx_hal_pwr_ex.c ****     case PWR_GPIO_F:
 258:external/drivers/stm32c0xx/src/stm32c0xx_hal_pwr_ex.c ****       SET_BIT(PWR->PDCRF, GPIONumber);
 343              		.loc 1 258 7 is_stmt 1 view .LVU61
 344 000c 164B     		ldr	r3, .L42+4
 345 000e DA6C     		ldr	r2, [r3, #76]
 346 0010 0A43     		orrs	r2, r1
 347 0012 DA64     		str	r2, [r3, #76]
 259:external/drivers/stm32c0xx/src/stm32c0xx_hal_pwr_ex.c ****       CLEAR_BIT(PWR->PUCRF, GPIONumber);
 348              		.loc 1 259 7 view .LVU62
 349 0014 9A6C     		ldr	r2, [r3, #72]
 350 0016 8A43     		bics	r2, r1
 351 0018 9A64     		str	r2, [r3, #72]
ARM GAS  /tmp/ccBgAi4k.s 			page 12


 260:external/drivers/stm32c0xx/src/stm32c0xx_hal_pwr_ex.c ****       break;
 352              		.loc 1 260 7 view .LVU63
 353              	.L40:
 230:external/drivers/stm32c0xx/src/stm32c0xx_hal_pwr_ex.c **** 
 354              		.loc 1 230 21 is_stmt 0 view .LVU64
 355 001a 0020     		movs	r0, #0
 356              	.L33:
 357              	.LVL10:
 261:external/drivers/stm32c0xx/src/stm32c0xx_hal_pwr_ex.c **** 
 262:external/drivers/stm32c0xx/src/stm32c0xx_hal_pwr_ex.c ****     default:
 263:external/drivers/stm32c0xx/src/stm32c0xx_hal_pwr_ex.c ****       status = HAL_ERROR;
 264:external/drivers/stm32c0xx/src/stm32c0xx_hal_pwr_ex.c ****       break;
 265:external/drivers/stm32c0xx/src/stm32c0xx_hal_pwr_ex.c ****   }
 266:external/drivers/stm32c0xx/src/stm32c0xx_hal_pwr_ex.c **** 
 267:external/drivers/stm32c0xx/src/stm32c0xx_hal_pwr_ex.c ****   return status;
 358              		.loc 1 267 3 is_stmt 1 view .LVU65
 268:external/drivers/stm32c0xx/src/stm32c0xx_hal_pwr_ex.c **** }
 359              		.loc 1 268 1 is_stmt 0 view .LVU66
 360              		@ sp needed
 361 001c 7047     		bx	lr
 362              	.LVL11:
 363              	.L39:
 238:external/drivers/stm32c0xx/src/stm32c0xx_hal_pwr_ex.c ****       CLEAR_BIT(PWR->PUCRA, GPIONumber);
 364              		.loc 1 238 7 is_stmt 1 view .LVU67
 365 001e 124B     		ldr	r3, .L42+4
 366 0020 5A6A     		ldr	r2, [r3, #36]
 367 0022 0A43     		orrs	r2, r1
 368 0024 5A62     		str	r2, [r3, #36]
 239:external/drivers/stm32c0xx/src/stm32c0xx_hal_pwr_ex.c ****       break;
 369              		.loc 1 239 7 view .LVU68
 370 0026 1A6A     		ldr	r2, [r3, #32]
 371 0028 8A43     		bics	r2, r1
 372 002a 1A62     		str	r2, [r3, #32]
 240:external/drivers/stm32c0xx/src/stm32c0xx_hal_pwr_ex.c **** 
 373              		.loc 1 240 7 view .LVU69
 374 002c F5E7     		b	.L40
 375              	.L38:
 243:external/drivers/stm32c0xx/src/stm32c0xx_hal_pwr_ex.c ****       CLEAR_BIT(PWR->PUCRB, GPIONumber);
 376              		.loc 1 243 7 view .LVU70
 377 002e 0E4B     		ldr	r3, .L42+4
 378 0030 DA6A     		ldr	r2, [r3, #44]
 379 0032 0A43     		orrs	r2, r1
 380 0034 DA62     		str	r2, [r3, #44]
 244:external/drivers/stm32c0xx/src/stm32c0xx_hal_pwr_ex.c ****       break;
 381              		.loc 1 244 7 view .LVU71
 382 0036 9A6A     		ldr	r2, [r3, #40]
 383 0038 8A43     		bics	r2, r1
 384 003a 9A62     		str	r2, [r3, #40]
 245:external/drivers/stm32c0xx/src/stm32c0xx_hal_pwr_ex.c **** 
 385              		.loc 1 245 7 view .LVU72
 386 003c EDE7     		b	.L40
 387              	.L37:
 248:external/drivers/stm32c0xx/src/stm32c0xx_hal_pwr_ex.c ****       CLEAR_BIT(PWR->PUCRC, GPIONumber);
 388              		.loc 1 248 7 view .LVU73
 389 003e 0A4B     		ldr	r3, .L42+4
 390 0040 5A6B     		ldr	r2, [r3, #52]
 391 0042 0A43     		orrs	r2, r1
ARM GAS  /tmp/ccBgAi4k.s 			page 13


 392 0044 5A63     		str	r2, [r3, #52]
 249:external/drivers/stm32c0xx/src/stm32c0xx_hal_pwr_ex.c ****       break;
 393              		.loc 1 249 7 view .LVU74
 394 0046 1A6B     		ldr	r2, [r3, #48]
 395 0048 8A43     		bics	r2, r1
 396 004a 1A63     		str	r2, [r3, #48]
 250:external/drivers/stm32c0xx/src/stm32c0xx_hal_pwr_ex.c **** #if defined (STM32C031xx)
 397              		.loc 1 250 7 view .LVU75
 398 004c E5E7     		b	.L40
 399              	.L36:
 253:external/drivers/stm32c0xx/src/stm32c0xx_hal_pwr_ex.c ****       CLEAR_BIT(PWR->PUCRD, GPIONumber);
 400              		.loc 1 253 7 view .LVU76
 401 004e 064B     		ldr	r3, .L42+4
 402 0050 DA6B     		ldr	r2, [r3, #60]
 403 0052 0A43     		orrs	r2, r1
 404 0054 DA63     		str	r2, [r3, #60]
 254:external/drivers/stm32c0xx/src/stm32c0xx_hal_pwr_ex.c ****       break;
 405              		.loc 1 254 7 view .LVU77
 406 0056 9A6B     		ldr	r2, [r3, #56]
 407 0058 8A43     		bics	r2, r1
 408 005a 9A63     		str	r2, [r3, #56]
 255:external/drivers/stm32c0xx/src/stm32c0xx_hal_pwr_ex.c **** #endif /* STM32C031xx */
 409              		.loc 1 255 7 view .LVU78
 410 005c DDE7     		b	.L40
 411              	.L41:
 235:external/drivers/stm32c0xx/src/stm32c0xx_hal_pwr_ex.c ****   {
 412              		.loc 1 235 3 is_stmt 0 view .LVU79
 413 005e 0120     		movs	r0, #1
 414 0060 DCE7     		b	.L33
 415              	.L43:
 416 0062 C046     		.align	2
 417              	.L42:
 418 0064 00000000 		.word	.L35
 419 0068 00700040 		.word	1073770496
 420              		.cfi_endproc
 421              	.LFE218:
 423              		.section	.text.HAL_PWREx_DisableGPIOPullDown,"ax",%progbits
 424              		.align	1
 425              		.p2align 2,,3
 426              		.global	HAL_PWREx_DisableGPIOPullDown
 427              		.syntax unified
 428              		.code	16
 429              		.thumb_func
 431              	HAL_PWREx_DisableGPIOPullDown:
 432              	.LVL12:
 433              	.LFB219:
 269:external/drivers/stm32c0xx/src/stm32c0xx_hal_pwr_ex.c **** 
 270:external/drivers/stm32c0xx/src/stm32c0xx_hal_pwr_ex.c **** 
 271:external/drivers/stm32c0xx/src/stm32c0xx_hal_pwr_ex.c **** /**
 272:external/drivers/stm32c0xx/src/stm32c0xx_hal_pwr_ex.c ****   * @brief  Disable GPIO pull-down state in Standby and Shutdown modes.
 273:external/drivers/stm32c0xx/src/stm32c0xx_hal_pwr_ex.c ****   * @note   Reset the relevant PDy bit of PWR_PDCRx register used to configure the I/O
 274:external/drivers/stm32c0xx/src/stm32c0xx_hal_pwr_ex.c ****   *         in pull-down state in Standby and Shutdown modes.
 275:external/drivers/stm32c0xx/src/stm32c0xx_hal_pwr_ex.c ****   * @param  GPIO Specifies the IO port. This parameter can be PWR_GPIO_A..PWR_GPIO_F
 276:external/drivers/stm32c0xx/src/stm32c0xx_hal_pwr_ex.c ****   *         to select the GPIO peripheral.
 277:external/drivers/stm32c0xx/src/stm32c0xx_hal_pwr_ex.c ****   * @param  GPIONumber Specify the I/O pins numbers.
 278:external/drivers/stm32c0xx/src/stm32c0xx_hal_pwr_ex.c ****   *         This parameter can be one of the following values:
 279:external/drivers/stm32c0xx/src/stm32c0xx_hal_pwr_ex.c ****   *         PWR_GPIO_BIT_0, ..., PWR_GPIO_BIT_15 (except for ports where less
ARM GAS  /tmp/ccBgAi4k.s 			page 14


 280:external/drivers/stm32c0xx/src/stm32c0xx_hal_pwr_ex.c ****   *         I/O pins are available) or the logical OR of several of them to reset
 281:external/drivers/stm32c0xx/src/stm32c0xx_hal_pwr_ex.c ****   *         several bits for a given port in a single API call.
 282:external/drivers/stm32c0xx/src/stm32c0xx_hal_pwr_ex.c ****   * @retval HAL Status
 283:external/drivers/stm32c0xx/src/stm32c0xx_hal_pwr_ex.c ****   */
 284:external/drivers/stm32c0xx/src/stm32c0xx_hal_pwr_ex.c **** HAL_StatusTypeDef HAL_PWREx_DisableGPIOPullDown(uint32_t GPIO, uint32_t GPIONumber)
 285:external/drivers/stm32c0xx/src/stm32c0xx_hal_pwr_ex.c **** {
 434              		.loc 1 285 1 is_stmt 1 view -0
 435              		.cfi_startproc
 436              		@ args = 0, pretend = 0, frame = 0
 437              		@ frame_needed = 0, uses_anonymous_args = 0
 438              		@ link register save eliminated.
 286:external/drivers/stm32c0xx/src/stm32c0xx_hal_pwr_ex.c ****   HAL_StatusTypeDef status = HAL_OK;
 439              		.loc 1 286 3 view .LVU81
 287:external/drivers/stm32c0xx/src/stm32c0xx_hal_pwr_ex.c **** 
 288:external/drivers/stm32c0xx/src/stm32c0xx_hal_pwr_ex.c ****   assert_param(IS_PWR_GPIO(GPIO));
 440              		.loc 1 288 3 view .LVU82
 289:external/drivers/stm32c0xx/src/stm32c0xx_hal_pwr_ex.c ****   assert_param(IS_PWR_GPIO_BIT_NUMBER(GPIONumber));
 441              		.loc 1 289 3 view .LVU83
 290:external/drivers/stm32c0xx/src/stm32c0xx_hal_pwr_ex.c **** 
 291:external/drivers/stm32c0xx/src/stm32c0xx_hal_pwr_ex.c ****   switch (GPIO)
 442              		.loc 1 291 3 view .LVU84
 443 0000 0528     		cmp	r0, #5
 444 0002 1DD8     		bhi	.L53
 445 0004 0F4B     		ldr	r3, .L54
 446 0006 8000     		lsls	r0, r0, #2
 447              	.LVL13:
 448              		.loc 1 291 3 is_stmt 0 view .LVU85
 449 0008 1B58     		ldr	r3, [r3, r0]
 450 000a 9F46     		mov	pc, r3
 451              		.section	.rodata.HAL_PWREx_DisableGPIOPullDown,"a",%progbits
 452              		.align	2
 453              	.L47:
 454 0000 18000000 		.word	.L51
 455 0004 22000000 		.word	.L50
 456 0008 2C000000 		.word	.L49
 457 000c 36000000 		.word	.L48
 458 0010 40000000 		.word	.L53
 459 0014 0C000000 		.word	.L46
 460              		.section	.text.HAL_PWREx_DisableGPIOPullDown
 461              	.L46:
 292:external/drivers/stm32c0xx/src/stm32c0xx_hal_pwr_ex.c ****   {
 293:external/drivers/stm32c0xx/src/stm32c0xx_hal_pwr_ex.c ****     case PWR_GPIO_A:
 294:external/drivers/stm32c0xx/src/stm32c0xx_hal_pwr_ex.c ****       CLEAR_BIT(PWR->PDCRA, GPIONumber);
 295:external/drivers/stm32c0xx/src/stm32c0xx_hal_pwr_ex.c ****       break;
 296:external/drivers/stm32c0xx/src/stm32c0xx_hal_pwr_ex.c **** 
 297:external/drivers/stm32c0xx/src/stm32c0xx_hal_pwr_ex.c ****     case PWR_GPIO_B:
 298:external/drivers/stm32c0xx/src/stm32c0xx_hal_pwr_ex.c ****       CLEAR_BIT(PWR->PDCRB, GPIONumber);
 299:external/drivers/stm32c0xx/src/stm32c0xx_hal_pwr_ex.c ****       break;
 300:external/drivers/stm32c0xx/src/stm32c0xx_hal_pwr_ex.c **** 
 301:external/drivers/stm32c0xx/src/stm32c0xx_hal_pwr_ex.c ****     case PWR_GPIO_C:
 302:external/drivers/stm32c0xx/src/stm32c0xx_hal_pwr_ex.c ****       CLEAR_BIT(PWR->PDCRC, GPIONumber);
 303:external/drivers/stm32c0xx/src/stm32c0xx_hal_pwr_ex.c ****       break;
 304:external/drivers/stm32c0xx/src/stm32c0xx_hal_pwr_ex.c **** #if defined (STM32C031xx)
 305:external/drivers/stm32c0xx/src/stm32c0xx_hal_pwr_ex.c ****     case PWR_GPIO_D:
 306:external/drivers/stm32c0xx/src/stm32c0xx_hal_pwr_ex.c ****       CLEAR_BIT(PWR->PDCRD, GPIONumber);
 307:external/drivers/stm32c0xx/src/stm32c0xx_hal_pwr_ex.c ****       break;
 308:external/drivers/stm32c0xx/src/stm32c0xx_hal_pwr_ex.c **** #endif /* STM32C031xx */
ARM GAS  /tmp/ccBgAi4k.s 			page 15


 309:external/drivers/stm32c0xx/src/stm32c0xx_hal_pwr_ex.c ****     case PWR_GPIO_F:
 310:external/drivers/stm32c0xx/src/stm32c0xx_hal_pwr_ex.c ****       CLEAR_BIT(PWR->PDCRF, GPIONumber);
 462              		.loc 1 310 7 is_stmt 1 view .LVU86
 463 000c 0E4A     		ldr	r2, .L54+4
 464 000e D36C     		ldr	r3, [r2, #76]
 465 0010 8B43     		bics	r3, r1
 466 0012 D364     		str	r3, [r2, #76]
 311:external/drivers/stm32c0xx/src/stm32c0xx_hal_pwr_ex.c ****       break;
 467              		.loc 1 311 7 view .LVU87
 468              	.L52:
 286:external/drivers/stm32c0xx/src/stm32c0xx_hal_pwr_ex.c **** 
 469              		.loc 1 286 21 is_stmt 0 view .LVU88
 470 0014 0020     		movs	r0, #0
 471              	.L45:
 472              	.LVL14:
 312:external/drivers/stm32c0xx/src/stm32c0xx_hal_pwr_ex.c **** 
 313:external/drivers/stm32c0xx/src/stm32c0xx_hal_pwr_ex.c ****     default:
 314:external/drivers/stm32c0xx/src/stm32c0xx_hal_pwr_ex.c ****       status = HAL_ERROR;
 315:external/drivers/stm32c0xx/src/stm32c0xx_hal_pwr_ex.c ****       break;
 316:external/drivers/stm32c0xx/src/stm32c0xx_hal_pwr_ex.c ****   }
 317:external/drivers/stm32c0xx/src/stm32c0xx_hal_pwr_ex.c **** 
 318:external/drivers/stm32c0xx/src/stm32c0xx_hal_pwr_ex.c ****   return status;
 473              		.loc 1 318 3 is_stmt 1 view .LVU89
 319:external/drivers/stm32c0xx/src/stm32c0xx_hal_pwr_ex.c **** }
 474              		.loc 1 319 1 is_stmt 0 view .LVU90
 475              		@ sp needed
 476 0016 7047     		bx	lr
 477              	.LVL15:
 478              	.L51:
 294:external/drivers/stm32c0xx/src/stm32c0xx_hal_pwr_ex.c ****       break;
 479              		.loc 1 294 7 is_stmt 1 view .LVU91
 480 0018 0B4A     		ldr	r2, .L54+4
 481 001a 536A     		ldr	r3, [r2, #36]
 482 001c 8B43     		bics	r3, r1
 483 001e 5362     		str	r3, [r2, #36]
 295:external/drivers/stm32c0xx/src/stm32c0xx_hal_pwr_ex.c **** 
 484              		.loc 1 295 7 view .LVU92
 485 0020 F8E7     		b	.L52
 486              	.L50:
 298:external/drivers/stm32c0xx/src/stm32c0xx_hal_pwr_ex.c ****       break;
 487              		.loc 1 298 7 view .LVU93
 488 0022 094A     		ldr	r2, .L54+4
 489 0024 D36A     		ldr	r3, [r2, #44]
 490 0026 8B43     		bics	r3, r1
 491 0028 D362     		str	r3, [r2, #44]
 299:external/drivers/stm32c0xx/src/stm32c0xx_hal_pwr_ex.c **** 
 492              		.loc 1 299 7 view .LVU94
 493 002a F3E7     		b	.L52
 494              	.L49:
 302:external/drivers/stm32c0xx/src/stm32c0xx_hal_pwr_ex.c ****       break;
 495              		.loc 1 302 7 view .LVU95
 496 002c 064A     		ldr	r2, .L54+4
 497 002e 536B     		ldr	r3, [r2, #52]
 498 0030 8B43     		bics	r3, r1
 499 0032 5363     		str	r3, [r2, #52]
 303:external/drivers/stm32c0xx/src/stm32c0xx_hal_pwr_ex.c **** #if defined (STM32C031xx)
 500              		.loc 1 303 7 view .LVU96
ARM GAS  /tmp/ccBgAi4k.s 			page 16


 501 0034 EEE7     		b	.L52
 502              	.L48:
 306:external/drivers/stm32c0xx/src/stm32c0xx_hal_pwr_ex.c ****       break;
 503              		.loc 1 306 7 view .LVU97
 504 0036 044A     		ldr	r2, .L54+4
 505 0038 D36B     		ldr	r3, [r2, #60]
 506 003a 8B43     		bics	r3, r1
 507 003c D363     		str	r3, [r2, #60]
 307:external/drivers/stm32c0xx/src/stm32c0xx_hal_pwr_ex.c **** #endif /* STM32C031xx */
 508              		.loc 1 307 7 view .LVU98
 509 003e E9E7     		b	.L52
 510              	.L53:
 291:external/drivers/stm32c0xx/src/stm32c0xx_hal_pwr_ex.c ****   {
 511              		.loc 1 291 3 is_stmt 0 view .LVU99
 512 0040 0120     		movs	r0, #1
 513 0042 E8E7     		b	.L45
 514              	.L55:
 515              		.align	2
 516              	.L54:
 517 0044 00000000 		.word	.L47
 518 0048 00700040 		.word	1073770496
 519              		.cfi_endproc
 520              	.LFE219:
 522              		.section	.text.HAL_PWREx_EnablePullUpPullDownConfig,"ax",%progbits
 523              		.align	1
 524              		.p2align 2,,3
 525              		.global	HAL_PWREx_EnablePullUpPullDownConfig
 526              		.syntax unified
 527              		.code	16
 528              		.thumb_func
 530              	HAL_PWREx_EnablePullUpPullDownConfig:
 531              	.LFB220:
 320:external/drivers/stm32c0xx/src/stm32c0xx_hal_pwr_ex.c **** 
 321:external/drivers/stm32c0xx/src/stm32c0xx_hal_pwr_ex.c **** 
 322:external/drivers/stm32c0xx/src/stm32c0xx_hal_pwr_ex.c **** /**
 323:external/drivers/stm32c0xx/src/stm32c0xx_hal_pwr_ex.c ****   * @brief  Enable pull-up and pull-down configuration.
 324:external/drivers/stm32c0xx/src/stm32c0xx_hal_pwr_ex.c ****   * @note   When APC bit is set, the I/O pull-up and pull-down configurations defined in
 325:external/drivers/stm32c0xx/src/stm32c0xx_hal_pwr_ex.c ****   *         PWR_PUCRx and PWR_PDCRx registers are applied in Standby and Shutdown modes.
 326:external/drivers/stm32c0xx/src/stm32c0xx_hal_pwr_ex.c ****   * @note   Pull-up set by PUy bit of PWR_PUCRx register is not activated if the corresponding
 327:external/drivers/stm32c0xx/src/stm32c0xx_hal_pwr_ex.c ****   *         PDy bit of PWR_PDCRx register is also set (pull-down configuration priority is higher).
 328:external/drivers/stm32c0xx/src/stm32c0xx_hal_pwr_ex.c ****   *         HAL_PWREx_EnableGPIOPullUp() and HAL_PWREx_EnableGPIOPullDown() APIs ensure there
 329:external/drivers/stm32c0xx/src/stm32c0xx_hal_pwr_ex.c ****   *         is no conflict when setting PUy or PDy bit.
 330:external/drivers/stm32c0xx/src/stm32c0xx_hal_pwr_ex.c ****   * @retval None
 331:external/drivers/stm32c0xx/src/stm32c0xx_hal_pwr_ex.c ****   */
 332:external/drivers/stm32c0xx/src/stm32c0xx_hal_pwr_ex.c **** void HAL_PWREx_EnablePullUpPullDownConfig(void)
 333:external/drivers/stm32c0xx/src/stm32c0xx_hal_pwr_ex.c **** {
 532              		.loc 1 333 1 is_stmt 1 view -0
 533              		.cfi_startproc
 534              		@ args = 0, pretend = 0, frame = 0
 535              		@ frame_needed = 0, uses_anonymous_args = 0
 536              		@ link register save eliminated.
 334:external/drivers/stm32c0xx/src/stm32c0xx_hal_pwr_ex.c ****   SET_BIT(PWR->CR3, PWR_CR3_APC);
 537              		.loc 1 334 3 view .LVU101
 538 0000 8023     		movs	r3, #128
 335:external/drivers/stm32c0xx/src/stm32c0xx_hal_pwr_ex.c **** }
 539              		.loc 1 335 1 is_stmt 0 view .LVU102
 540              		@ sp needed
ARM GAS  /tmp/ccBgAi4k.s 			page 17


 334:external/drivers/stm32c0xx/src/stm32c0xx_hal_pwr_ex.c ****   SET_BIT(PWR->CR3, PWR_CR3_APC);
 541              		.loc 1 334 3 view .LVU103
 542 0002 034A     		ldr	r2, .L57
 543 0004 DB00     		lsls	r3, r3, #3
 544 0006 9168     		ldr	r1, [r2, #8]
 545 0008 0B43     		orrs	r3, r1
 546 000a 9360     		str	r3, [r2, #8]
 547              		.loc 1 335 1 view .LVU104
 548 000c 7047     		bx	lr
 549              	.L58:
 550 000e C046     		.align	2
 551              	.L57:
 552 0010 00700040 		.word	1073770496
 553              		.cfi_endproc
 554              	.LFE220:
 556              		.section	.text.HAL_PWREx_DisablePullUpPullDownConfig,"ax",%progbits
 557              		.align	1
 558              		.p2align 2,,3
 559              		.global	HAL_PWREx_DisablePullUpPullDownConfig
 560              		.syntax unified
 561              		.code	16
 562              		.thumb_func
 564              	HAL_PWREx_DisablePullUpPullDownConfig:
 565              	.LFB221:
 336:external/drivers/stm32c0xx/src/stm32c0xx_hal_pwr_ex.c **** 
 337:external/drivers/stm32c0xx/src/stm32c0xx_hal_pwr_ex.c **** /**
 338:external/drivers/stm32c0xx/src/stm32c0xx_hal_pwr_ex.c ****   * @brief  Disable pull-up and pull-down configuration.
 339:external/drivers/stm32c0xx/src/stm32c0xx_hal_pwr_ex.c ****   * @note   When APC bit is cleared, the I/O pull-up and pull-down configurations defined in
 340:external/drivers/stm32c0xx/src/stm32c0xx_hal_pwr_ex.c ****   *         PWR_PUCRx and PWR_PDCRx registers are not applied in Standby and Shutdown modes.
 341:external/drivers/stm32c0xx/src/stm32c0xx_hal_pwr_ex.c ****   * @retval None
 342:external/drivers/stm32c0xx/src/stm32c0xx_hal_pwr_ex.c ****   */
 343:external/drivers/stm32c0xx/src/stm32c0xx_hal_pwr_ex.c **** void HAL_PWREx_DisablePullUpPullDownConfig(void)
 344:external/drivers/stm32c0xx/src/stm32c0xx_hal_pwr_ex.c **** {
 566              		.loc 1 344 1 is_stmt 1 view -0
 567              		.cfi_startproc
 568              		@ args = 0, pretend = 0, frame = 0
 569              		@ frame_needed = 0, uses_anonymous_args = 0
 570              		@ link register save eliminated.
 345:external/drivers/stm32c0xx/src/stm32c0xx_hal_pwr_ex.c ****   CLEAR_BIT(PWR->CR3, PWR_CR3_APC);
 571              		.loc 1 345 3 view .LVU106
 572 0000 024A     		ldr	r2, .L60
 573 0002 0349     		ldr	r1, .L60+4
 574 0004 9368     		ldr	r3, [r2, #8]
 346:external/drivers/stm32c0xx/src/stm32c0xx_hal_pwr_ex.c **** }
 575              		.loc 1 346 1 is_stmt 0 view .LVU107
 576              		@ sp needed
 345:external/drivers/stm32c0xx/src/stm32c0xx_hal_pwr_ex.c ****   CLEAR_BIT(PWR->CR3, PWR_CR3_APC);
 577              		.loc 1 345 3 view .LVU108
 578 0006 0B40     		ands	r3, r1
 579 0008 9360     		str	r3, [r2, #8]
 580              		.loc 1 346 1 view .LVU109
 581 000a 7047     		bx	lr
 582              	.L61:
 583              		.align	2
 584              	.L60:
 585 000c 00700040 		.word	1073770496
 586 0010 FFFBFFFF 		.word	-1025
ARM GAS  /tmp/ccBgAi4k.s 			page 18


 587              		.cfi_endproc
 588              	.LFE221:
 590              		.section	.text.HAL_PWREx_EnableFlashPowerDown,"ax",%progbits
 591              		.align	1
 592              		.p2align 2,,3
 593              		.global	HAL_PWREx_EnableFlashPowerDown
 594              		.syntax unified
 595              		.code	16
 596              		.thumb_func
 598              	HAL_PWREx_EnableFlashPowerDown:
 599              	.LVL16:
 600              	.LFB222:
 347:external/drivers/stm32c0xx/src/stm32c0xx_hal_pwr_ex.c **** 
 348:external/drivers/stm32c0xx/src/stm32c0xx_hal_pwr_ex.c **** 
 349:external/drivers/stm32c0xx/src/stm32c0xx_hal_pwr_ex.c **** /**
 350:external/drivers/stm32c0xx/src/stm32c0xx_hal_pwr_ex.c ****   * @brief  Enable Flash Power Down.
 351:external/drivers/stm32c0xx/src/stm32c0xx_hal_pwr_ex.c ****   * @note   This API allows to enable flash power down capabilities in sleep and stop modes.
 352:external/drivers/stm32c0xx/src/stm32c0xx_hal_pwr_ex.c ****   * @param  PowerMode this can be a combination of following values:
 353:external/drivers/stm32c0xx/src/stm32c0xx_hal_pwr_ex.c ****   *           @arg @ref PWR_FLASHPD_SLEEP
 354:external/drivers/stm32c0xx/src/stm32c0xx_hal_pwr_ex.c ****   *           @arg @ref PWR_FLASHPD_STOP
 355:external/drivers/stm32c0xx/src/stm32c0xx_hal_pwr_ex.c ****   * @retval None
 356:external/drivers/stm32c0xx/src/stm32c0xx_hal_pwr_ex.c ****   */
 357:external/drivers/stm32c0xx/src/stm32c0xx_hal_pwr_ex.c **** void HAL_PWREx_EnableFlashPowerDown(uint32_t PowerMode)
 358:external/drivers/stm32c0xx/src/stm32c0xx_hal_pwr_ex.c **** {
 601              		.loc 1 358 1 is_stmt 1 view -0
 602              		.cfi_startproc
 603              		@ args = 0, pretend = 0, frame = 0
 604              		@ frame_needed = 0, uses_anonymous_args = 0
 605              		@ link register save eliminated.
 359:external/drivers/stm32c0xx/src/stm32c0xx_hal_pwr_ex.c ****   assert_param(IS_PWR_FLASH_POWERDOWN(PowerMode));
 606              		.loc 1 359 3 view .LVU111
 360:external/drivers/stm32c0xx/src/stm32c0xx_hal_pwr_ex.c **** 
 361:external/drivers/stm32c0xx/src/stm32c0xx_hal_pwr_ex.c ****   PWR->CR1 |= PowerMode;
 607              		.loc 1 361 3 view .LVU112
 608              		.loc 1 361 6 is_stmt 0 view .LVU113
 609 0000 024A     		ldr	r2, .L63
 362:external/drivers/stm32c0xx/src/stm32c0xx_hal_pwr_ex.c **** }
 610              		.loc 1 362 1 view .LVU114
 611              		@ sp needed
 361:external/drivers/stm32c0xx/src/stm32c0xx_hal_pwr_ex.c **** }
 612              		.loc 1 361 6 view .LVU115
 613 0002 1368     		ldr	r3, [r2]
 361:external/drivers/stm32c0xx/src/stm32c0xx_hal_pwr_ex.c **** }
 614              		.loc 1 361 12 view .LVU116
 615 0004 0343     		orrs	r3, r0
 616 0006 1360     		str	r3, [r2]
 617              		.loc 1 362 1 view .LVU117
 618 0008 7047     		bx	lr
 619              	.L64:
 620 000a C046     		.align	2
 621              	.L63:
 622 000c 00700040 		.word	1073770496
 623              		.cfi_endproc
 624              	.LFE222:
 626              		.section	.text.HAL_PWREx_DisableFlashPowerDown,"ax",%progbits
 627              		.align	1
 628              		.p2align 2,,3
ARM GAS  /tmp/ccBgAi4k.s 			page 19


 629              		.global	HAL_PWREx_DisableFlashPowerDown
 630              		.syntax unified
 631              		.code	16
 632              		.thumb_func
 634              	HAL_PWREx_DisableFlashPowerDown:
 635              	.LVL17:
 636              	.LFB223:
 363:external/drivers/stm32c0xx/src/stm32c0xx_hal_pwr_ex.c **** 
 364:external/drivers/stm32c0xx/src/stm32c0xx_hal_pwr_ex.c **** 
 365:external/drivers/stm32c0xx/src/stm32c0xx_hal_pwr_ex.c **** /**
 366:external/drivers/stm32c0xx/src/stm32c0xx_hal_pwr_ex.c ****   * @brief  Disable Flash Power Down.
 367:external/drivers/stm32c0xx/src/stm32c0xx_hal_pwr_ex.c ****   * @note   This API allows to disable flash power down capabilities in sleep and stop modes.
 368:external/drivers/stm32c0xx/src/stm32c0xx_hal_pwr_ex.c ****   * @param  PowerMode this can be a combination of following values:
 369:external/drivers/stm32c0xx/src/stm32c0xx_hal_pwr_ex.c ****   *           @arg @ref PWR_FLASHPD_SLEEP
 370:external/drivers/stm32c0xx/src/stm32c0xx_hal_pwr_ex.c ****   *           @arg @ref PWR_FLASHPD_STOP
 371:external/drivers/stm32c0xx/src/stm32c0xx_hal_pwr_ex.c ****   * @retval None
 372:external/drivers/stm32c0xx/src/stm32c0xx_hal_pwr_ex.c ****   */
 373:external/drivers/stm32c0xx/src/stm32c0xx_hal_pwr_ex.c **** void HAL_PWREx_DisableFlashPowerDown(uint32_t PowerMode)
 374:external/drivers/stm32c0xx/src/stm32c0xx_hal_pwr_ex.c **** {
 637              		.loc 1 374 1 is_stmt 1 view -0
 638              		.cfi_startproc
 639              		@ args = 0, pretend = 0, frame = 0
 640              		@ frame_needed = 0, uses_anonymous_args = 0
 641              		@ link register save eliminated.
 375:external/drivers/stm32c0xx/src/stm32c0xx_hal_pwr_ex.c ****   assert_param(IS_PWR_FLASH_POWERDOWN(PowerMode));
 642              		.loc 1 375 3 view .LVU119
 376:external/drivers/stm32c0xx/src/stm32c0xx_hal_pwr_ex.c **** 
 377:external/drivers/stm32c0xx/src/stm32c0xx_hal_pwr_ex.c ****   PWR->CR1 &= ~PowerMode;
 643              		.loc 1 377 3 view .LVU120
 644              		.loc 1 377 6 is_stmt 0 view .LVU121
 645 0000 024A     		ldr	r2, .L66
 378:external/drivers/stm32c0xx/src/stm32c0xx_hal_pwr_ex.c **** }
 646              		.loc 1 378 1 view .LVU122
 647              		@ sp needed
 377:external/drivers/stm32c0xx/src/stm32c0xx_hal_pwr_ex.c **** }
 648              		.loc 1 377 6 view .LVU123
 649 0002 1368     		ldr	r3, [r2]
 377:external/drivers/stm32c0xx/src/stm32c0xx_hal_pwr_ex.c **** }
 650              		.loc 1 377 12 view .LVU124
 651 0004 8343     		bics	r3, r0
 652 0006 1360     		str	r3, [r2]
 653              		.loc 1 378 1 view .LVU125
 654 0008 7047     		bx	lr
 655              	.L67:
 656 000a C046     		.align	2
 657              	.L66:
 658 000c 00700040 		.word	1073770496
 659              		.cfi_endproc
 660              	.LFE223:
 662              		.section	.text.HAL_PWREx_EnterSHUTDOWNMode,"ax",%progbits
 663              		.align	1
 664              		.p2align 2,,3
 665              		.global	HAL_PWREx_EnterSHUTDOWNMode
 666              		.syntax unified
 667              		.code	16
 668              		.thumb_func
 670              	HAL_PWREx_EnterSHUTDOWNMode:
ARM GAS  /tmp/ccBgAi4k.s 			page 20


 671              	.LFB224:
 379:external/drivers/stm32c0xx/src/stm32c0xx_hal_pwr_ex.c **** 
 380:external/drivers/stm32c0xx/src/stm32c0xx_hal_pwr_ex.c **** 
 381:external/drivers/stm32c0xx/src/stm32c0xx_hal_pwr_ex.c **** /**
 382:external/drivers/stm32c0xx/src/stm32c0xx_hal_pwr_ex.c ****   * @brief  Enter Shutdown mode.
 383:external/drivers/stm32c0xx/src/stm32c0xx_hal_pwr_ex.c ****   * @note   In Shutdown mode, the PLL, the HSI, the LSI and the HSE oscillators are switched
 384:external/drivers/stm32c0xx/src/stm32c0xx_hal_pwr_ex.c ****   *         off. The voltage regulator is disabled and Vcore domain is powered off.
 385:external/drivers/stm32c0xx/src/stm32c0xx_hal_pwr_ex.c ****   *         SRAM and registers contents are lost except for registers in the Backup domain.
 386:external/drivers/stm32c0xx/src/stm32c0xx_hal_pwr_ex.c ****   *         The BOR is not available.
 387:external/drivers/stm32c0xx/src/stm32c0xx_hal_pwr_ex.c ****   * @note   The I/Os can be configured either with a pull-up or pull-down or can
 388:external/drivers/stm32c0xx/src/stm32c0xx_hal_pwr_ex.c ****   *         be kept in analog state.
 389:external/drivers/stm32c0xx/src/stm32c0xx_hal_pwr_ex.c ****   *         HAL_PWREx_EnableGPIOPullUp() and HAL_PWREx_EnableGPIOPullDown()
 390:external/drivers/stm32c0xx/src/stm32c0xx_hal_pwr_ex.c ****   *         respectively enable Pull Up and PullDown state.
 391:external/drivers/stm32c0xx/src/stm32c0xx_hal_pwr_ex.c ****   *         HAL_PWREx_DisableGPIOPullUp() & HAL_PWREx_DisableGPIOPullDown()
 392:external/drivers/stm32c0xx/src/stm32c0xx_hal_pwr_ex.c ****   *         disable the same. These states are effective in Standby mode only if
 393:external/drivers/stm32c0xx/src/stm32c0xx_hal_pwr_ex.c ****   *         APC bit is set through HAL_PWREx_EnablePullUpPullDownConfig() API.
 394:external/drivers/stm32c0xx/src/stm32c0xx_hal_pwr_ex.c ****   * @retval None
 395:external/drivers/stm32c0xx/src/stm32c0xx_hal_pwr_ex.c **** 
 396:external/drivers/stm32c0xx/src/stm32c0xx_hal_pwr_ex.c ****   * @retval None
 397:external/drivers/stm32c0xx/src/stm32c0xx_hal_pwr_ex.c ****   */
 398:external/drivers/stm32c0xx/src/stm32c0xx_hal_pwr_ex.c **** void HAL_PWREx_EnterSHUTDOWNMode(void)
 399:external/drivers/stm32c0xx/src/stm32c0xx_hal_pwr_ex.c **** {
 672              		.loc 1 399 1 is_stmt 1 view -0
 673              		.cfi_startproc
 674              		@ args = 0, pretend = 0, frame = 0
 675              		@ frame_needed = 0, uses_anonymous_args = 0
 676              		@ link register save eliminated.
 400:external/drivers/stm32c0xx/src/stm32c0xx_hal_pwr_ex.c ****   /* Set Shutdown mode */
 401:external/drivers/stm32c0xx/src/stm32c0xx_hal_pwr_ex.c ****   MODIFY_REG(PWR->CR1, PWR_CR1_LPMS, PWR_LOWPOWERMODE_SHUTDOWN);
 677              		.loc 1 401 3 view .LVU127
 678 0000 0721     		movs	r1, #7
 679 0002 064A     		ldr	r2, .L69
 680 0004 1368     		ldr	r3, [r2]
 681 0006 8B43     		bics	r3, r1
 682 0008 0339     		subs	r1, r1, #3
 683 000a 0B43     		orrs	r3, r1
 684 000c 1360     		str	r3, [r2]
 402:external/drivers/stm32c0xx/src/stm32c0xx_hal_pwr_ex.c **** 
 403:external/drivers/stm32c0xx/src/stm32c0xx_hal_pwr_ex.c ****   /* Set SLEEPDEEP bit of Cortex System Control Register */
 404:external/drivers/stm32c0xx/src/stm32c0xx_hal_pwr_ex.c ****   SET_BIT(SCB->SCR, ((uint32_t)SCB_SCR_SLEEPDEEP_Msk));
 685              		.loc 1 404 3 view .LVU128
 686 000e 044A     		ldr	r2, .L69+4
 687 0010 1369     		ldr	r3, [r2, #16]
 688 0012 0B43     		orrs	r3, r1
 689 0014 1361     		str	r3, [r2, #16]
 405:external/drivers/stm32c0xx/src/stm32c0xx_hal_pwr_ex.c **** 
 406:external/drivers/stm32c0xx/src/stm32c0xx_hal_pwr_ex.c ****   /* This option is used to ensure that store operations are completed */
 407:external/drivers/stm32c0xx/src/stm32c0xx_hal_pwr_ex.c **** #if defined ( __CC_ARM)
 408:external/drivers/stm32c0xx/src/stm32c0xx_hal_pwr_ex.c ****   __force_stores();
 409:external/drivers/stm32c0xx/src/stm32c0xx_hal_pwr_ex.c **** #endif /* __CC_ARM */
 410:external/drivers/stm32c0xx/src/stm32c0xx_hal_pwr_ex.c **** 
 411:external/drivers/stm32c0xx/src/stm32c0xx_hal_pwr_ex.c ****   /* Request Wait For Interrupt */
 412:external/drivers/stm32c0xx/src/stm32c0xx_hal_pwr_ex.c ****   __WFI();
 690              		.loc 1 412 3 view .LVU129
 691              		.syntax divided
 692              	@ 412 "external/drivers/stm32c0xx/src/stm32c0xx_hal_pwr_ex.c" 1
 693 0016 30BF     		wfi
ARM GAS  /tmp/ccBgAi4k.s 			page 21


 694              	@ 0 "" 2
 413:external/drivers/stm32c0xx/src/stm32c0xx_hal_pwr_ex.c **** }
 695              		.loc 1 413 1 is_stmt 0 view .LVU130
 696              		.thumb
 697              		.syntax unified
 698              		@ sp needed
 699 0018 7047     		bx	lr
 700              	.L70:
 701 001a C046     		.align	2
 702              	.L69:
 703 001c 00700040 		.word	1073770496
 704 0020 00ED00E0 		.word	-536810240
 705              		.cfi_endproc
 706              	.LFE224:
 708              		.section	.text.HAL_PWREx_BKUPWrite,"ax",%progbits
 709              		.align	1
 710              		.p2align 2,,3
 711              		.global	HAL_PWREx_BKUPWrite
 712              		.syntax unified
 713              		.code	16
 714              		.thumb_func
 716              	HAL_PWREx_BKUPWrite:
 717              	.LVL18:
 718              	.LFB225:
 414:external/drivers/stm32c0xx/src/stm32c0xx_hal_pwr_ex.c **** 
 415:external/drivers/stm32c0xx/src/stm32c0xx_hal_pwr_ex.c **** /**
 416:external/drivers/stm32c0xx/src/stm32c0xx_hal_pwr_ex.c ****   * @}
 417:external/drivers/stm32c0xx/src/stm32c0xx_hal_pwr_ex.c ****   */
 418:external/drivers/stm32c0xx/src/stm32c0xx_hal_pwr_ex.c **** 
 419:external/drivers/stm32c0xx/src/stm32c0xx_hal_pwr_ex.c **** /** @addtogroup PWREx_Exported_Functions_Group2 Extended PWR Backup register functions
 420:external/drivers/stm32c0xx/src/stm32c0xx_hal_pwr_ex.c ****   * @brief      Extended PWR Backup register functions
 421:external/drivers/stm32c0xx/src/stm32c0xx_hal_pwr_ex.c ****   *
 422:external/drivers/stm32c0xx/src/stm32c0xx_hal_pwr_ex.c **** @verbatim
 423:external/drivers/stm32c0xx/src/stm32c0xx_hal_pwr_ex.c ****   ===============================================================================
 424:external/drivers/stm32c0xx/src/stm32c0xx_hal_pwr_ex.c ****              ##### Extended PWR Backup register functions #####
 425:external/drivers/stm32c0xx/src/stm32c0xx_hal_pwr_ex.c ****   ===============================================================================
 426:external/drivers/stm32c0xx/src/stm32c0xx_hal_pwr_ex.c ****   [..]
 427:external/drivers/stm32c0xx/src/stm32c0xx_hal_pwr_ex.c ****    This subsection provides functions allowing to
 428:external/drivers/stm32c0xx/src/stm32c0xx_hal_pwr_ex.c ****    (+) Write a data in a specified PWR Backup data register
 429:external/drivers/stm32c0xx/src/stm32c0xx_hal_pwr_ex.c ****    (+) Read a data in a specified PWR Backup data register
 430:external/drivers/stm32c0xx/src/stm32c0xx_hal_pwr_ex.c **** @endverbatim
 431:external/drivers/stm32c0xx/src/stm32c0xx_hal_pwr_ex.c ****   * @{
 432:external/drivers/stm32c0xx/src/stm32c0xx_hal_pwr_ex.c ****   */
 433:external/drivers/stm32c0xx/src/stm32c0xx_hal_pwr_ex.c **** 
 434:external/drivers/stm32c0xx/src/stm32c0xx_hal_pwr_ex.c **** 
 435:external/drivers/stm32c0xx/src/stm32c0xx_hal_pwr_ex.c **** /**
 436:external/drivers/stm32c0xx/src/stm32c0xx_hal_pwr_ex.c ****   * @brief  Write a data in a specified PWR Backup data register.
 437:external/drivers/stm32c0xx/src/stm32c0xx_hal_pwr_ex.c ****   * @param  BackupRegister PWR Backup data Register number.
 438:external/drivers/stm32c0xx/src/stm32c0xx_hal_pwr_ex.c ****   *          This parameter can be PWR_BKP_DRx where x can be from 0 to PWR_BACKUP_NB
 439:external/drivers/stm32c0xx/src/stm32c0xx_hal_pwr_ex.c ****   * @param  Data Data to be written in the specified Backup data register.
 440:external/drivers/stm32c0xx/src/stm32c0xx_hal_pwr_ex.c ****   * @retval None
 441:external/drivers/stm32c0xx/src/stm32c0xx_hal_pwr_ex.c ****   */
 442:external/drivers/stm32c0xx/src/stm32c0xx_hal_pwr_ex.c **** void HAL_PWREx_BKUPWrite(uint32_t BackupRegister, uint16_t Data)
 443:external/drivers/stm32c0xx/src/stm32c0xx_hal_pwr_ex.c **** {
 719              		.loc 1 443 1 is_stmt 1 view -0
 720              		.cfi_startproc
 721              		@ args = 0, pretend = 0, frame = 0
ARM GAS  /tmp/ccBgAi4k.s 			page 22


 722              		@ frame_needed = 0, uses_anonymous_args = 0
 723              		@ link register save eliminated.
 444:external/drivers/stm32c0xx/src/stm32c0xx_hal_pwr_ex.c ****   uint32_t tmp;
 724              		.loc 1 444 3 view .LVU132
 445:external/drivers/stm32c0xx/src/stm32c0xx_hal_pwr_ex.c **** 
 446:external/drivers/stm32c0xx/src/stm32c0xx_hal_pwr_ex.c ****   /* Check the parameters */
 447:external/drivers/stm32c0xx/src/stm32c0xx_hal_pwr_ex.c ****   assert_param(IS_PWR_BKP(BackupRegister));
 725              		.loc 1 447 3 view .LVU133
 448:external/drivers/stm32c0xx/src/stm32c0xx_hal_pwr_ex.c **** 
 449:external/drivers/stm32c0xx/src/stm32c0xx_hal_pwr_ex.c ****   tmp = (uint32_t) &(PWR->BKP0R);
 726              		.loc 1 449 3 view .LVU134
 450:external/drivers/stm32c0xx/src/stm32c0xx_hal_pwr_ex.c ****   tmp += (BackupRegister * 4U);
 727              		.loc 1 450 3 view .LVU135
 451:external/drivers/stm32c0xx/src/stm32c0xx_hal_pwr_ex.c **** 
 452:external/drivers/stm32c0xx/src/stm32c0xx_hal_pwr_ex.c ****   /* Write the specified register */
 453:external/drivers/stm32c0xx/src/stm32c0xx_hal_pwr_ex.c ****   *(__IO uint32_t *)tmp = (uint16_t)Data;
 728              		.loc 1 453 3 view .LVU136
 450:external/drivers/stm32c0xx/src/stm32c0xx_hal_pwr_ex.c ****   tmp += (BackupRegister * 4U);
 729              		.loc 1 450 7 is_stmt 0 view .LVU137
 730 0000 024B     		ldr	r3, .L72
 450:external/drivers/stm32c0xx/src/stm32c0xx_hal_pwr_ex.c ****   tmp += (BackupRegister * 4U);
 731              		.loc 1 450 26 view .LVU138
 732 0002 8000     		lsls	r0, r0, #2
 733              	.LVL19:
 450:external/drivers/stm32c0xx/src/stm32c0xx_hal_pwr_ex.c ****   tmp += (BackupRegister * 4U);
 734              		.loc 1 450 7 view .LVU139
 735 0004 9C46     		mov	ip, r3
 454:external/drivers/stm32c0xx/src/stm32c0xx_hal_pwr_ex.c **** }
 736              		.loc 1 454 1 view .LVU140
 737              		@ sp needed
 450:external/drivers/stm32c0xx/src/stm32c0xx_hal_pwr_ex.c ****   tmp += (BackupRegister * 4U);
 738              		.loc 1 450 7 view .LVU141
 739 0006 6044     		add	r0, r0, ip
 740              	.LVL20:
 453:external/drivers/stm32c0xx/src/stm32c0xx_hal_pwr_ex.c **** }
 741              		.loc 1 453 25 view .LVU142
 742 0008 0160     		str	r1, [r0]
 743              		.loc 1 454 1 view .LVU143
 744 000a 7047     		bx	lr
 745              	.L73:
 746              		.align	2
 747              	.L72:
 748 000c 70700040 		.word	1073770608
 749              		.cfi_endproc
 750              	.LFE225:
 752              		.section	.text.HAL_PWREx_BKUPRead,"ax",%progbits
 753              		.align	1
 754              		.p2align 2,,3
 755              		.global	HAL_PWREx_BKUPRead
 756              		.syntax unified
 757              		.code	16
 758              		.thumb_func
 760              	HAL_PWREx_BKUPRead:
 761              	.LVL21:
 762              	.LFB226:
 455:external/drivers/stm32c0xx/src/stm32c0xx_hal_pwr_ex.c **** 
 456:external/drivers/stm32c0xx/src/stm32c0xx_hal_pwr_ex.c **** 
ARM GAS  /tmp/ccBgAi4k.s 			page 23


 457:external/drivers/stm32c0xx/src/stm32c0xx_hal_pwr_ex.c **** /**
 458:external/drivers/stm32c0xx/src/stm32c0xx_hal_pwr_ex.c ****   * @brief  Reads data from the specified PWR Backup data Register.
 459:external/drivers/stm32c0xx/src/stm32c0xx_hal_pwr_ex.c ****   * @param  BackupRegister PWR Backup data Register number.
 460:external/drivers/stm32c0xx/src/stm32c0xx_hal_pwr_ex.c ****   *          This parameter can be PWR_BKP_DRx where x can be from 0 to PWR_BACKUP_NB
 461:external/drivers/stm32c0xx/src/stm32c0xx_hal_pwr_ex.c ****   * @retval Read value
 462:external/drivers/stm32c0xx/src/stm32c0xx_hal_pwr_ex.c ****   */
 463:external/drivers/stm32c0xx/src/stm32c0xx_hal_pwr_ex.c **** uint32_t HAL_PWREx_BKUPRead(uint32_t BackupRegister)
 464:external/drivers/stm32c0xx/src/stm32c0xx_hal_pwr_ex.c **** {
 763              		.loc 1 464 1 is_stmt 1 view -0
 764              		.cfi_startproc
 765              		@ args = 0, pretend = 0, frame = 0
 766              		@ frame_needed = 0, uses_anonymous_args = 0
 767              		@ link register save eliminated.
 465:external/drivers/stm32c0xx/src/stm32c0xx_hal_pwr_ex.c ****   uint32_t tmp;
 768              		.loc 1 465 3 view .LVU145
 466:external/drivers/stm32c0xx/src/stm32c0xx_hal_pwr_ex.c **** 
 467:external/drivers/stm32c0xx/src/stm32c0xx_hal_pwr_ex.c ****   /* Check the parameters */
 468:external/drivers/stm32c0xx/src/stm32c0xx_hal_pwr_ex.c ****   assert_param(IS_PWR_BKP(BackupRegister));
 769              		.loc 1 468 3 view .LVU146
 469:external/drivers/stm32c0xx/src/stm32c0xx_hal_pwr_ex.c **** 
 470:external/drivers/stm32c0xx/src/stm32c0xx_hal_pwr_ex.c ****   tmp = (uint32_t) &(PWR->BKP0R);
 770              		.loc 1 470 3 view .LVU147
 471:external/drivers/stm32c0xx/src/stm32c0xx_hal_pwr_ex.c ****   tmp += (BackupRegister * 4U);
 771              		.loc 1 471 3 view .LVU148
 472:external/drivers/stm32c0xx/src/stm32c0xx_hal_pwr_ex.c **** 
 473:external/drivers/stm32c0xx/src/stm32c0xx_hal_pwr_ex.c ****   /* Read the specified register */
 474:external/drivers/stm32c0xx/src/stm32c0xx_hal_pwr_ex.c ****   return (*(__IO uint32_t *)tmp);
 772              		.loc 1 474 3 view .LVU149
 471:external/drivers/stm32c0xx/src/stm32c0xx_hal_pwr_ex.c ****   tmp += (BackupRegister * 4U);
 773              		.loc 1 471 7 is_stmt 0 view .LVU150
 774 0000 024B     		ldr	r3, .L75
 471:external/drivers/stm32c0xx/src/stm32c0xx_hal_pwr_ex.c ****   tmp += (BackupRegister * 4U);
 775              		.loc 1 471 26 view .LVU151
 776 0002 8000     		lsls	r0, r0, #2
 777              	.LVL22:
 471:external/drivers/stm32c0xx/src/stm32c0xx_hal_pwr_ex.c ****   tmp += (BackupRegister * 4U);
 778              		.loc 1 471 7 view .LVU152
 779 0004 9C46     		mov	ip, r3
 475:external/drivers/stm32c0xx/src/stm32c0xx_hal_pwr_ex.c **** }
 780              		.loc 1 475 1 view .LVU153
 781              		@ sp needed
 471:external/drivers/stm32c0xx/src/stm32c0xx_hal_pwr_ex.c ****   tmp += (BackupRegister * 4U);
 782              		.loc 1 471 7 view .LVU154
 783 0006 6044     		add	r0, r0, ip
 784              	.LVL23:
 474:external/drivers/stm32c0xx/src/stm32c0xx_hal_pwr_ex.c **** }
 785              		.loc 1 474 11 view .LVU155
 786 0008 0068     		ldr	r0, [r0]
 787              	.LVL24:
 788              		.loc 1 475 1 view .LVU156
 789 000a 7047     		bx	lr
 790              	.L76:
 791              		.align	2
 792              	.L75:
 793 000c 70700040 		.word	1073770608
 794              		.cfi_endproc
 795              	.LFE226:
ARM GAS  /tmp/ccBgAi4k.s 			page 24


 797              		.text
 798              	.Letext0:
 799              		.file 2 "/usr/lib/gcc/arm-none-eabi/12.2.1/include/stdint.h"
 800              		.file 3 "external/drivers/cmsis/include/core_cm0plus.h"
 801              		.file 4 "external/drivers/cmsis/include/stm32c031xx.h"
 802              		.file 5 "external/drivers/stm32c0xx/include/stm32c0xx_hal_def.h"
ARM GAS  /tmp/ccBgAi4k.s 			page 25


DEFINED SYMBOLS
                            *ABS*:00000000 stm32c0xx_hal_pwr_ex.c
     /tmp/ccBgAi4k.s:19     .text.HAL_PWREx_EnableInternalWakeUpLine:00000000 $t
     /tmp/ccBgAi4k.s:26     .text.HAL_PWREx_EnableInternalWakeUpLine:00000000 HAL_PWREx_EnableInternalWakeUpLine
     /tmp/ccBgAi4k.s:48     .text.HAL_PWREx_EnableInternalWakeUpLine:00000010 $d
     /tmp/ccBgAi4k.s:53     .text.HAL_PWREx_DisableInternalWakeUpLine:00000000 $t
     /tmp/ccBgAi4k.s:60     .text.HAL_PWREx_DisableInternalWakeUpLine:00000000 HAL_PWREx_DisableInternalWakeUpLine
     /tmp/ccBgAi4k.s:81     .text.HAL_PWREx_DisableInternalWakeUpLine:0000000c $d
     /tmp/ccBgAi4k.s:87     .text.HAL_PWREx_EnableGPIOPullUp:00000000 $t
     /tmp/ccBgAi4k.s:94     .text.HAL_PWREx_EnableGPIOPullUp:00000000 HAL_PWREx_EnableGPIOPullUp
     /tmp/ccBgAi4k.s:115    .rodata.HAL_PWREx_EnableGPIOPullUp:00000000 $d
     /tmp/ccBgAi4k.s:200    .text.HAL_PWREx_EnableGPIOPullUp:00000064 $d
     /tmp/ccBgAi4k.s:206    .text.HAL_PWREx_DisableGPIOPullUp:00000000 $t
     /tmp/ccBgAi4k.s:213    .text.HAL_PWREx_DisableGPIOPullUp:00000000 HAL_PWREx_DisableGPIOPullUp
     /tmp/ccBgAi4k.s:234    .rodata.HAL_PWREx_DisableGPIOPullUp:00000000 $d
     /tmp/ccBgAi4k.s:299    .text.HAL_PWREx_DisableGPIOPullUp:00000044 $d
     /tmp/ccBgAi4k.s:305    .text.HAL_PWREx_EnableGPIOPullDown:00000000 $t
     /tmp/ccBgAi4k.s:312    .text.HAL_PWREx_EnableGPIOPullDown:00000000 HAL_PWREx_EnableGPIOPullDown
     /tmp/ccBgAi4k.s:333    .rodata.HAL_PWREx_EnableGPIOPullDown:00000000 $d
     /tmp/ccBgAi4k.s:418    .text.HAL_PWREx_EnableGPIOPullDown:00000064 $d
     /tmp/ccBgAi4k.s:424    .text.HAL_PWREx_DisableGPIOPullDown:00000000 $t
     /tmp/ccBgAi4k.s:431    .text.HAL_PWREx_DisableGPIOPullDown:00000000 HAL_PWREx_DisableGPIOPullDown
     /tmp/ccBgAi4k.s:452    .rodata.HAL_PWREx_DisableGPIOPullDown:00000000 $d
     /tmp/ccBgAi4k.s:517    .text.HAL_PWREx_DisableGPIOPullDown:00000044 $d
     /tmp/ccBgAi4k.s:523    .text.HAL_PWREx_EnablePullUpPullDownConfig:00000000 $t
     /tmp/ccBgAi4k.s:530    .text.HAL_PWREx_EnablePullUpPullDownConfig:00000000 HAL_PWREx_EnablePullUpPullDownConfig
     /tmp/ccBgAi4k.s:552    .text.HAL_PWREx_EnablePullUpPullDownConfig:00000010 $d
     /tmp/ccBgAi4k.s:557    .text.HAL_PWREx_DisablePullUpPullDownConfig:00000000 $t
     /tmp/ccBgAi4k.s:564    .text.HAL_PWREx_DisablePullUpPullDownConfig:00000000 HAL_PWREx_DisablePullUpPullDownConfig
     /tmp/ccBgAi4k.s:585    .text.HAL_PWREx_DisablePullUpPullDownConfig:0000000c $d
     /tmp/ccBgAi4k.s:591    .text.HAL_PWREx_EnableFlashPowerDown:00000000 $t
     /tmp/ccBgAi4k.s:598    .text.HAL_PWREx_EnableFlashPowerDown:00000000 HAL_PWREx_EnableFlashPowerDown
     /tmp/ccBgAi4k.s:622    .text.HAL_PWREx_EnableFlashPowerDown:0000000c $d
     /tmp/ccBgAi4k.s:627    .text.HAL_PWREx_DisableFlashPowerDown:00000000 $t
     /tmp/ccBgAi4k.s:634    .text.HAL_PWREx_DisableFlashPowerDown:00000000 HAL_PWREx_DisableFlashPowerDown
     /tmp/ccBgAi4k.s:658    .text.HAL_PWREx_DisableFlashPowerDown:0000000c $d
     /tmp/ccBgAi4k.s:663    .text.HAL_PWREx_EnterSHUTDOWNMode:00000000 $t
     /tmp/ccBgAi4k.s:670    .text.HAL_PWREx_EnterSHUTDOWNMode:00000000 HAL_PWREx_EnterSHUTDOWNMode
     /tmp/ccBgAi4k.s:703    .text.HAL_PWREx_EnterSHUTDOWNMode:0000001c $d
     /tmp/ccBgAi4k.s:709    .text.HAL_PWREx_BKUPWrite:00000000 $t
     /tmp/ccBgAi4k.s:716    .text.HAL_PWREx_BKUPWrite:00000000 HAL_PWREx_BKUPWrite
     /tmp/ccBgAi4k.s:748    .text.HAL_PWREx_BKUPWrite:0000000c $d
     /tmp/ccBgAi4k.s:753    .text.HAL_PWREx_BKUPRead:00000000 $t
     /tmp/ccBgAi4k.s:760    .text.HAL_PWREx_BKUPRead:00000000 HAL_PWREx_BKUPRead
     /tmp/ccBgAi4k.s:793    .text.HAL_PWREx_BKUPRead:0000000c $d

NO UNDEFINED SYMBOLS
