ARM GAS  /tmp/cckrFnVn.s 			page 1


   1              		.cpu cortex-m0plus
   2              		.arch armv6s-m
   3              		.fpu softvfp
   4              		.eabi_attribute 20, 1
   5              		.eabi_attribute 21, 1
   6              		.eabi_attribute 23, 3
   7              		.eabi_attribute 24, 1
   8              		.eabi_attribute 25, 1
   9              		.eabi_attribute 26, 1
  10              		.eabi_attribute 30, 2
  11              		.eabi_attribute 34, 0
  12              		.eabi_attribute 18, 4
  13              		.file	"stm32c0xx_hal_msp.c"
  14              		.text
  15              	.Ltext0:
  16              		.cfi_sections	.debug_frame
  17              		.file 1 "src/system/stm32c0xx_hal_msp.c"
  18              		.section	.text.HAL_MspInit,"ax",%progbits
  19              		.align	1
  20              		.p2align 2,,3
  21              		.global	HAL_MspInit
  22              		.syntax unified
  23              		.code	16
  24              		.thumb_func
  26              	HAL_MspInit:
  27              	.LFB214:
   1:src/system/stm32c0xx_hal_msp.c **** /* USER CODE BEGIN Header */
   2:src/system/stm32c0xx_hal_msp.c **** /**
   3:src/system/stm32c0xx_hal_msp.c ****   ******************************************************************************
   4:src/system/stm32c0xx_hal_msp.c ****   * @file         stm32c0xx_hal_msp.c
   5:src/system/stm32c0xx_hal_msp.c ****   * @brief        This file provides code for the MSP Initialization
   6:src/system/stm32c0xx_hal_msp.c ****   *               and de-Initialization codes.
   7:src/system/stm32c0xx_hal_msp.c ****   ******************************************************************************
   8:src/system/stm32c0xx_hal_msp.c ****   * @attention
   9:src/system/stm32c0xx_hal_msp.c ****   *
  10:src/system/stm32c0xx_hal_msp.c ****   * Copyright (c) 2025 STMicroelectronics.
  11:src/system/stm32c0xx_hal_msp.c ****   * All rights reserved.
  12:src/system/stm32c0xx_hal_msp.c ****   *
  13:src/system/stm32c0xx_hal_msp.c ****   * This software is licensed under terms that can be found in the LICENSE file
  14:src/system/stm32c0xx_hal_msp.c ****   * in the root directory of this software component.
  15:src/system/stm32c0xx_hal_msp.c ****   * If no LICENSE file comes with this software, it is provided AS-IS.
  16:src/system/stm32c0xx_hal_msp.c ****   *
  17:src/system/stm32c0xx_hal_msp.c ****   ******************************************************************************
  18:src/system/stm32c0xx_hal_msp.c ****   */
  19:src/system/stm32c0xx_hal_msp.c **** /* USER CODE END Header */
  20:src/system/stm32c0xx_hal_msp.c **** 
  21:src/system/stm32c0xx_hal_msp.c **** /* Includes ------------------------------------------------------------------*/
  22:src/system/stm32c0xx_hal_msp.c **** #include "init.h"
  23:src/system/stm32c0xx_hal_msp.c **** 
  24:src/system/stm32c0xx_hal_msp.c **** /* USER CODE BEGIN Includes */
  25:src/system/stm32c0xx_hal_msp.c **** 
  26:src/system/stm32c0xx_hal_msp.c **** /* USER CODE END Includes */
  27:src/system/stm32c0xx_hal_msp.c **** 
  28:src/system/stm32c0xx_hal_msp.c **** /* Private typedef -----------------------------------------------------------*/
  29:src/system/stm32c0xx_hal_msp.c **** /* USER CODE BEGIN TD */
  30:src/system/stm32c0xx_hal_msp.c **** 
  31:src/system/stm32c0xx_hal_msp.c **** /* USER CODE END TD */
ARM GAS  /tmp/cckrFnVn.s 			page 2


  32:src/system/stm32c0xx_hal_msp.c **** 
  33:src/system/stm32c0xx_hal_msp.c **** /* Private define ------------------------------------------------------------*/
  34:src/system/stm32c0xx_hal_msp.c **** /* USER CODE BEGIN Define */
  35:src/system/stm32c0xx_hal_msp.c **** 
  36:src/system/stm32c0xx_hal_msp.c **** /* USER CODE END Define */
  37:src/system/stm32c0xx_hal_msp.c **** 
  38:src/system/stm32c0xx_hal_msp.c **** /* Private macro -------------------------------------------------------------*/
  39:src/system/stm32c0xx_hal_msp.c **** /* USER CODE BEGIN Macro */
  40:src/system/stm32c0xx_hal_msp.c **** 
  41:src/system/stm32c0xx_hal_msp.c **** /* USER CODE END Macro */
  42:src/system/stm32c0xx_hal_msp.c **** 
  43:src/system/stm32c0xx_hal_msp.c **** /* Private variables ---------------------------------------------------------*/
  44:src/system/stm32c0xx_hal_msp.c **** /* USER CODE BEGIN PV */
  45:src/system/stm32c0xx_hal_msp.c **** 
  46:src/system/stm32c0xx_hal_msp.c **** /* USER CODE END PV */
  47:src/system/stm32c0xx_hal_msp.c **** 
  48:src/system/stm32c0xx_hal_msp.c **** /* Private function prototypes -----------------------------------------------*/
  49:src/system/stm32c0xx_hal_msp.c **** /* USER CODE BEGIN PFP */
  50:src/system/stm32c0xx_hal_msp.c **** 
  51:src/system/stm32c0xx_hal_msp.c **** /* USER CODE END PFP */
  52:src/system/stm32c0xx_hal_msp.c **** 
  53:src/system/stm32c0xx_hal_msp.c **** /* External functions --------------------------------------------------------*/
  54:src/system/stm32c0xx_hal_msp.c **** /* USER CODE BEGIN ExternalFunctions */
  55:src/system/stm32c0xx_hal_msp.c **** 
  56:src/system/stm32c0xx_hal_msp.c **** /* USER CODE END ExternalFunctions */
  57:src/system/stm32c0xx_hal_msp.c **** 
  58:src/system/stm32c0xx_hal_msp.c **** /* USER CODE BEGIN 0 */
  59:src/system/stm32c0xx_hal_msp.c **** 
  60:src/system/stm32c0xx_hal_msp.c **** /* USER CODE END 0 */
  61:src/system/stm32c0xx_hal_msp.c **** /**
  62:src/system/stm32c0xx_hal_msp.c ****   * Initializes the Global MSP.
  63:src/system/stm32c0xx_hal_msp.c ****   */
  64:src/system/stm32c0xx_hal_msp.c **** void HAL_MspInit(void)
  65:src/system/stm32c0xx_hal_msp.c **** {
  28              		.loc 1 65 1 view -0
  29              		.cfi_startproc
  30              		@ args = 0, pretend = 0, frame = 8
  31              		@ frame_needed = 0, uses_anonymous_args = 0
  32              		@ link register save eliminated.
  66:src/system/stm32c0xx_hal_msp.c ****   /* USER CODE BEGIN MspInit 0 */
  67:src/system/stm32c0xx_hal_msp.c **** 
  68:src/system/stm32c0xx_hal_msp.c ****   /* USER CODE END MspInit 0 */
  69:src/system/stm32c0xx_hal_msp.c **** 
  70:src/system/stm32c0xx_hal_msp.c ****   __HAL_RCC_SYSCFG_CLK_ENABLE();
  33              		.loc 1 70 3 view .LVU1
  34              	.LBB2:
  35              		.loc 1 70 3 view .LVU2
  36              		.loc 1 70 3 view .LVU3
  37 0000 0122     		movs	r2, #1
  38 0002 0A4B     		ldr	r3, .L3
  39              	.LBE2:
  65:src/system/stm32c0xx_hal_msp.c ****   /* USER CODE BEGIN MspInit 0 */
  40              		.loc 1 65 1 is_stmt 0 view .LVU4
  41 0004 82B0     		sub	sp, sp, #8
  42              	.LCFI0:
  43              		.cfi_def_cfa_offset 8
  44              	.LBB3:
ARM GAS  /tmp/cckrFnVn.s 			page 3


  45              		.loc 1 70 3 view .LVU5
  46 0006 196C     		ldr	r1, [r3, #64]
  47 0008 1143     		orrs	r1, r2
  48 000a 1964     		str	r1, [r3, #64]
  49              		.loc 1 70 3 is_stmt 1 view .LVU6
  50 000c 196C     		ldr	r1, [r3, #64]
  51 000e 0A40     		ands	r2, r1
  52              	.LBE3:
  53              	.LBB4:
  71:src/system/stm32c0xx_hal_msp.c ****   __HAL_RCC_PWR_CLK_ENABLE();
  54              		.loc 1 71 3 is_stmt 0 view .LVU7
  55 0010 8021     		movs	r1, #128
  56              	.LBE4:
  57              	.LBB5:
  70:src/system/stm32c0xx_hal_msp.c ****   __HAL_RCC_PWR_CLK_ENABLE();
  58              		.loc 1 70 3 view .LVU8
  59 0012 0092     		str	r2, [sp]
  70:src/system/stm32c0xx_hal_msp.c ****   __HAL_RCC_PWR_CLK_ENABLE();
  60              		.loc 1 70 3 is_stmt 1 view .LVU9
  61 0014 009A     		ldr	r2, [sp]
  62              	.LBE5:
  70:src/system/stm32c0xx_hal_msp.c ****   __HAL_RCC_PWR_CLK_ENABLE();
  63              		.loc 1 70 3 view .LVU10
  64              		.loc 1 71 3 view .LVU11
  65              	.LBB6:
  66              		.loc 1 71 3 view .LVU12
  67              		.loc 1 71 3 view .LVU13
  68 0016 DA6B     		ldr	r2, [r3, #60]
  69 0018 4905     		lsls	r1, r1, #21
  70 001a 0A43     		orrs	r2, r1
  71 001c DA63     		str	r2, [r3, #60]
  72              		.loc 1 71 3 view .LVU14
  73 001e DB6B     		ldr	r3, [r3, #60]
  74 0020 0B40     		ands	r3, r1
  75 0022 0193     		str	r3, [sp, #4]
  76              		.loc 1 71 3 view .LVU15
  77 0024 019B     		ldr	r3, [sp, #4]
  78              	.LBE6:
  79              		.loc 1 71 3 view .LVU16
  72:src/system/stm32c0xx_hal_msp.c **** 
  73:src/system/stm32c0xx_hal_msp.c ****   /* System interrupt init*/
  74:src/system/stm32c0xx_hal_msp.c **** 
  75:src/system/stm32c0xx_hal_msp.c ****   /* USER CODE BEGIN MspInit 1 */
  76:src/system/stm32c0xx_hal_msp.c **** 
  77:src/system/stm32c0xx_hal_msp.c ****   /* USER CODE END MspInit 1 */
  78:src/system/stm32c0xx_hal_msp.c **** }
  80              		.loc 1 78 1 is_stmt 0 view .LVU17
  81 0026 02B0     		add	sp, sp, #8
  82              		@ sp needed
  83 0028 7047     		bx	lr
  84              	.L4:
  85 002a C046     		.align	2
  86              	.L3:
  87 002c 00100240 		.word	1073876992
  88              		.cfi_endproc
  89              	.LFE214:
  91              		.text
ARM GAS  /tmp/cckrFnVn.s 			page 4


  92              	.Letext0:
  93              		.file 2 "external/drivers/cmsis/include/stm32c031xx.h"
  94              		.file 3 "/usr/lib/gcc/arm-none-eabi/12.2.1/include/stdint.h"
ARM GAS  /tmp/cckrFnVn.s 			page 5


DEFINED SYMBOLS
                            *ABS*:00000000 stm32c0xx_hal_msp.c
     /tmp/cckrFnVn.s:19     .text.HAL_MspInit:00000000 $t
     /tmp/cckrFnVn.s:26     .text.HAL_MspInit:00000000 HAL_MspInit
     /tmp/cckrFnVn.s:87     .text.HAL_MspInit:0000002c $d

NO UNDEFINED SYMBOLS
