ARM GAS  /tmp/cchbyvO2.s 			page 1


   1              		.cpu cortex-m0plus
   2              		.arch armv6s-m
   3              		.fpu softvfp
   4              		.eabi_attribute 20, 1
   5              		.eabi_attribute 21, 1
   6              		.eabi_attribute 23, 3
   7              		.eabi_attribute 24, 1
   8              		.eabi_attribute 25, 1
   9              		.eabi_attribute 26, 1
  10              		.eabi_attribute 30, 1
  11              		.eabi_attribute 34, 0
  12              		.eabi_attribute 18, 4
  13              		.file	"usart.c"
  14              		.text
  15              	.Ltext0:
  16              		.cfi_sections	.debug_frame
  17              		.file 1 "src/system/usart.c"
  18              		.section	.text.MX_USART2_UART_Init,"ax",%progbits
  19              		.align	1
  20              		.global	MX_USART2_UART_Init
  21              		.syntax unified
  22              		.code	16
  23              		.thumb_func
  25              	MX_USART2_UART_Init:
  26              	.LFB214:
   1:src/system/usart.c **** /* USER CODE BEGIN Header */
   2:src/system/usart.c **** /**
   3:src/system/usart.c ****   ******************************************************************************
   4:src/system/usart.c ****   * @file    usart.c
   5:src/system/usart.c ****   * @brief   This file provides code for the configuration
   6:src/system/usart.c ****   *          of the USART instances.
   7:src/system/usart.c ****   ******************************************************************************
   8:src/system/usart.c ****   * @attention
   9:src/system/usart.c ****   *
  10:src/system/usart.c ****   * Copyright (c) 2025 STMicroelectronics.
  11:src/system/usart.c ****   * All rights reserved.
  12:src/system/usart.c ****   *
  13:src/system/usart.c ****   * This software is licensed under terms that can be found in the LICENSE file
  14:src/system/usart.c ****   * in the root directory of this software component.
  15:src/system/usart.c ****   * If no LICENSE file comes with this software, it is provided AS-IS.
  16:src/system/usart.c ****   *
  17:src/system/usart.c ****   ******************************************************************************
  18:src/system/usart.c ****   */
  19:src/system/usart.c **** /* USER CODE END Header */
  20:src/system/usart.c **** /* Includes ------------------------------------------------------------------*/
  21:src/system/usart.c **** #include "usart.h"
  22:src/system/usart.c **** 
  23:src/system/usart.c **** /* USER CODE BEGIN 0 */
  24:src/system/usart.c **** 
  25:src/system/usart.c **** /* USER CODE END 0 */
  26:src/system/usart.c **** 
  27:src/system/usart.c **** UART_HandleTypeDef huart2;
  28:src/system/usart.c **** 
  29:src/system/usart.c **** /* USART2 init function */
  30:src/system/usart.c **** 
  31:src/system/usart.c **** void MX_USART2_UART_Init(void)
  32:src/system/usart.c **** {
ARM GAS  /tmp/cchbyvO2.s 			page 2


  27              		.loc 1 32 1 view -0
  28              		.cfi_startproc
  29              		@ args = 0, pretend = 0, frame = 0
  30              		@ frame_needed = 0, uses_anonymous_args = 0
  31 0000 10B5     		push	{r4, lr}
  32              	.LCFI0:
  33              		.cfi_def_cfa_offset 8
  34              		.cfi_offset 4, -8
  35              		.cfi_offset 14, -4
  33:src/system/usart.c **** 
  34:src/system/usart.c ****   /* USER CODE BEGIN USART2_Init 0 */
  35:src/system/usart.c **** 
  36:src/system/usart.c ****   /* USER CODE END USART2_Init 0 */
  37:src/system/usart.c **** 
  38:src/system/usart.c ****   /* USER CODE BEGIN USART2_Init 1 */
  39:src/system/usart.c **** 
  40:src/system/usart.c ****   /* USER CODE END USART2_Init 1 */
  41:src/system/usart.c ****   huart2.Instance = USART2;
  36              		.loc 1 41 3 view .LVU1
  37              		.loc 1 41 19 is_stmt 0 view .LVU2
  38 0002 0C48     		ldr	r0, .L4
  39 0004 0C4B     		ldr	r3, .L4+4
  40 0006 0360     		str	r3, [r0]
  42:src/system/usart.c ****   huart2.Init.BaudRate = 115200;
  41              		.loc 1 42 3 is_stmt 1 view .LVU3
  42              		.loc 1 42 24 is_stmt 0 view .LVU4
  43 0008 E123     		movs	r3, #225
  44 000a 5B02     		lsls	r3, r3, #9
  45 000c 4360     		str	r3, [r0, #4]
  43:src/system/usart.c ****   huart2.Init.WordLength = UART_WORDLENGTH_8B;
  46              		.loc 1 43 3 is_stmt 1 view .LVU5
  47              		.loc 1 43 26 is_stmt 0 view .LVU6
  48 000e 0023     		movs	r3, #0
  49 0010 8360     		str	r3, [r0, #8]
  44:src/system/usart.c ****   huart2.Init.StopBits = UART_STOPBITS_1;
  50              		.loc 1 44 3 is_stmt 1 view .LVU7
  51              		.loc 1 44 24 is_stmt 0 view .LVU8
  52 0012 C360     		str	r3, [r0, #12]
  45:src/system/usart.c ****   huart2.Init.Parity = UART_PARITY_NONE;
  53              		.loc 1 45 3 is_stmt 1 view .LVU9
  54              		.loc 1 45 22 is_stmt 0 view .LVU10
  55 0014 0361     		str	r3, [r0, #16]
  46:src/system/usart.c ****   huart2.Init.Mode = UART_MODE_TX_RX;
  56              		.loc 1 46 3 is_stmt 1 view .LVU11
  57              		.loc 1 46 20 is_stmt 0 view .LVU12
  58 0016 0C22     		movs	r2, #12
  59 0018 4261     		str	r2, [r0, #20]
  47:src/system/usart.c ****   huart2.Init.HwFlowCtl = UART_HWCONTROL_NONE;
  60              		.loc 1 47 3 is_stmt 1 view .LVU13
  61              		.loc 1 47 25 is_stmt 0 view .LVU14
  62 001a 8361     		str	r3, [r0, #24]
  48:src/system/usart.c ****   huart2.Init.OverSampling = UART_OVERSAMPLING_16;
  63              		.loc 1 48 3 is_stmt 1 view .LVU15
  64              		.loc 1 48 28 is_stmt 0 view .LVU16
  65 001c C361     		str	r3, [r0, #28]
  49:src/system/usart.c ****   huart2.Init.OneBitSampling = UART_ONE_BIT_SAMPLE_DISABLE;
  66              		.loc 1 49 3 is_stmt 1 view .LVU17
ARM GAS  /tmp/cchbyvO2.s 			page 3


  67              		.loc 1 49 30 is_stmt 0 view .LVU18
  68 001e 0362     		str	r3, [r0, #32]
  50:src/system/usart.c ****   huart2.Init.ClockPrescaler = UART_PRESCALER_DIV1;
  69              		.loc 1 50 3 is_stmt 1 view .LVU19
  70              		.loc 1 50 30 is_stmt 0 view .LVU20
  71 0020 4362     		str	r3, [r0, #36]
  51:src/system/usart.c ****   huart2.AdvancedInit.AdvFeatureInit = UART_ADVFEATURE_NO_INIT;
  72              		.loc 1 51 3 is_stmt 1 view .LVU21
  73              		.loc 1 51 38 is_stmt 0 view .LVU22
  74 0022 8362     		str	r3, [r0, #40]
  52:src/system/usart.c ****   if (HAL_UART_Init(&huart2) != HAL_OK)
  75              		.loc 1 52 3 is_stmt 1 view .LVU23
  76              		.loc 1 52 7 is_stmt 0 view .LVU24
  77 0024 FFF7FEFF 		bl	HAL_UART_Init
  78              	.LVL0:
  79              		.loc 1 52 6 view .LVU25
  80 0028 0028     		cmp	r0, #0
  81 002a 00D1     		bne	.L3
  82              	.L1:
  53:src/system/usart.c ****   {
  54:src/system/usart.c ****     Error_Handler();
  55:src/system/usart.c ****   }
  56:src/system/usart.c ****   /* USER CODE BEGIN USART2_Init 2 */
  57:src/system/usart.c **** 
  58:src/system/usart.c ****   /* USER CODE END USART2_Init 2 */
  59:src/system/usart.c **** 
  60:src/system/usart.c **** }
  83              		.loc 1 60 1 view .LVU26
  84              		@ sp needed
  85 002c 10BD     		pop	{r4, pc}
  86              	.L3:
  54:src/system/usart.c ****   }
  87              		.loc 1 54 5 is_stmt 1 view .LVU27
  88 002e FFF7FEFF 		bl	Error_Handler
  89              	.LVL1:
  90              		.loc 1 60 1 is_stmt 0 view .LVU28
  91 0032 FBE7     		b	.L1
  92              	.L5:
  93              		.align	2
  94              	.L4:
  95 0034 00000000 		.word	huart2
  96 0038 00440040 		.word	1073759232
  97              		.cfi_endproc
  98              	.LFE214:
 100              		.section	.text.HAL_UART_MspInit,"ax",%progbits
 101              		.align	1
 102              		.global	HAL_UART_MspInit
 103              		.syntax unified
 104              		.code	16
 105              		.thumb_func
 107              	HAL_UART_MspInit:
 108              	.LVL2:
 109              	.LFB215:
  61:src/system/usart.c **** 
  62:src/system/usart.c **** void HAL_UART_MspInit(UART_HandleTypeDef* uartHandle)
  63:src/system/usart.c **** {
 110              		.loc 1 63 1 is_stmt 1 view -0
ARM GAS  /tmp/cchbyvO2.s 			page 4


 111              		.cfi_startproc
 112              		@ args = 0, pretend = 0, frame = 32
 113              		@ frame_needed = 0, uses_anonymous_args = 0
 114              		.loc 1 63 1 is_stmt 0 view .LVU30
 115 0000 10B5     		push	{r4, lr}
 116              	.LCFI1:
 117              		.cfi_def_cfa_offset 8
 118              		.cfi_offset 4, -8
 119              		.cfi_offset 14, -4
 120 0002 88B0     		sub	sp, sp, #32
 121              	.LCFI2:
 122              		.cfi_def_cfa_offset 40
 123 0004 0400     		movs	r4, r0
  64:src/system/usart.c **** 
  65:src/system/usart.c ****   GPIO_InitTypeDef GPIO_InitStruct = {0};
 124              		.loc 1 65 3 is_stmt 1 view .LVU31
 125              		.loc 1 65 20 is_stmt 0 view .LVU32
 126 0006 1422     		movs	r2, #20
 127 0008 0021     		movs	r1, #0
 128 000a 03A8     		add	r0, sp, #12
 129              	.LVL3:
 130              		.loc 1 65 20 view .LVU33
 131 000c FFF7FEFF 		bl	memset
 132              	.LVL4:
  66:src/system/usart.c ****   if(uartHandle->Instance==USART2)
 133              		.loc 1 66 3 is_stmt 1 view .LVU34
 134              		.loc 1 66 16 is_stmt 0 view .LVU35
 135 0010 2268     		ldr	r2, [r4]
 136              		.loc 1 66 5 view .LVU36
 137 0012 114B     		ldr	r3, .L9
 138 0014 9A42     		cmp	r2, r3
 139 0016 01D0     		beq	.L8
 140              	.L6:
  67:src/system/usart.c ****   {
  68:src/system/usart.c ****   /* USER CODE BEGIN USART2_MspInit 0 */
  69:src/system/usart.c **** 
  70:src/system/usart.c ****   /* USER CODE END USART2_MspInit 0 */
  71:src/system/usart.c ****     /* USART2 clock enable */
  72:src/system/usart.c ****     __HAL_RCC_USART2_CLK_ENABLE();
  73:src/system/usart.c **** 
  74:src/system/usart.c ****     __HAL_RCC_GPIOA_CLK_ENABLE();
  75:src/system/usart.c ****     /**USART2 GPIO Configuration
  76:src/system/usart.c ****     PA3     ------> USART2_RX
  77:src/system/usart.c ****     PA4     ------> USART2_TX
  78:src/system/usart.c ****     */
  79:src/system/usart.c ****     GPIO_InitStruct.Pin = GPIO_PIN_3|GPIO_PIN_4;
  80:src/system/usart.c ****     GPIO_InitStruct.Mode = GPIO_MODE_AF_PP;
  81:src/system/usart.c ****     GPIO_InitStruct.Pull = GPIO_NOPULL;
  82:src/system/usart.c ****     GPIO_InitStruct.Speed = GPIO_SPEED_FREQ_LOW;
  83:src/system/usart.c ****     GPIO_InitStruct.Alternate = GPIO_AF1_USART2;
  84:src/system/usart.c ****     HAL_GPIO_Init(GPIOA, &GPIO_InitStruct);
  85:src/system/usart.c **** 
  86:src/system/usart.c ****   /* USER CODE BEGIN USART2_MspInit 1 */
  87:src/system/usart.c **** 
  88:src/system/usart.c ****   /* USER CODE END USART2_MspInit 1 */
  89:src/system/usart.c ****   }
  90:src/system/usart.c **** }
ARM GAS  /tmp/cchbyvO2.s 			page 5


 141              		.loc 1 90 1 view .LVU37
 142 0018 08B0     		add	sp, sp, #32
 143              		@ sp needed
 144              	.LVL5:
 145              		.loc 1 90 1 view .LVU38
 146 001a 10BD     		pop	{r4, pc}
 147              	.LVL6:
 148              	.L8:
  72:src/system/usart.c **** 
 149              		.loc 1 72 5 is_stmt 1 view .LVU39
 150              	.LBB2:
  72:src/system/usart.c **** 
 151              		.loc 1 72 5 view .LVU40
  72:src/system/usart.c **** 
 152              		.loc 1 72 5 view .LVU41
 153 001c 0F4B     		ldr	r3, .L9+4
 154 001e DA6B     		ldr	r2, [r3, #60]
 155 0020 8021     		movs	r1, #128
 156 0022 8902     		lsls	r1, r1, #10
 157 0024 0A43     		orrs	r2, r1
 158 0026 DA63     		str	r2, [r3, #60]
  72:src/system/usart.c **** 
 159              		.loc 1 72 5 view .LVU42
 160 0028 DA6B     		ldr	r2, [r3, #60]
 161 002a 0A40     		ands	r2, r1
 162 002c 0192     		str	r2, [sp, #4]
  72:src/system/usart.c **** 
 163              		.loc 1 72 5 view .LVU43
 164 002e 019A     		ldr	r2, [sp, #4]
 165              	.LBE2:
  72:src/system/usart.c **** 
 166              		.loc 1 72 5 view .LVU44
  74:src/system/usart.c ****     /**USART2 GPIO Configuration
 167              		.loc 1 74 5 view .LVU45
 168              	.LBB3:
  74:src/system/usart.c ****     /**USART2 GPIO Configuration
 169              		.loc 1 74 5 view .LVU46
  74:src/system/usart.c ****     /**USART2 GPIO Configuration
 170              		.loc 1 74 5 view .LVU47
 171 0030 596B     		ldr	r1, [r3, #52]
 172 0032 0122     		movs	r2, #1
 173 0034 1143     		orrs	r1, r2
 174 0036 5963     		str	r1, [r3, #52]
  74:src/system/usart.c ****     /**USART2 GPIO Configuration
 175              		.loc 1 74 5 view .LVU48
 176 0038 5B6B     		ldr	r3, [r3, #52]
 177 003a 1340     		ands	r3, r2
 178 003c 0293     		str	r3, [sp, #8]
  74:src/system/usart.c ****     /**USART2 GPIO Configuration
 179              		.loc 1 74 5 view .LVU49
 180 003e 029B     		ldr	r3, [sp, #8]
 181              	.LBE3:
  74:src/system/usart.c ****     /**USART2 GPIO Configuration
 182              		.loc 1 74 5 view .LVU50
  79:src/system/usart.c ****     GPIO_InitStruct.Mode = GPIO_MODE_AF_PP;
 183              		.loc 1 79 5 view .LVU51
  79:src/system/usart.c ****     GPIO_InitStruct.Mode = GPIO_MODE_AF_PP;
ARM GAS  /tmp/cchbyvO2.s 			page 6


 184              		.loc 1 79 25 is_stmt 0 view .LVU52
 185 0040 1823     		movs	r3, #24
 186 0042 0393     		str	r3, [sp, #12]
  80:src/system/usart.c ****     GPIO_InitStruct.Pull = GPIO_NOPULL;
 187              		.loc 1 80 5 is_stmt 1 view .LVU53
  80:src/system/usart.c ****     GPIO_InitStruct.Pull = GPIO_NOPULL;
 188              		.loc 1 80 26 is_stmt 0 view .LVU54
 189 0044 163B     		subs	r3, r3, #22
 190 0046 0493     		str	r3, [sp, #16]
  81:src/system/usart.c ****     GPIO_InitStruct.Speed = GPIO_SPEED_FREQ_LOW;
 191              		.loc 1 81 5 is_stmt 1 view .LVU55
  82:src/system/usart.c ****     GPIO_InitStruct.Alternate = GPIO_AF1_USART2;
 192              		.loc 1 82 5 view .LVU56
  83:src/system/usart.c ****     HAL_GPIO_Init(GPIOA, &GPIO_InitStruct);
 193              		.loc 1 83 5 view .LVU57
  83:src/system/usart.c ****     HAL_GPIO_Init(GPIOA, &GPIO_InitStruct);
 194              		.loc 1 83 31 is_stmt 0 view .LVU58
 195 0048 0792     		str	r2, [sp, #28]
  84:src/system/usart.c **** 
 196              		.loc 1 84 5 is_stmt 1 view .LVU59
 197 004a A020     		movs	r0, #160
 198 004c 03A9     		add	r1, sp, #12
 199 004e C005     		lsls	r0, r0, #23
 200 0050 FFF7FEFF 		bl	HAL_GPIO_Init
 201              	.LVL7:
 202              		.loc 1 90 1 is_stmt 0 view .LVU60
 203 0054 E0E7     		b	.L6
 204              	.L10:
 205 0056 C046     		.align	2
 206              	.L9:
 207 0058 00440040 		.word	1073759232
 208 005c 00100240 		.word	1073876992
 209              		.cfi_endproc
 210              	.LFE215:
 212              		.section	.text.HAL_UART_MspDeInit,"ax",%progbits
 213              		.align	1
 214              		.global	HAL_UART_MspDeInit
 215              		.syntax unified
 216              		.code	16
 217              		.thumb_func
 219              	HAL_UART_MspDeInit:
 220              	.LVL8:
 221              	.LFB216:
  91:src/system/usart.c **** 
  92:src/system/usart.c **** void HAL_UART_MspDeInit(UART_HandleTypeDef* uartHandle)
  93:src/system/usart.c **** {
 222              		.loc 1 93 1 is_stmt 1 view -0
 223              		.cfi_startproc
 224              		@ args = 0, pretend = 0, frame = 0
 225              		@ frame_needed = 0, uses_anonymous_args = 0
 226              		.loc 1 93 1 is_stmt 0 view .LVU62
 227 0000 10B5     		push	{r4, lr}
 228              	.LCFI3:
 229              		.cfi_def_cfa_offset 8
 230              		.cfi_offset 4, -8
 231              		.cfi_offset 14, -4
  94:src/system/usart.c **** 
ARM GAS  /tmp/cchbyvO2.s 			page 7


  95:src/system/usart.c ****   if(uartHandle->Instance==USART2)
 232              		.loc 1 95 3 is_stmt 1 view .LVU63
 233              		.loc 1 95 16 is_stmt 0 view .LVU64
 234 0002 0268     		ldr	r2, [r0]
 235              		.loc 1 95 5 view .LVU65
 236 0004 074B     		ldr	r3, .L14
 237 0006 9A42     		cmp	r2, r3
 238 0008 00D0     		beq	.L13
 239              	.LVL9:
 240              	.L11:
  96:src/system/usart.c ****   {
  97:src/system/usart.c ****   /* USER CODE BEGIN USART2_MspDeInit 0 */
  98:src/system/usart.c **** 
  99:src/system/usart.c ****   /* USER CODE END USART2_MspDeInit 0 */
 100:src/system/usart.c ****     /* Peripheral clock disable */
 101:src/system/usart.c ****     __HAL_RCC_USART2_CLK_DISABLE();
 102:src/system/usart.c **** 
 103:src/system/usart.c ****     /**USART2 GPIO Configuration
 104:src/system/usart.c ****     PA3     ------> USART2_RX
 105:src/system/usart.c ****     PA4     ------> USART2_TX
 106:src/system/usart.c ****     */
 107:src/system/usart.c ****     HAL_GPIO_DeInit(GPIOA, GPIO_PIN_3|GPIO_PIN_4);
 108:src/system/usart.c **** 
 109:src/system/usart.c ****   /* USER CODE BEGIN USART2_MspDeInit 1 */
 110:src/system/usart.c **** 
 111:src/system/usart.c ****   /* USER CODE END USART2_MspDeInit 1 */
 112:src/system/usart.c ****   }
 113:src/system/usart.c **** }
 241              		.loc 1 113 1 view .LVU66
 242              		@ sp needed
 243 000a 10BD     		pop	{r4, pc}
 244              	.LVL10:
 245              	.L13:
 101:src/system/usart.c **** 
 246              		.loc 1 101 5 is_stmt 1 view .LVU67
 247 000c 064A     		ldr	r2, .L14+4
 248 000e D36B     		ldr	r3, [r2, #60]
 249 0010 0649     		ldr	r1, .L14+8
 250 0012 0B40     		ands	r3, r1
 251 0014 D363     		str	r3, [r2, #60]
 107:src/system/usart.c **** 
 252              		.loc 1 107 5 view .LVU68
 253 0016 A020     		movs	r0, #160
 254              	.LVL11:
 107:src/system/usart.c **** 
 255              		.loc 1 107 5 is_stmt 0 view .LVU69
 256 0018 1821     		movs	r1, #24
 257 001a C005     		lsls	r0, r0, #23
 258 001c FFF7FEFF 		bl	HAL_GPIO_DeInit
 259              	.LVL12:
 260              		.loc 1 113 1 view .LVU70
 261 0020 F3E7     		b	.L11
 262              	.L15:
 263 0022 C046     		.align	2
 264              	.L14:
 265 0024 00440040 		.word	1073759232
 266 0028 00100240 		.word	1073876992
ARM GAS  /tmp/cchbyvO2.s 			page 8


 267 002c FFFFFDFF 		.word	-131073
 268              		.cfi_endproc
 269              	.LFE216:
 271              		.global	huart2
 272              		.section	.bss.huart2,"aw",%nobits
 273              		.align	2
 276              	huart2:
 277 0000 00000000 		.space	148
 277      00000000 
 277      00000000 
 277      00000000 
 277      00000000 
 278              		.text
 279              	.Letext0:
 280              		.file 2 "/usr/lib/gcc/arm-none-eabi/12.2.1/include/stdint.h"
 281              		.file 3 "external/drivers/cmsis/include/stm32c031xx.h"
 282              		.file 4 "external/drivers/stm32c0xx/include/stm32c0xx_hal_def.h"
 283              		.file 5 "external/drivers/stm32c0xx/include/stm32c0xx_hal_gpio.h"
 284              		.file 6 "external/drivers/stm32c0xx/include/stm32c0xx_hal_dma.h"
 285              		.file 7 "external/drivers/stm32c0xx/include/stm32c0xx_hal_uart.h"
 286              		.file 8 "src/system/usart.h"
 287              		.file 9 "src/system/init.h"
 288              		.file 10 "<built-in>"
ARM GAS  /tmp/cchbyvO2.s 			page 9


DEFINED SYMBOLS
                            *ABS*:00000000 usart.c
     /tmp/cchbyvO2.s:19     .text.MX_USART2_UART_Init:00000000 $t
     /tmp/cchbyvO2.s:25     .text.MX_USART2_UART_Init:00000000 MX_USART2_UART_Init
     /tmp/cchbyvO2.s:95     .text.MX_USART2_UART_Init:00000034 $d
     /tmp/cchbyvO2.s:276    .bss.huart2:00000000 huart2
     /tmp/cchbyvO2.s:101    .text.HAL_UART_MspInit:00000000 $t
     /tmp/cchbyvO2.s:107    .text.HAL_UART_MspInit:00000000 HAL_UART_MspInit
     /tmp/cchbyvO2.s:207    .text.HAL_UART_MspInit:00000058 $d
     /tmp/cchbyvO2.s:213    .text.HAL_UART_MspDeInit:00000000 $t
     /tmp/cchbyvO2.s:219    .text.HAL_UART_MspDeInit:00000000 HAL_UART_MspDeInit
     /tmp/cchbyvO2.s:265    .text.HAL_UART_MspDeInit:00000024 $d
     /tmp/cchbyvO2.s:273    .bss.huart2:00000000 $d

UNDEFINED SYMBOLS
HAL_UART_Init
Error_Handler
memset
HAL_GPIO_Init
HAL_GPIO_DeInit
